Iteration	Posterior	Likelihood	Prior	alpha_morpho	br_len_lambda	rates_morpho[1]	rates_morpho[2]	rates_morpho[3]	rates_morpho[4]	tree_length
0	-13090.96	-12664.62	-426.341	853420.4	1.630109	0.998624	0.999648	1.00035	1.00138	103.0429
10	-10741.03	-10409.11	-331.9159	277831.3	2.098779	0.99759	0.999383	1.00061	1.00241	54.38327
20	-9361.623	-9127.712	-233.9109	147463.1	3.655642	0.996692	0.999153	1.00084	1.00331	28.76744
30	-8518.122	-8373.461	-144.6608	114100.1	8.193342	0.996239	0.999036	1.00096	1.00377	17.69009
40	-8010.052	-7910.152	-99.90032	344774	12.61948	0.997836	0.999446	1.00055	1.00217	13.37887
50	-7720.821	-7653.744	-67.07695	940031.8	15.78095	0.998689	0.999665	1.00033	1.00131	10.85943
60	-7568.715	-7505.415	-63.29943	913068.6	16.14506	0.99867	0.99966	1.00034	1.00133	10.60351
70	-7481.889	-7433.93	-47.9588	758083.4	13.58153	0.99854	0.999627	1.00037	1.00146	9.463508
80	-7442.694	-7394.359	-48.33492	935347	15.62489	0.998686	0.999664	1.00034	1.00131	9.667987
90	-7422.605	-7379.283	-43.32164	442887.5	18.23495	0.998091	0.999512	1.00049	1.00191	9.344495
100	-7442.783	-7401.442	-41.34055	174431.3	17.69948	0.996958	0.999221	1.00078	1.00305	9.250205
110	-7430.824	-7389.535	-41.28818	221419.5	18.10691	0.9973	0.999309	1.00069	1.0027	9.23703
120	-7423.167	-7376.825	-46.34202	142300.7	16.72827	0.996632	0.999137	1.00086	1.00337	9.554693
130	-7421.52	-7381.716	-39.80417	46794.84	15.85052	0.99413	0.998493	1.00149	1.00588	9.134945
140	-7430.239	-7387.1	-43.13953	34440.11	16.22592	0.993159	0.998242	1.00174	1.00686	9.356791
150	-7408.459	-7370.225	-38.23313	34776.95	19.82156	0.993192	0.998251	1.00173	1.00682	9.001452
160	-7409.557	-7374.849	-34.70741	15229.61	18.50068	0.989719	0.99735	1.00261	1.01032	8.867689
170	-7397.431	-7363.15	-34.28077	3648.225	18.87477	0.979034	0.994547	1.0053	1.02112	8.836125
180	-7428.209	-7385.093	-43.11597	24859.3	19.04274	0.99195	0.997929	1.00205	1.00807	9.295293
190	-7424.047	-7383.799	-40.24724	32164.97	22.9558	0.992921	0.998181	1.0018	1.0071	8.862464
200	-7416.061	-7372.824	-43.23717	35494.99	17.95549	0.993261	0.998269	1.00172	1.00675	9.34986
210	-7415.026	-7377.891	-37.13511	354181.2	18.98021	0.997865	0.999454	1.00054	1.00214	8.983565
220	-7405.325	-7376.163	-29.16162	955323.2	21.25737	0.9987	0.999668	1.00033	1.0013	8.482866
230	-7399.992	-7362.575	-37.41693	521435	19.29718	0.99824	0.99955	1.00045	1.00176	8.985504
240	-7413.933	-7382.997	-30.93552	716916.3	17.3318	0.998499	0.999616	1.00038	1.0015	8.655337
250	-7393.097	-7364.948	-28.14805	408061.4	17.22387	0.998011	0.999491	1.00051	1.00199	8.490599
260	-7396.474	-7355.901	-40.57264	882212.6	21.13064	0.998647	0.999654	1.00035	1.00135	9.029404
270	-7379.58	-7351.512	-28.06818	647055.6	16.21003	0.99842	0.999596	1.0004	1.00158	8.426674
280	-7385.937	-7359.068	-26.86919	21573.61	21.98757	0.991359	0.997776	1.0022	1.00867	8.337552
290	-7401.731	-7375.562	-26.16932	49448.5	18.98922	0.99429	0.998534	1.00145	1.00572	8.405757
300	-7384.028	-7348.637	-35.39089	67015.23	16.86374	0.995094	0.998742	1.00125	1.00491	8.903946
310	-7397.38	-7365.165	-32.21578	14803.5	17.57585	0.989572	0.997312	1.00265	1.01047	8.733305
320	-7379.951	-7352.382	-27.56913	126088.6	22.59186	0.996423	0.999083	1.00091	1.00358	8.333386
330	-7399.2	-7363.67	-35.5296	36582.9	17.58005	0.993362	0.998295	1.00169	1.00665	8.921858
340	-7369.908	-7339.708	-30.19998	207621.9	17.55492	0.997212	0.999286	1.00071	1.00279	8.6182
350	-7380.542	-7347.311	-33.23082	473912.4	17.66154	0.998154	0.999528	1.00047	1.00185	8.79177
360	-7368.433	-7338.195	-30.23762	886203.9	15.84609	0.99865	0.999655	1.00034	1.00135	8.530999
370	-7402.114	-7366.717	-35.39622	613207.7	18.69757	0.998377	0.999585	1.00041	1.00162	8.900198
380	-7393.764	-7357.653	-36.1118	855132.2	18.31389	0.998626	0.999649	1.00035	1.00137	8.947648
390	-7373.182	-7341.154	-32.02754	496873.1	17.56414	0.998197	0.999539	1.00046	1.0018	8.722435
400	-7397.191	-7358.268	-38.92225	795784.6	18.55237	0.998575	0.999636	1.00036	1.00143	9.093823
410	-7391.592	-7357.597	-33.99468	591612.2	16.71922	0.998348	0.999577	1.00042	1.00165	8.81625
420	-7389.568	-7355.899	-33.66863	644191.5	19.12676	0.998417	0.999595	1.0004	1.00158	8.796707
430	-7412.775	-7373.507	-39.2674	84083.87	16.82912	0.99562	0.998877	1.00112	1.00439	9.133359
440	-7385.668	-7358.204	-27.46377	222427.3	17.0426	0.997306	0.99931	1.00069	1.0027	8.442933
450	-7374.536	-7349.576	-24.96032	796908.9	19.79321	0.998576	0.999636	1.00036	1.00142	8.332415
460	-7378.875	-7354.758	-24.11687	878665.8	19.12972	0.998644	0.999653	1.00035	1.00136	8.297302
470	-7395.386	-7358.907	-36.47819	289286.7	19.01395	0.997638	0.999395	1.0006	1.00236	8.947759
480	-7395.784	-7369.762	-26.02154	369478.6	18.55453	0.99791	0.999465	1.00053	1.00209	8.398466
490	-7397.937	-7366.692	-31.24579	772053.7	18.79716	0.998554	0.99963	1.00037	1.00145	8.676683
500	-7402.106	-7360.271	-41.83547	69400.26	18.668	0.995179	0.998763	1.00123	1.00483	9.245897
510	-7390.735	-7356.402	-34.33323	851265.5	16.69834	0.998623	0.999648	1.00035	1.00138	8.835751
520	-7392.121	-7353.535	-38.58568	613167.3	18.18848	0.998377	0.999585	1.00041	1.00162	9.085912
530	-7393.886	-7364.873	-29.01297	148606	18.04912	0.996705	0.999156	1.00084	1.0033	8.558631
540	-7399.788	-7358.676	-41.11186	75599.31	16.09058	0.995381	0.998815	1.00118	1.00463	9.22735
550	-7374.246	-7350.996	-23.25057	698029.3	18.36062	0.998479	0.999611	1.00039	1.00152	8.246233
560	-7381.871	-7353.083	-28.78899	943243.5	21.64972	0.998692	0.999665	1.00033	1.00131	8.444305
570	-7383.922	-7353.832	-30.08959	384082.7	17.32174	0.99795	0.999475	1.00052	1.00205	8.606247
580	-7380.245	-7346.112	-34.13282	713288.2	17.17494	0.998495	0.999615	1.00038	1.00151	8.837149
590	-7380.079	-7355.132	-24.94723	483636.8	19.25261	0.998173	0.999533	1.00047	1.00183	8.339743
600	-7406.112	-7372.726	-33.3857	179306.2	17.99519	0.997	0.999232	1.00077	1.003	8.801101
610	-7383.16	-7363.901	-19.25837	222728.7	20.13819	0.997308	0.999311	1.00069	1.00269	8.04125
620	-7405.298	-7370.536	-34.76117	925154.6	16.72951	0.998679	0.999662	1.00034	1.00132	8.862442
630	-7404.473	-7364.95	-39.52276	263091.2	19.21742	0.997523	0.999366	1.00063	1.00248	9.098508
640	-7397.589	-7367.69	-29.89875	411160.9	17.94884	0.998018	0.999493	1.00051	1.00198	8.60694
650	-7382.998	-7343.205	-39.79312	879412.1	15.67181	0.998645	0.999653	1.00035	1.00136	9.124204
660	-7389.222	-7359.252	-29.96991	592468.4	17.71982	0.998349	0.999578	1.00042	1.00165	8.608103
670	-7396.376	-7358.081	-38.29547	868134.9	17.58044	0.998636	0.999651	1.00035	1.00136	9.079185
680	-7394.081	-7363.274	-30.80734	816091.9	16.02766	0.998593	0.99964	1.00036	1.00141	8.582081
690	-7398.052	-7361.215	-36.83665	575953	15.0502	0.998326	0.999572	1.00043	1.00168	8.879923
700	-7401.77	-7370.124	-31.64642	745768.2	18.21956	0.998528	0.999624	1.00038	1.00147	8.704289
710	-7390.758	-7356.87	-33.88766	193725.8	16.75546	0.997114	0.999261	1.00074	1.00289	8.811167
720	-7391.966	-7357.768	-34.19743	651236.2	16.86193	0.998425	0.999597	1.0004	1.00158	8.83312
730	-7385.631	-7351.13	-34.50093	462527.4	17.40355	0.998132	0.999522	1.00048	1.00187	8.861914
740	-7399.171	-7361.391	-37.78063	840092.4	17.68338	0.998614	0.999645	1.00035	1.00139	9.04921
750	-7402.043	-7366.996	-35.04713	306271.8	19.59378	0.997704	0.999412	1.00059	1.0023	8.850846
760	-7385.901	-7350.718	-35.18303	38977.65	16.61428	0.993569	0.998348	1.00164	1.00645	8.88371
770	-7378.153	-7343.653	-34.50005	3378.25	15.78507	0.978216	0.99433	1.0055	1.02195	8.795427
780	-7343.335	-7314.131	-29.20437	25.4369	16.75236	0.760426	0.924899	1.05269	1.26199	8.531497
790	-7281.605	-7230.599	-51.00537	1.974072	15.23647	0.29016	0.652228	1.06933	1.98829	9.828817
800	-7289.292	-7231.113	-58.17863	2.42468	15.63193	0.339197	0.69371	1.07772	1.88937	10.2979
810	-7307.394	-7241.631	-65.76264	2.42468	17.39575	0.339197	0.69371	1.07772	1.88937	10.65892
820	-7275.534	-7221.493	-54.04086	1.736873	13.5248	0.259706	0.623759	1.06176	2.05478	9.903913
830	-7308.22	-7237.34	-70.87987	2.108073	15.64217	0.305843	0.666035	1.07247	1.95565	11.10976
840	-7303.975	-7248.813	-55.16156	2.401116	15.49552	0.336877	0.691854	1.07741	1.89386	10.10454
850	-7286.152	-7239.217	-46.9356	2.142173	17.55972	0.309675	0.669328	1.07317	1.94783	9.571365
860	-7283.397	-7219.784	-63.61319	2.121603	15.5118	0.307371	0.667352	1.07275	1.95252	10.64948
870	-7294.106	-7234.902	-59.20472	1.890155	15.03885	0.2798	0.6428	1.06698	2.01042	10.36605
880	-7276.098	-7221.382	-54.7167	1.93433	15.56488	0.285308	0.647844	1.06826	1.99859	10.07624
890	-7296.042	-7230.107	-65.93493	2.211409	15.04908	0.317269	0.675763	1.07448	1.93249	10.81336
900	-7285.91	-7233.417	-52.49275	2.049629	15.335	0.299128	0.66019	1.07118	1.9695	9.929047
910	-7282.797	-7228.077	-54.71999	2.196057	17.29714	0.315606	0.674364	1.0742	1.93583	10.0295
920	-7280.197	-7216.77	-63.42686	2.106944	13.96777	0.305715	0.665925	1.07245	1.95591	10.62693
930	-7300.317	-7238.094	-62.22215	2.012019	16.16419	0.294705	0.656286	1.07029	1.97872	10.53587
940	-7307.347	-7238.605	-68.74179	1.992858	14.56834	0.292421	0.654252	1.06981	1.98352	11.01066
950	-7293.948	-7223.307	-70.64039	1.950874	13.67123	0.287339	0.649686	1.06871	1.99426	11.1367
960	-7297.588	-7221.762	-75.82616	1.950874	15.39112	0.287339	0.649686	1.06871	1.99426	11.44636
970	-7303.173	-7230.287	-72.88528	2.208968	14.35846	0.317005	0.675542	1.07444	1.93302	11.30039
980	-7286.387	-7226.336	-60.05088	2.02075	14.40678	0.295739	0.657202	1.0705	1.97656	10.40851
990	-7278.156	-7225.109	-53.04703	2.548556	15.03556	0.351012	0.703012	1.07916	1.86682	9.956478
1000	-7291.386	-7235.027	-56.35863	2.006842	14.45549	0.29409	0.655739	1.07016	1.98001	10.15493
1010	-7300.848	-7237.057	-63.79162	1.856913	14.94139	0.275575	0.638881	1.06596	2.01959	10.67191
1020	-7288.471	-7231.434	-57.03653	2.360426	14.30899	0.332811	0.688578	1.07685	1.90176	10.19371
1030	-7297.059	-7234.199	-62.85971	2.319317	14.4146	0.328629	0.685175	1.07625	1.90994	10.60367
1040	-7299.935	-7229.038	-70.89727	1.967001	14.53108	0.289303	0.651458	1.06914	1.9901	11.15937
1050	-7319.263	-7250.909	-68.35329	1.925389	16.57719	0.284203	0.646838	1.06801	2.00095	10.88329
1060	-7305.729	-7237.868	-67.86071	1.880263	16.18306	0.27855	0.641646	1.06668	2.01312	10.88339
1070	-7294.261	-7234.42	-59.84115	2.148974	16.71858	0.310432	0.669975	1.07331	1.94629	10.3622
1080	-7293.107	-7233.659	-59.44854	2.429841	14.01284	0.339702	0.694113	1.07779	1.8884	10.34521
1090	-7281.049	-7230.012	-51.03716	2.082162	15.14098	0.302889	0.663476	1.07192	1.96172	9.827314
1100	-7279.936	-7221.645	-58.29067	1.922249	14.58343	0.283813	0.646483	1.06792	2.00179	10.29385
1110	-7282.3	-7232.648	-49.65165	2.615958	15.51747	0.357182	0.707773	1.07983	1.85522	9.749576
1120	-7299.687	-7238.794	-60.89318	2.272393	15.04017	0.323758	0.68117	1.07552	1.91955	10.47833
1130	-7280.568	-7224.875	-55.69373	2.091344	14.88362	0.30394	0.664388	1.07212	1.95956	10.12812
1140	-7272.931	-7226.315	-46.61691	2.370003	17.14458	0.333775	0.689357	1.07699	1.89988	9.564702
1150	-7299.296	-7228.077	-71.21912	1.749685	18.03578	0.261447	0.62545	1.06225	2.05085	10.89864
1160	-7277.266	-7219.992	-57.27456	1.921491	15.1458	0.283719	0.646397	1.06789	2.00199	10.23933
1170	-7283.346	-7224.343	-59.00252	1.906669	13.84066	0.281873	0.644707	1.06747	2.00595	10.30035
1180	-7273.282	-7218.8	-54.48152	2.054334	16.36066	0.299675	0.66067	1.07129	1.96836	10.05271
1190	-7295.477	-7222.081	-73.39643	1.911482	13.2303	0.282474	0.645258	1.06761	2.00466	11.32389
1200	-7317.994	-7253.411	-64.58352	2.150616	13.87302	0.310614	0.67013	1.07334	1.94592	10.70525
1210	-7275.683	-7221.313	-54.36988	1.739908	13.76806	0.26012	0.624162	1.06188	2.05384	9.957745
1220	-7289.234	-7221.914	-67.31977	1.983463	15.15131	0.291293	0.653244	1.06957	1.98589	10.90239
1230	-7298.727	-7230.861	-67.86593	2.034028	14.46187	0.297303	0.658584	1.07082	1.97329	10.95097
1240	-7311.424	-7231.051	-80.37263	1.691701	13.586	0.253476	0.617639	1.05994	2.06894	11.85005
1250	-7288.805	-7230.656	-58.14963	1.990873	17.47843	0.292183	0.65404	1.06976	1.98402	10.21566
1260	-7286.311	-7232.099	-54.21197	2.267099	16.90711	0.323202	0.68071	1.07543	1.92066	10.01826
1270	-7305.964	-7249.152	-56.81181	2.194647	17.07039	0.315453	0.674235	1.07418	1.93614	10.16347
1280	-7293.933	-7233.392	-60.54169	1.918218	14.56777	0.283313	0.646025	1.0678	2.00286	10.44778
1290	-7300.521	-7234.188	-66.33359	1.750337	16.0051	0.261535	0.625536	1.06227	2.05066	10.79997
1300	-7280.486	-7218.333	-62.15254	2.006367	15.63931	0.294034	0.655689	1.07015	1.98013	10.5519
1310	-7286.287	-7227.461	-58.82644	2.000644	14.18483	0.293352	0.655082	1.07001	1.98156	10.31196
1320	-7290.685	-7239.709	-50.97645	1.974177	14.83585	0.290173	0.652239	1.06933	1.98826	9.808523
1330	-7272.076	-7228.926	-43.14981	1.997949	17.62537	0.29303	0.654795	1.06994	1.98224	9.354264
1340	-7283.531	-7236.281	-47.24948	2.058302	16.19389	0.300136	0.661074	1.07138	1.96741	9.609845
1350	-7282.866	-7232.349	-50.5162	2.336691	17.3927	0.330406	0.686625	1.07651	1.90646	9.782599
1360	-7290.458	-7228.625	-61.83299	2.062082	16.92076	0.300575	0.661457	1.07147	1.9665	10.46809
1370	-7289.006	-7237.044	-51.96207	1.990928	14.68064	0.292189	0.654046	1.06976	1.984	9.866137
1380	-7297.701	-7234.586	-63.11548	2.032315	14.84298	0.297102	0.658407	1.07078	1.97371	10.62676
1390	-7295.038	-7232.664	-62.37362	1.843354	15.55389	0.273831	0.637251	1.06553	2.02339	10.56847
1400	-7306.207	-7239.858	-66.34877	2.583963	16.23062	0.354275	0.705538	1.07952	1.86067	10.78686
1410	-7293.57	-7233.663	-59.90697	1.879735	14.79506	0.278483	0.641584	1.06667	2.01327	10.40977
1420	-7277.938	-7225.693	-52.24503	2.208541	15.96066	0.316959	0.675503	1.07443	1.93311	9.919849
1430	-7289.488	-7230.78	-58.70822	2.205566	14.06577	0.316637	0.675233	1.07437	1.93376	10.29605
1440	-7296.026	-7225.121	-70.90456	2.002028	14.96712	0.293517	0.655229	1.07004	1.98121	11.14696
1450	-7282.059	-7221.469	-60.58996	1.920399	15.56509	0.283584	0.646273	1.06786	2.00228	10.45358
1460	-7288.047	-7225.181	-62.86565	2.02843	13.39159	0.296645	0.658003	1.07069	1.97467	10.5444
1470	-7284.832	-7225.558	-59.27426	2.094825	15.6387	0.304337	0.664733	1.07219	1.95874	10.36787
1480	-7285.735	-7234.52	-51.21527	2.349245	16.54949	0.331681	0.687662	1.0767	1.90396	9.850006
1490	-7309.932	-7247.886	-62.04636	1.889357	15.10772	0.2797	0.642708	1.06696	2.01064	10.55467
1500	-7297.727	-7241.62	-56.10671	2.02898	16.50002	0.29671	0.65806	1.0707	1.97453	10.14738
1510	-7286.786	-7219.884	-66.90199	1.859479	14.85467	0.275903	0.639188	1.06604	2.01887	10.88167
1520	-7292.395	-7230.754	-61.64164	2.002516	14.75767	0.293575	0.655281	1.07005	1.98109	10.52659
1530	-7298.355	-7236.824	-61.5312	2.092405	15.14266	0.304061	0.664493	1.07214	1.95931	10.52039
1540	-7318.088	-7246.856	-71.23121	2.049719	14.7667	0.299138	0.660199	1.07119	1.96948	11.1761
1550	-7306.442	-7242.109	-64.33322	2.341803	16.3103	0.330926	0.687048	1.07659	1.90544	10.65796
1560	-7295.974	-7242.491	-53.48377	2.052887	15.2792	0.299507	0.660522	1.07126	1.96871	9.992487
1570	-7293.894	-7246.327	-47.56702	2.07032	16.17179	0.301527	0.662289	1.07165	1.96453	9.629291
1580	-7295.578	-7241.082	-54.49654	2.846908	16.10952	0.37706	0.722683	1.08165	1.81861	10.05888
1590	-7268.836	-7219.069	-49.76658	2.005281	16.47216	0.293904	0.655574	1.07012	1.9804	9.763461
1600	-7256.793	-7206.801	-49.99226	2.337734	16.63789	0.330512	0.686711	1.07653	1.90625	9.774652
1610	-7292.422	-7229.428	-62.99384	2.004381	14.01321	0.293797	0.655479	1.0701	1.98063	10.59823
1620	-7288.88	-7235.648	-53.23171	2.776774	14.77827	0.37122	0.718368	1.08117	1.82924	9.95776
1630	-7291.299	-7226.555	-64.74425	2.086918	15.02719	0.303434	0.663949	1.07202	1.9606	10.73457
1640	-7295.628	-7227.046	-68.58171	2.446483	14.66748	0.341323	0.695402	1.07799	1.88528	10.99842
1650	-7297.323	-7236.218	-61.10455	2.372808	14.65654	0.334056	0.689584	1.07703	1.89933	10.48842
1660	-7291.396	-7218.689	-72.70685	2.235033	13.45215	0.319804	0.677886	1.07489	1.92742	11.2816
1670	-7316.708	-7242.202	-74.50599	1.739656	13.71923	0.260085	0.624128	1.06187	2.05392	11.41993
1680	-7272.59	-7214.381	-58.20959	2.363414	12.93028	0.333112	0.688822	1.0769	1.90117	10.13115
1690	-7289.828	-7231.665	-58.16311	2.188386	16.52732	0.314771	0.673659	1.07406	1.93751	10.27081
1700	-7285.747	-7230.218	-55.52961	1.83199	15.4853	0.27236	0.63587	1.06515	2.02662	10.12825
1710	-7284.643	-7227.478	-57.16493	2.153325	15.12691	0.310915	0.670387	1.07339	1.94531	10.23184
1720	-7281.937	-7226.032	-55.90546	2.404777	14.69724	0.337239	0.692144	1.07746	1.89316	10.13546
1730	-7311.95	-7241.817	-70.13238	2.065884	14.61321	0.301015	0.661842	1.07155	1.96559	11.10528
1740	-7288.285	-7230.268	-58.01674	1.763747	15.49527	0.263344	0.627284	1.06277	2.0466	10.2888
1750	-7295.122	-7237.358	-57.76428	2.047913	16.10251	0.298928	0.660014	1.07114	1.96991	10.26193
1760	-7320.245	-7254.733	-65.51291	2.459318	18.33522	0.342565	0.696387	1.07815	1.8829	10.55076
1770	-7300.234	-7228.34	-71.89465	1.895118	12.63595	0.280425	0.643376	1.06713	2.00907	11.16144
1780	-7302.182	-7238.226	-63.95546	2.431034	16.23829	0.339819	0.694206	1.0778	1.88817	10.63897
1790	-7285.861	-7221.717	-64.14407	2.073905	16.03136	0.30194	0.662649	1.07173	1.96368	10.66184
1800	-7292.631	-7234.341	-58.28979	2.093092	16.79923	0.304139	0.664561	1.07215	1.95915	10.26527
1810	-7286.274	-7230.201	-56.07341	2.105036	15.86736	0.305499	0.665738	1.07241	1.95636	10.16114
1820	-7288.942	-7227.787	-61.15509	2.157601	13.88722	0.311389	0.67079	1.07348	1.94435	10.45909
1830	-7293.198	-7232.856	-60.34185	1.849224	13.59356	0.274587	0.637959	1.06571	2.02174	10.37639
1840	-7290.115	-7235.571	-54.54428	1.94682	14.82694	0.286843	0.649237	1.0686	1.99532	10.04865
1850	-7300.729	-7240.625	-60.10476	2.066626	15.99235	0.3011	0.661917	1.07157	1.96541	10.41123
1860	-7305.345	-7237.515	-67.82952	1.784882	16.46794	0.26617	0.629998	1.06354	2.04029	10.86036
1870	-7278.469	-7214.561	-63.908	2.160823	15.33062	0.311745	0.671094	1.07354	1.94362	10.67355
1880	-7276.271	-7223.322	-52.94924	2.459632	15.66451	0.342596	0.696411	1.07815	1.88284	9.963629
1890	-7282.159	-7230.217	-51.94205	2.623419	15.60169	0.357854	0.708287	1.0799	1.85396	9.898528
1900	-7287.229	-7220.73	-66.49879	1.888083	12.13785	0.279539	0.642559	1.06692	2.01098	10.64967
1910	-7286.315	-7227.426	-58.88932	1.997874	15.29041	0.293021	0.654787	1.06994	1.98226	10.34626
1920	-7291.075	-7231.589	-59.4856	1.939314	15.22677	0.285921	0.648401	1.06839	1.99728	10.3854
1930	-7296.782	-7232.255	-64.52671	1.921278	16.17447	0.283693	0.646373	1.06789	2.00205	10.67786
1940	-7299.498	-7227.108	-72.38947	2.013475	12.57855	0.294878	0.656439	1.07032	1.97836	11.19434
1950	-7304.433	-7237.445	-66.98867	1.831873	13.95055	0.272344	0.635855	1.06515	2.02665	10.88137
1960	-7292.218	-7228.923	-63.29516	2.518863	14.09697	0.348238	0.70085	1.07884	1.87207	10.62351
1970	-7305.369	-7244.98	-60.38891	1.913078	15.6062	0.282673	0.64544	1.06765	2.00423	10.43984
1980	-7316.883	-7246.182	-70.70021	1.950309	16.11025	0.28727	0.649623	1.06869	1.99441	11.06467
1990	-7291.543	-7224.722	-66.82077	1.838163	13.79827	0.27316	0.636622	1.06536	2.02486	10.86343
2000	-7296.615	-7227.806	-68.80865	2.245615	15.28754	0.320931	0.678825	1.07507	1.92517	10.99512
2010	-7302.314	-7233.741	-68.57361	1.777296	14.20919	0.265159	0.62903	1.06327	2.04254	10.99935
2020	-7302.233	-7238.684	-63.54928	1.8511	14.25179	0.274828	0.638184	1.06577	2.02121	10.64715
2030	-7316.085	-7243.66	-72.42593	2.052878	16.19908	0.299506	0.660521	1.07126	1.96871	11.16408
2040	-7301.162	-7232.799	-68.36223	2.433367	13.73154	0.340047	0.694387	1.07783	1.88774	10.97261
2050	-7306.345	-7233.845	-72.49984	2.162184	13.95114	0.311895	0.671222	1.07356	1.94332	11.27642
2060	-7293.321	-7227.811	-65.51022	2.549987	15.72468	0.351145	0.703115	1.07917	1.86657	10.7628
2070	-7301.752	-7235.806	-65.94669	2.153217	15.60616	0.310903	0.670376	1.07339	1.94533	10.79597
2080	-7281.305	-7228.314	-52.99125	2.229456	15.81303	0.319208	0.677388	1.0748	1.92861	9.966904
2090	-7260.871	-7216.993	-43.8779	2.620287	14.99362	0.357572	0.708071	1.07987	1.85449	9.343358
2100	-7272.615	-7218.548	-54.06672	2.122613	14.45399	0.307484	0.667449	1.07278	1.95229	9.996282
2110	-7271.286	-7221.848	-49.43846	2.465858	16.4314	0.343196	0.696886	1.07823	1.88169	9.743931
2120	-7291.006	-7227.329	-63.67737	1.997375	14.8503	0.292961	0.654734	1.06992	1.98238	10.6646
2130	-7302.941	-7232.083	-70.85808	2.035354	12.97988	0.297459	0.658721	1.07085	1.97297	11.11363
2140	-7290.826	-7230.426	-60.39959	2.006348	18.26367	0.294031	0.655687	1.07015	1.98013	10.27844
2150	-7299.478	-7237.8	-61.67885	1.914669	13.97712	0.282871	0.645622	1.0677	2.00381	10.50233
2160	-7300.377	-7235.163	-65.21436	2.20119	17.05305	0.316163	0.674834	1.0743	1.93471	10.65714
2170	-7293.458	-7227.515	-65.94202	2.340673	15.43718	0.330811	0.686955	1.07657	1.90566	10.80249
2180	-7295.448	-7228.032	-67.41541	1.987893	14.09477	0.291825	0.65372	1.06968	1.98477	10.91574
2190	-7310.393	-7240.047	-70.34604	2.336719	14.6788	0.330409	0.686627	1.07651	1.90645	11.11844
2200	-7282.294	-7221.991	-60.3026	2.433449	14.13878	0.340055	0.694394	1.07783	1.88772	10.41357
2210	-7332.718	-7261.308	-71.41018	2.762167	14.63206	0.369983	0.717447	1.08106	1.83151	11.19223
2220	-7319.697	-7240.938	-78.75846	1.839061	11.21772	0.273276	0.636731	1.06539	2.02461	11.50105
2230	-7322.313	-7244.868	-77.44503	1.925908	14.0351	0.284267	0.646896	1.06802	2.00082	11.62894
2240	-7303.184	-7240.665	-62.51921	2.067484	14.5406	0.301199	0.662003	1.07159	1.96521	10.583
2250	-7312.011	-7240.683	-71.32755	1.832995	13.72148	0.27249	0.635992	1.06519	2.02633	11.18831
2260	-7294.49	-7230.994	-63.49587	2.024172	15.05917	0.296143	0.65756	1.07058	1.97571	10.65118
2270	-7301.594	-7237.273	-64.32094	1.967433	14.00867	0.289356	0.651505	1.06915	1.98999	10.69274
2280	-7277.431	-7222.449	-54.98193	1.999385	14.50778	0.293201	0.654948	1.06997	1.98188	10.06278
2290	-7283.992	-7234.404	-49.58865	2.230328	14.84348	0.319301	0.677466	1.07481	1.92842	9.715459
2300	-7283.431	-7235.746	-47.68514	1.85023	15.18767	0.274716	0.63808	1.06575	2.02146	9.60842
2310	-7287.642	-7234.296	-53.34651	2.289303	13.7313	0.325525	0.682629	1.07579	1.91606	9.879064
2320	-7281.186	-7229.427	-51.75909	2.669179	17.12458	0.361931	0.711393	1.08031	1.84636	9.865413
2330	-7279.904	-7223.23	-56.67372	2.032599	15.66205	0.297135	0.658436	1.07078	1.97364	10.20141
2340	-7277.363	-7227.34	-50.02283	2.096741	16.72068	0.304556	0.664922	1.07223	1.95829	9.774886
2350	-7287.686	-7226.428	-61.25747	2.456559	14.67133	0.342299	0.696176	1.07812	1.88341	10.49914
2360	-7278.965	-7215.86	-63.10484	2.394624	15.98462	0.336233	0.691337	1.07733	1.8951	10.59918
2370	-7282.813	-7227.55	-55.26294	2.398992	13.61682	0.336666	0.691685	1.07738	1.89426	10.00555
2380	-7284.121	-7223.767	-60.35457	2.13116	17.04679	0.308444	0.668274	1.07295	1.95033	10.37257
2390	-7269.111	-7212.456	-56.65449	2.002195	16.98316	0.293537	0.655247	1.07004	1.98117	10.15887
2400	-7274.437	-7220.212	-54.22491	2.102008	18.378	0.305155	0.66544	1.07234	1.95706	9.931938
2410	-7285.168	-7226.273	-58.89472	1.899798	16.03503	0.281013	0.643917	1.06727	2.0078	10.33429
2420	-7287.074	-7224.563	-62.51114	1.81817	13.28388	0.270559	0.634172	1.06469	2.03057	10.50695
2430	-7299.58	-7251.572	-48.00771	2.090644	16.87477	0.30386	0.664319	1.0721	1.95972	9.651907
2440	-7279.287	-7232.11	-47.17619	2.385582	15.30588	0.335333	0.690614	1.0772	1.89685	9.58097
2450	-7293.19	-7239.002	-54.18788	2.304592	16.04081	0.327111	0.683932	1.07603	1.91293	10.04068
2460	-7316.261	-7253.521	-62.74002	2.003861	14.55212	0.293735	0.655424	1.07009	1.98076	10.5984
2470	-7290.892	-7230.906	-59.98576	1.809739	15.1678	0.269455	0.633126	1.06441	2.03301	10.41834
2480	-7309.188	-7246.423	-62.76561	1.906735	15.13105	0.281882	0.644715	1.06747	2.00593	10.60204
2490	-7304.934	-7242.693	-62.24126	2.327171	18.23661	0.329434	0.685833	1.07637	1.90836	10.38188
2500	-7322.452	-7258.402	-64.04964	2.238599	13.03207	0.320184	0.678203	1.07496	1.92666	10.59546
2510	-7293.041	-7231.291	-61.7502	1.945178	15.03669	0.286642	0.649054	1.06856	1.99575	10.53532
2520	-7304.199	-7233.303	-70.8963	2.066621	15.91511	0.3011	0.661916	1.07157	1.96541	11.09182
2530	-7303.326	-7236.036	-67.28944	1.968634	14.09848	0.289502	0.651636	1.06918	1.98968	10.90689
2540	-7302.333	-7233.125	-69.20807	2.005392	15.46474	0.293917	0.655586	1.07012	1.98037	11.01265
2550	-7324.203	-7260.968	-63.23507	1.852831	15.26021	0.275051	0.638392	1.06583	2.02073	10.63105
2560	-7295.589	-7226.555	-69.03372	1.902312	14.46969	0.281328	0.644207	1.06734	2.00712	11.03167
2570	-7299.41	-7228.667	-70.74291	2.12096	12.76041	0.307298	0.667289	1.07274	1.95267	11.08403
2580	-7291.729	-7223.88	-67.84952	2.018531	13.59715	0.295477	0.65697	1.07045	1.97711	10.92888
2590	-7282.191	-7218.271	-63.91989	1.980283	15.4917	0.29091	0.6529	1.06949	1.9867	10.66988
2600	-7271.591	-7215.907	-55.68365	1.956063	16.40507	0.287973	0.650259	1.06885	1.99292	10.12484
2610	-7269.661	-7220.64	-49.02058	2.105488	15.866	0.30555	0.665782	1.07242	1.95625	9.716634
2620	-7291.067	-7227.442	-63.6248	2.232317	16.81262	0.319514	0.677643	1.07485	1.928	10.58188
2630	-7288.07	-7233.356	-54.71422	1.959079	13.8137	0.288341	0.65059	1.06893	1.99214	9.987685
2640	-7306.66	-7236.071	-70.5893	2.175137	16.2337	0.313321	0.672432	1.07381	1.94043	11.04788
2650	-7297.104	-7238.37	-58.73392	2.221884	15.46284	0.318396	0.676709	1.07467	1.93023	10.33537
2660	-7274.892	-7224.063	-50.82927	1.992357	15.12195	0.292361	0.654199	1.0698	1.98364	9.812795
2670	-7294.705	-7227.027	-67.67778	2.164825	12.71598	0.312187	0.671469	1.07362	1.94273	10.83825
2680	-7296.835	-7233.106	-63.72823	2.045016	15.16904	0.29859	0.659717	1.07108	1.97062	10.66506
2690	-7283.433	-7220	-63.43254	1.952733	13.57035	0.287566	0.649891	1.06876	1.99378	10.60196
2700	-7319.648	-7250.44	-69.20796	2.542752	12.16187	0.350473	0.702593	1.0791	1.86784	10.87717
2710	-7297.752	-7236.857	-60.8956	2.18987	13.57241	0.314933	0.673796	1.07409	1.93718	10.4152
2720	-7294.522	-7232.003	-62.5196	2.304864	14.23796	0.327139	0.683955	1.07603	1.91287	10.57439
2730	-7294.556	-7230.633	-63.92239	2.211141	16.29831	0.31724	0.675739	1.07447	1.93255	10.63347
2740	-7281.97	-7221.293	-60.67662	2.30652	13.26286	0.32731	0.684096	1.07606	1.91253	10.36638
2750	-7287.756	-7227.571	-60.18588	2.304149	17.11194	0.327065	0.683895	1.07602	1.91302	10.35835
2760	-7293.38	-7238.872	-54.5079	2.242793	14.09426	0.320631	0.678575	1.07503	1.92577	9.999931
2770	-7287.05	-7229.612	-57.43824	1.943785	15.59302	0.286471	0.6489	1.06852	1.99611	10.25088
2780	-7274.396	-7226.705	-47.69149	2.034527	16.26363	0.297362	0.658636	1.07083	1.97317	9.637498
2790	-7283.497	-7218.891	-64.60633	2.082579	14.50248	0.302937	0.663517	1.07193	1.96162	10.72612
2800	-7291.814	-7226.164	-65.6499	1.865536	15.28594	0.276677	0.639908	1.06623	2.01718	10.78854
2810	-7292.12	-7236.487	-55.63265	2.109981	16.67787	0.306059	0.666221	1.07251	1.95521	10.11211
2820	-7290.224	-7238.529	-51.69498	2.091235	16.47561	0.303927	0.664377	1.07211	1.95958	9.880467
2830	-7295.218	-7230.587	-64.63132	1.993712	15.12438	0.292523	0.654343	1.06983	1.9833	10.72547
2840	-7283.628	-7224.131	-59.49738	2.030284	15.08551	0.296863	0.658196	1.07073	1.97421	10.38583
2850	-7300.242	-7231.476	-68.76646	2.167632	14.30871	0.312496	0.671732	1.07367	1.9421	11.01347
2860	-7275.901	-7220.633	-55.26742	2.480745	16.81941	0.344623	0.698013	1.07841	1.87896	10.08451
2870	-7281.123	-7218.982	-62.14079	1.948273	13.18988	0.287021	0.649398	1.06864	1.99494	10.4685
2880	-7304.169	-7240.289	-63.87961	2.076625	14.81018	0.302253	0.662922	1.07179	1.96303	10.67828
2890	-7291.727	-7222.883	-68.84418	2.118161	14.05705	0.306983	0.667018	1.07268	1.95332	11.01652
2900	-7307.61	-7237.778	-69.83127	1.855498	15.36298	0.275393	0.638712	1.06591	2.01998	11.05829
2910	-7295.502	-7227.674	-67.82833	2.009135	14.55538	0.294363	0.655982	1.07022	1.97944	10.94804
2920	-7287.368	-7228.664	-58.70359	2.152645	15.54318	0.31084	0.670322	1.07338	1.94546	10.33264
2930	-7276.381	-7220.501	-55.87999	2.357312	14.67049	0.332497	0.688323	1.07681	1.90237	10.13257
2940	-7278.883	-7214.232	-64.65074	2.107319	15.71263	0.305757	0.665961	1.07246	1.95582	10.70865
2950	-7291.304	-7225.025	-66.27905	1.98845	15.17259	0.291892	0.65378	1.0697	1.98463	10.83312
2960	-7300.031	-7240.252	-59.77928	2.163892	15.43875	0.312084	0.671382	1.0736	1.94294	10.40326
2970	-7321.913	-7255.631	-66.282	2.412699	13.93601	0.33802	0.69277	1.07756	1.89164	10.83018
2980	-7285.355	-7232.861	-52.49385	2.491621	14.41401	0.345661	0.698829	1.07853	1.87698	9.884505
2990	-7281.602	-7221.464	-60.1384	1.989078	15.97155	0.291967	0.653847	1.06971	1.98447	10.41404
3000	-7285.154	-7218.685	-66.46892	1.853393	15.45266	0.275123	0.63846	1.06585	2.02057	10.83601
3010	-7283.921	-7230.656	-53.26474	2.516292	16.6037	0.347996	0.700661	1.07881	1.87253	9.972339
3020	-7298.193	-7222.794	-75.39989	2.253257	13.37022	0.321741	0.679499	1.0752	1.92356	11.47981
3030	-7309.87	-7245.274	-64.59654	1.808743	14.47153	0.269324	0.633002	1.06437	2.0333	10.72504
3040	-7299.948	-7241.078	-58.87001	2.128293	13.80112	0.308123	0.667998	1.07289	1.95099	10.28746
3050	-7288.88	-7233.638	-55.24265	1.916746	15.86073	0.28313	0.645858	1.06776	2.00325	10.10885
3060	-7303.614	-7248.949	-54.66487	2.004583	14.62132	0.293821	0.6555	1.0701	1.98057	10.04725
3070	-7309.73	-7248.833	-60.89722	1.712878	14.86773	0.256415	0.620539	1.06081	2.06223	10.47758
3080	-7297.309	-7241.737	-55.5718	1.966261	14.31512	0.289214	0.651377	1.06912	1.99029	10.09176
3090	-7263.248	-7228.815	-34.43345	2.172518	17.16039	0.313034	0.672189	1.07376	1.94102	8.854378
3100	-7275.239	-7227.061	-48.1775	2.077768	15.62759	0.302384	0.663036	1.07182	1.96276	9.657989
3110	-7283.911	-7229.07	-54.84089	2.209474	15.58491	0.31706	0.675588	1.07444	1.93291	10.08429
3120	-7278.001	-7222.947	-55.05446	2.336362	16.32582	0.330372	0.686598	1.07651	1.90652	10.08866
3130	-7285.978	-7232.521	-53.45663	2.333092	15.51822	0.330039	0.686326	1.07646	1.90718	9.994792
3140	-7281.088	-7232.673	-48.41452	2.212221	16.39807	0.317356	0.675837	1.07449	1.93231	9.681765
3150	-7324.746	-7250.862	-73.88431	2.359278	13.90299	0.332696	0.688484	1.07684	1.90198	11.37571
3160	-7272	-7211.823	-60.17693	2.35356	16.31607	0.332118	0.688016	1.07676	1.90311	10.40287
3170	-7281.496	-7219.036	-62.46073	2.267059	15.08124	0.323197	0.680707	1.07543	1.92066	10.5823
3180	-7283.93	-7222.876	-61.05469	2.164715	14.56131	0.312175	0.671459	1.07361	1.94275	10.48283
3190	-7301.741	-7236.871	-64.86975	2.310621	14.76839	0.327734	0.684443	1.07612	1.9117	10.7453
3200	-7304.438	-7245.513	-58.92458	2.247715	14.64642	0.321154	0.67901	1.07511	1.92473	10.33938
3210	-7290.731	-7232.419	-58.31175	2.427129	15.22363	0.339437	0.693902	1.07775	1.88891	10.3083
3220	-7308.601	-7243.864	-64.73766	1.67609	12.56873	0.251288	0.615464	1.05928	2.07396	10.58445
3230	-7289.456	-7225.036	-64.41953	2.341342	17.15077	0.330879	0.68701	1.07658	1.90553	10.60257
3240	-7311.654	-7235.977	-75.67715	2.248174	15.05615	0.321203	0.679051	1.07512	1.92463	11.46027
3250	-7291.638	-7234.135	-57.50332	2.167536	15.35321	0.312485	0.671723	1.07367	1.94212	10.25583
3260	-7288.886	-7230.455	-58.43119	2.429175	15.13599	0.339637	0.694061	1.07778	1.88852	10.31562
3270	-7290.031	-7232.205	-57.82607	2.219272	15.00762	0.318116	0.676474	1.07462	1.93079	10.27387
3280	-7287.612	-7228.336	-59.27641	2.175033	13.47564	0.31331	0.672423	1.07381	1.94046	10.28579
3290	-7303.095	-7232.596	-70.49878	2.088137	15.49983	0.303573	0.66407	1.07205	1.96031	11.09408
3300	-7324.027	-7250.04	-73.98689	1.841375	14.10317	0.273575	0.637011	1.06546	2.02395	11.38188
3310	-7309.334	-7250.875	-58.45869	2.396151	14.34012	0.336384	0.691459	1.07735	1.89481	10.29472
3320	-7300.297	-7251.046	-49.25017	1.883196	16.87404	0.278921	0.641989	1.06677	2.01232	9.725552
3330	-7300.641	-7237.115	-63.52566	2.380367	15.65702	0.334813	0.690195	1.07713	1.89786	10.63908
3340	-7296.87	-7239.376	-57.49405	2.389933	15.97255	0.335767	0.690962	1.07726	1.89601	10.24845
3350	-7288.135	-7219.722	-68.41213	1.93141	15.19215	0.284947	0.647516	1.06817	1.99936	10.97298
3360	-7288.104	-7225.717	-62.38735	2.051625	14.27894	0.29936	0.660393	1.07123	1.96902	10.56662
3370	-7307.333	-7243.14	-64.19277	2.387741	15.8538	0.335548	0.690787	1.07723	1.89643	10.67346
3380	-7311.007	-7247.802	-63.2044	2.397248	16.13452	0.336493	0.691546	1.07736	1.8946	10.59816
3390	-7288.783	-7235.763	-53.0201	2.156407	15.87823	0.311257	0.670678	1.07345	1.94461	9.968695
3400	-7285.023	-7226.928	-58.09527	1.83054	14.97353	0.272171	0.635692	1.06511	2.02703	10.29125
3410	-7301.852	-7234.715	-67.13698	2.086173	13.53306	0.303349	0.663875	1.072	1.96077	10.87272
3420	-7278.029	-7221.002	-57.02763	2.689592	16.6991	0.363725	0.712751	1.08049	1.84304	10.1948
3430	-7306.877	-7232.905	-73.97241	2.232992	13.64037	0.319586	0.677704	1.07486	1.92785	11.37995
3440	-7298.854	-7235.51	-63.3437	2.192056	15.62056	0.315171	0.673997	1.07413	1.9367	10.6287
3450	-7288.075	-7234.668	-53.40683	2.358383	16.97276	0.332605	0.688411	1.07683	1.90216	9.968057
3460	-7294.374	-7225.426	-68.94805	1.863899	15.3967	0.276469	0.639714	1.06618	2.01764	10.9992
3470	-7313.701	-7237.02	-76.6811	1.915076	17.06173	0.282922	0.645668	1.06771	2.0037	11.32849
3480	-7303.273	-7244.245	-59.02864	2.082712	15.67187	0.302952	0.66353	1.07193	1.96159	10.3516
3490	-7317.137	-7251.76	-65.37707	2.207939	16.59636	0.316894	0.675448	1.07442	1.93324	10.70237
3500	-7292.405	-7235.731	-56.67452	2.037484	14.42749	0.297709	0.658941	1.0709	1.97245	10.17529
3510	-7282.704	-7221.888	-60.81563	1.79413	14.1261	0.267397	0.63117	1.06387	2.03757	10.44919
3520	-7277.193	-7215.96	-61.23271	1.885952	15.27376	0.27927	0.642311	1.06685	2.01156	10.4997
3530	-7286.843	-7223.911	-62.93194	2.192964	14.00263	0.31527	0.67408	1.07414	1.9365	10.59329
3540	-7293.415	-7225.725	-67.68992	1.923804	14.37992	0.284006	0.646659	1.06796	2.00137	10.93866
3550	-7266.382	-7214.494	-51.88749	2.070831	17.69573	0.301586	0.66234	1.07167	1.96441	9.846297
3560	-7276.742	-7213.733	-63.00873	2.05401	13.02816	0.299638	0.660637	1.07128	1.96844	10.51509
3570	-7295.926	-7237.244	-58.68277	2.13524	15.54453	0.308901	0.668665	1.07303	1.9494	10.33129
3580	-7300.829	-7234.647	-66.18212	2.015509	13.68147	0.295119	0.656653	1.07037	1.97786	10.81117
3590	-7303.385	-7241.057	-62.32778	2.055596	15.88795	0.299822	0.660798	1.07132	1.96806	10.55451
3600	-7293.392	-7227.733	-65.65923	2.068354	15.00145	0.3013	0.662091	1.07161	1.965	10.79593
3610	-7320.947	-7248.722	-72.22443	1.826157	13.07147	0.271601	0.635155	1.06496	2.02828	11.22549
3620	-7274.429	-7229.157	-45.27136	2.175138	16.51288	0.313321	0.672433	1.07381	1.94043	9.490739
3630	-7295.108	-7234.337	-60.77101	2.012683	18.32461	0.294784	0.656356	1.0703	1.97856	10.29313
3640	-7281.224	-7226.78	-54.44437	1.953454	16.46843	0.287654	0.649971	1.06878	1.99359	10.04755
3650	-7280.322	-7226.911	-53.41133	2.187461	15.12031	0.31467	0.673574	1.07404	1.93771	9.983494
3660	-7286.804	-7229.647	-57.15678	2.187555	15.40375	0.31468	0.673583	1.07404	1.93769	10.23338
3670	-7289.504	-7237.954	-51.54922	2.525574	15.86678	0.348868	0.701342	1.07891	1.87088	9.876012
3680	-7278.039	-7228.042	-49.99686	2.062714	18.0485	0.300648	0.661521	1.07148	1.96635	9.721264
3690	-7298.311	-7243.997	-54.31313	2.234246	15.26037	0.31972	0.677816	1.07488	1.92758	10.0464
3700	-7295.525	-7241.914	-53.61093	2.443469	16.9256	0.341031	0.69517	1.07796	1.88584	9.981979
3710	-7294.473	-7233.792	-60.68031	2.368284	15.38221	0.333602	0.689218	1.07697	1.90022	10.46241
3720	-7283.875	-7221.337	-62.53763	2.047993	14.96662	0.298937	0.660022	1.07115	1.9699	10.58794
3730	-7295.693	-7229.518	-66.17491	2.054529	13.51607	0.299698	0.66069	1.0713	1.96832	10.8005
3740	-7265.563	-7217.267	-48.29537	2.074271	16.97927	0.301982	0.662686	1.07174	1.96359	9.666754
3750	-7296.346	-7240.129	-56.21726	2.010532	16.03392	0.294529	0.656129	1.07025	1.97909	10.16733
3760	-7272.831	-7221.56	-51.27121	2.290019	16.31681	0.3256	0.68269	1.0758	1.91591	9.857036
3770	-7286.409	-7231.467	-54.94172	1.622906	19.5724	0.2437	0.607813	1.05689	2.0916	9.868213
3780	-7296.441	-7239.671	-56.76969	2.011963	18.82735	0.294699	0.65628	1.07029	1.97874	10.03185
3790	-7278.106	-7220.834	-57.27278	2.148252	16.12108	0.310352	0.669906	1.07329	1.94645	10.2309
3800	-7290.88	-7239.056	-51.82419	1.879351	15.69117	0.278435	0.641539	1.06666	2.01337	9.892108
3810	-7288.81	-7237.779	-51.03103	2.27317	15.69117	0.323839	0.681238	1.07553	1.91939	9.84156
3820	-7288.237	-7235.795	-52.44218	1.968662	14.34002	0.289505	0.651639	1.06919	1.98967	9.875154
3830	-7294.906	-7233.603	-61.30305	2.173148	14.29015	0.313103	0.672247	1.07377	1.94088	10.49113
3840	-7300.465	-7238.023	-62.44191	2.163078	14.71372	0.311994	0.671306	1.07358	1.94312	10.58038
3850	-7309.79	-7239.649	-70.14085	2.255232	14.07773	0.32195	0.679672	1.07524	1.92314	11.10896
3860	-7319.376	-7236.948	-82.42788	2.061684	14.01344	0.300528	0.661417	1.07146	1.9666	11.98506
3870	-7308.806	-7235.298	-73.50795	2.014815	15.16108	0.295037	0.65658	1.07036	1.97803	11.31024
3880	-7290.23	-7236.519	-53.711	2.112791	15.77224	0.306377	0.666496	1.07257	1.95456	10.01247
3890	-7299.423	-7238.489	-60.93355	1.983361	18.3259	0.29128	0.653233	1.06957	1.98592	10.30188
3900	-7288.733	-7233.805	-54.92821	2.224873	14.74407	0.318717	0.676977	1.07472	1.92959	10.07109
3910	-7287.859	-7233.251	-54.60833	2.170738	17.11954	0.312838	0.672023	1.07373	1.94141	10.03204
3920	-7301.476	-7234.246	-67.2296	2.30951	14.72475	0.327619	0.684349	1.0761	1.91193	10.90565
3930	-7270.427	-7221.767	-48.65954	2.150764	16.15526	0.310631	0.670144	1.07334	1.94588	9.696782
3940	-7315.88	-7245.129	-70.75089	2.040596	14.77518	0.298073	0.659262	1.07097	1.97169	11.14332
3950	-7281.834	-7230.173	-51.66175	1.990151	15.37248	0.292096	0.653962	1.06974	1.9842	9.875859
3960	-7322.095	-7254.531	-67.56471	2.229191	13.59162	0.31918	0.677364	1.07479	1.92866	10.90763
3970	-7318.549	-7245.775	-72.77379	2.111593	14.57299	0.306241	0.666379	1.07255	1.95483	11.28729
3980	-7314.423	-7242.701	-71.72197	2.128597	15.49791	0.308157	0.668027	1.0729	1.95092	11.17311
3990	-7266.694	-7217.479	-49.21466	2.352518	17.38915	0.332013	0.687931	1.07674	1.90331	9.707899
4000	-7276.398	-7217.435	-58.9636	1.824885	15.09202	0.271436	0.634999	1.06492	2.02865	10.3505
4010	-7306.433	-7241.017	-65.41601	1.900487	15.91259	0.281099	0.643997	1.06729	2.00762	10.74761
4020	-7289.24	-7220.748	-68.4918	2.113043	14.13837	0.306405	0.66652	1.07258	1.9545	10.99277
4030	-7283.553	-7222.493	-61.06007	1.849931	14.69584	0.274678	0.638044	1.06574	2.02154	10.48615
4040	-7297.303	-7237.971	-59.33267	2.158848	15.8023	0.311527	0.670908	1.0735	1.94407	10.36819
4050	-7302.03	-7239.074	-62.95576	1.856123	16.22473	0.275473	0.638787	1.06593	2.01981	10.57812
4060	-7288.772	-7233.099	-55.67251	2.171114	15.5663	0.312879	0.672058	1.07374	1.94133	10.13765
4070	-7289.291	-7235.611	-53.68008	2.297205	15.74256	0.326346	0.683304	1.07591	1.91444	10.01049
4080	-7308.362	-7243.939	-64.42225	1.991765	15.92618	0.29229	0.654135	1.06978	1.98379	10.6845
4090	-7298.143	-7233.872	-64.27052	2.003945	16.18448	0.293745	0.655432	1.07009	1.98073	10.66146
4100	-7281.119	-7216.538	-64.58083	2.383897	14.30812	0.335165	0.690478	1.07718	1.89718	10.72093
4110	-7312.939	-7254.357	-58.58168	2.361911	16.54616	0.332961	0.688699	1.07688	1.90146	10.29527
4120	-7266.512	-7222.243	-44.26872	2.370731	15.91813	0.333848	0.689416	1.077	1.89974	9.418817
4130	-7279.749	-7228.635	-51.11446	2.616316	15.99549	0.357214	0.707797	1.07983	1.85515	9.849074
4140	-7265.486	-7215.582	-49.90402	2.172871	18.71848	0.313072	0.672222	1.07377	1.94094	9.674698
4150	-7316.716	-7253.633	-63.08328	2.008063	15.38117	0.294235	0.655868	1.07019	1.97971	10.61865
4160	-7274.254	-7225.625	-48.6292	2.205561	16.04937	0.316637	0.675232	1.07437	1.93376	9.69422
4170	-7295.476	-7236.045	-59.43082	2.524312	18.11702	0.34875	0.70125	1.0789	1.8711	10.23814
4180	-7294.407	-7233.744	-60.66314	1.962514	13.69776	0.288759	0.650967	1.06902	1.99125	10.40915
4190	-7283.785	-7229.452	-54.33316	2.243272	15.96217	0.320682	0.678618	1.07504	1.92567	10.05066
4200	-7283.039	-7222.454	-60.58481	2.161023	13.22794	0.311767	0.671112	1.07354	1.94358	10.35524
4210	-7291.431	-7236.898	-54.53276	2.056417	15.65274	0.299918	0.660882	1.07134	1.96786	10.06471
4220	-7278.57	-7223.034	-55.53661	1.920661	14.55295	0.283616	0.646303	1.06787	2.00221	10.10344
4230	-7299.934	-7237.229	-62.70543	1.713184	16.35854	0.256457	0.620581	1.06082	2.06214	10.55549
4240	-7299.556	-7237.075	-62.48083	2.236135	13.04824	0.319922	0.677984	1.07491	1.92718	10.47715
4250	-7316.058	-7249.036	-67.02247	1.980557	16.28859	0.290943	0.65293	1.0695	1.98663	10.82436
4260	-7288.125	-7229.062	-59.06355	1.936994	14.73792	0.285636	0.648142	1.06833	1.99789	10.35141
4270	-7283.369	-7224.426	-58.94346	2.188622	15.29698	0.314797	0.673681	1.07406	1.93746	10.34979
4280	-7305.162	-7239.484	-65.67832	1.815888	15.65734	0.270261	0.63389	1.06462	2.03123	10.77655
4290	-7273.09	-7208.918	-64.17242	2.114116	15.81336	0.306527	0.666625	1.0726	1.95425	10.67398
4300	-7272.181	-7209.747	-62.43367	1.710871	14.36061	0.256138	0.620267	1.06073	2.06286	10.57255
4310	-7286.417	-7225.576	-60.84162	1.668646	16.09158	0.250239	0.614416	1.05896	2.07638	10.45348
4320	-7288.237	-7227.46	-60.77679	1.908377	13.96593	0.282087	0.644903	1.06752	2.00549	10.43708
4330	-7269.654	-7217.995	-51.65902	2.001721	17.51682	0.29348	0.655197	1.07003	1.98129	9.842464
4340	-7251.62	-7200.297	-51.3225	2.259116	18.11965	0.32236	0.680013	1.0753	1.92233	9.790425
4350	-7259.857	-7211.873	-47.98373	1.993272	18.47196	0.29247	0.654296	1.06982	1.98341	9.586975
4360	-7276.006	-7226.522	-49.4848	2.323114	15.76587	0.329018	0.685493	1.07631	1.90918	9.744408
4370	-7276.425	-7215.651	-60.77374	2.477696	14.28938	0.344332	0.697783	1.07837	1.87952	10.45406
4380	-7275.775	-7209.152	-66.62306	1.682081	15.65415	0.25213	0.616302	1.05954	2.07203	10.83705
4390	-7290.66	-7232.657	-58.0027	2.142929	14.17371	0.309759	0.6694	1.07319	1.94765	10.25318
4400	-7274.935	-7220.65	-54.28509	2.561501	17.42612	0.352211	0.703942	1.07929	1.86455	9.997468
4410	-7283.96	-7238.252	-45.70772	2.189404	17.0434	0.314882	0.673753	1.07408	1.93729	9.513412
4420	-7264.22	-7222.355	-41.86445	2.026134	16.79224	0.296375	0.657764	1.07063	1.97523	9.287481
4430	-7302.147	-7249.192	-52.95448	1.887239	13.8135	0.279432	0.642461	1.06689	2.01121	9.860271
4440	-7285.348	-7227.387	-57.96054	1.993929	14.41921	0.292549	0.654367	1.06984	1.98325	10.26402
4450	-7290.121	-7241.796	-48.32509	2.363824	17.96575	0.333154	0.688855	1.0769	1.90109	9.632726
4460	-7322.176	-7264.476	-57.70031	2.001118	16.00447	0.293408	0.655133	1.07002	1.98144	10.26058
4470	-7301.608	-7238.983	-62.62478	2.217881	18.56506	0.317966	0.676348	1.07459	1.93109	10.37013
4480	-7284.131	-7225.916	-58.21502	1.909007	15.2145	0.282165	0.644975	1.06754	2.00532	10.3019
4490	-7284.227	-7226.879	-57.34842	2.214677	14.77912	0.317621	0.676059	1.07454	1.93178	10.23635
4500	-7299.577	-7245.703	-53.87357	2.244892	14.06337	0.320854	0.678761	1.07506	1.92532	9.952112
4510	-7298.067	-7240.47	-57.59715	1.879239	16.36805	0.27842	0.641525	1.06665	2.0134	10.24287
4520	-7267.662	-7221.903	-45.75953	2.522495	15.38195	0.348579	0.701116	1.07888	1.87143	9.492391
4530	-7291.476	-7226.845	-64.63173	2.032266	13.92653	0.297096	0.658401	1.07078	1.97373	10.71132
4540	-7304.112	-7238.935	-65.17614	1.85217	15.29016	0.274966	0.638313	1.06581	2.02091	10.75743
4550	-7260.226	-7208.19	-52.03525	2.199751	15.9492	0.316007	0.674702	1.07427	1.93502	9.906717
4560	-7281.483	-7227.565	-53.91787	2.05432	14.37124	0.299674	0.660668	1.07129	1.96837	9.980314
4570	-7299.579	-7242.204	-57.37498	2.144213	16.35717	0.309902	0.669522	1.07321	1.94736	10.22969
4580	-7304.168	-7235.82	-68.3481	1.942865	13.97607	0.286358	0.648797	1.06849	1.99635	10.97946
4590	-7296.574	-7228.873	-67.70073	1.848676	11.68996	0.274516	0.637893	1.0657	2.02189	10.65036
4600	-7299.136	-7228.776	-70.36021	2.396758	14.11029	0.336445	0.691507	1.07735	1.89469	11.12477
4610	-7291.547	-7218.652	-72.89469	2.205281	14.21573	0.316606	0.675207	1.07437	1.93382	11.30338
4620	-7277.473	-7213.96	-63.51263	2.023742	14.42028	0.296092	0.657515	1.07057	1.97582	10.64909
4630	-7281.472	-7219.751	-61.72038	2.186527	13.35569	0.314568	0.673488	1.07403	1.93792	10.45517
4640	-7288.864	-7232.495	-56.36941	2.351067	15.86281	0.331866	0.687812	1.07672	1.9036	10.17986
4650	-7295.266	-7228.589	-66.67725	2.388247	14.9913	0.335599	0.690827	1.07724	1.89633	10.86401
4660	-7297.024	-7236.25	-60.77464	1.85893	15.25902	0.275833	0.639122	1.06602	2.01902	10.46983
4670	-7279.091	-7220.599	-58.49128	2.275661	16.14282	0.3241	0.681453	1.07557	1.91887	10.30577
4680	-7285.763	-7227.435	-58.32837	2.516141	13.20622	0.347982	0.700649	1.07881	1.87256	10.18171
4690	-7283.564	-7221.196	-62.36761	2.171468	15.21953	0.312918	0.672091	1.07374	1.94125	10.57477
4700	-7290.471	-7224.811	-65.66006	1.805577	15.99839	0.268908	0.632607	1.06427	2.03422	10.75827
4710	-7294.972	-7230.539	-64.43291	1.80889	15.33796	0.269343	0.63302	1.06438	2.03326	10.70759
4720	-7297.733	-7219.727	-78.00566	1.799776	14.59506	0.268143	0.63188	1.06406	2.03591	11.64508
4730	-7304.457	-7230.243	-74.21443	1.829863	13.7472	0.272083	0.63561	1.06508	2.02722	11.39894
4740	-7301.587	-7234.597	-66.99012	2.476346	13.70349	0.344202	0.697681	1.07835	1.87976	10.87133
4750	-7294.144	-7230.015	-64.12907	1.837998	14.5937	0.273138	0.636601	1.06535	2.02491	10.69429
4760	-7289.865	-7227.162	-62.70237	2.417242	15.7067	0.338467	0.693127	1.07762	1.89078	10.58485
4770	-7273.92	-7214.899	-59.02081	2.400272	14.6407	0.336793	0.691787	1.0774	1.89402	10.34577
4780	-7279.178	-7220.747	-58.43122	2.49967	15.34675	0.346425	0.69943	1.07862	1.87552	10.31628
4790	-7288.631	-7228.974	-59.65771	2.208236	15.34373	0.316926	0.675475	1.07442	1.93318	10.39622
4800	-7287.225	-7227.157	-60.06853	2.220112	15.16978	0.318206	0.676549	1.07463	1.93061	10.4238
4810	-7273.572	-7215.597	-57.97481	2.075369	14.42559	0.302109	0.662796	1.07177	1.96333	10.26532
4820	-7281.572	-7220.11	-61.46176	1.892056	14.22893	0.28004	0.643021	1.06704	2.0099	10.49971
4830	-7283.723	-7213.716	-70.00636	2.085446	13.56376	0.303265	0.663803	1.07199	1.96094	11.0861
4840	-7297.73	-7227.114	-70.61672	1.873479	16.00363	0.277689	0.640848	1.06648	2.01499	11.0677
4850	-7305.43	-7231.424	-74.00681	2.524714	14.52711	0.348787	0.701279	1.0789	1.87103	11.3735
4860	-7294.415	-7243.408	-51.0065	1.764398	15.80637	0.263432	0.627369	1.0628	2.0464	9.841331
4870	-7301.158	-7230.6	-70.55823	1.873816	11.86188	0.277732	0.640888	1.06649	2.01489	10.93216
4880	-7285.425	-7224.894	-60.53088	2.296921	12.79404	0.326317	0.68328	1.07591	1.91449	10.2893
4890	-7288.373	-7226.155	-62.21838	2.298615	13.33657	0.326492	0.683424	1.07594	1.91415	10.49049
4900	-7285.427	-7218.373	-67.05359	1.814907	13.86913	0.270132	0.633768	1.06458	2.03152	10.88316
4910	-7306.33	-7236.182	-70.14833	2.013147	15.23579	0.294839	0.656405	1.07032	1.97844	11.08524
4920	-7293.399	-7233.772	-59.62745	2.115315	14.30809	0.306662	0.666741	1.07262	1.95397	10.37474
4930	-7271.273	-7226.956	-44.317	2.383668	16.90311	0.335142	0.69046	1.07718	1.89722	9.433027
4940	-7277.528	-7220.601	-56.92715	2.394936	18.05463	0.336264	0.691362	1.07733	1.89504	10.10477
4950	-7278.807	-7229.198	-49.60922	2.100639	16.37024	0.304999	0.665306	1.07232	1.95738	9.754838
4960	-7280.721	-7234.443	-46.27759	2.209136	16.63574	0.317023	0.675557	1.07444	1.93298	9.551395
4970	-7297.688	-7237.535	-60.15352	2.033292	16.61698	0.297217	0.658508	1.0708	1.97347	10.38652
4980	-7292.037	-7237.745	-54.29214	2.171857	15.32056	0.312961	0.672127	1.07375	1.94116	10.04614
4990	-7288.516	-7231.079	-57.43636	2.009503	15.04489	0.294406	0.65602	1.07023	1.97935	10.24857
5000	-7282.82	-7222.731	-60.08878	2.122293	14.28094	0.307448	0.667418	1.07277	1.95236	10.40573
5010	-7300.834	-7236.137	-64.69632	2.16564	15.37896	0.312277	0.671546	1.07363	1.94255	10.72358
5020	-7306.072	-7248.478	-57.59421	1.958905	16.54117	0.288319	0.650571	1.06893	1.99218	10.23581
5030	-7280.915	-7223.925	-56.99033	2.315469	17.28719	0.328233	0.684851	1.0762	1.91072	10.16136
5040	-7281.723	-7227.946	-53.77703	2.010933	16.19869	0.294576	0.656171	1.07026	1.97899	10.01285
5050	-7288.777	-7239.936	-48.84152	2.44308	17.93378	0.340993	0.69514	1.07795	1.88592	9.663061
5060	-7278.071	-7225.134	-52.93749	1.925263	15.34478	0.284187	0.646824	1.068	2.00099	9.958264
5070	-7289.877	-7224.065	-65.81174	2.246453	15.43398	0.32102	0.678899	1.07509	1.92499	10.79417
5080	-7283.175	-7221.961	-61.21408	2.28475	13.42115	0.325051	0.682238	1.07572	1.91699	10.42413
5090	-7301.403	-7235.708	-65.69471	2.28307	13.73816	0.324875	0.682093	1.07569	1.91734	10.77871
5100	-7281.856	-7224.162	-57.6945	2.354011	15.56243	0.332164	0.688053	1.07676	1.90302	10.26758
5110	-7287.594	-7225.408	-62.18588	2.136534	14.80409	0.309046	0.668789	1.07306	1.94911	10.56387
5120	-7285.042	-7231.336	-53.70502	2.620672	14.1276	0.357607	0.708098	1.07987	1.85442	9.945956
5130	-7275.146	-7218.663	-56.48301	2.58533	19.45949	0.3544	0.705634	1.07953	1.86043	9.957971
5140	-7292.652	-7226.617	-66.03481	2.570787	15.85305	0.353067	0.704604	1.07939	1.86294	10.78969
5150	-7286.377	-7231.005	-55.37108	2.55384	18.02271	0.351502	0.703393	1.07921	1.86589	10.02088
5160	-7267.436	-7211.323	-56.11344	2.06465	14.8582	0.300872	0.661717	1.07153	1.96588	10.15551
5170	-7266.76	-7219.402	-47.35771	2.292352	13.89981	0.325842	0.68289	1.07584	1.91543	9.467298
5180	-7284.015	-7238.983	-45.03221	2.060207	17.61746	0.300357	0.661267	1.07143	1.96695	9.4613
5190	-7271.748	-7231.218	-40.53049	2.161395	17.21419	0.311808	0.671147	1.07355	1.9435	9.209544
5200	-7292.018	-7236.206	-55.81171	1.966754	15.92172	0.289274	0.651431	1.06914	1.99016	10.14391
5210	-7299.623	-7239.896	-59.72679	2.233138	14.75744	0.319602	0.677717	1.07486	1.92782	10.39683
5220	-7307.901	-7246.406	-61.49477	2.496544	13.55338	0.346129	0.699197	1.07859	1.87609	10.45765
5230	-7297.922	-7231.132	-66.79033	2.039601	15.59827	0.297957	0.65916	1.07095	1.97193	10.8504
5240	-7289.031	-7224.455	-64.5763	2.188873	14.62663	0.314824	0.673704	1.07407	1.9374	10.72515
5250	-7286.95	-7235.337	-51.61298	2.278652	14.48476	0.324413	0.681712	1.07562	1.91825	9.828858
5260	-7307.567	-7242.656	-64.91077	2.208937	14.10344	0.317002	0.675539	1.07444	1.93302	10.73834
5270	-7286.964	-7228.161	-58.80295	2.271986	15.58172	0.323715	0.681135	1.07551	1.91964	10.33855
5280	-7292.399	-7237.204	-55.19475	2.658089	14.9854	0.36095	0.710649	1.08022	1.84819	10.09789
5290	-7278.179	-7227.797	-50.38119	2.058182	16.26478	0.300122	0.661061	1.07138	1.96744	9.802872
5300	-7293.785	-7241.447	-52.33708	2.582029	17.31386	0.354098	0.705401	1.0795	1.861	9.890977
5310	-7281.346	-7224.827	-56.5191	2.258722	15.94327	0.322319	0.679978	1.07529	1.92241	10.18796
5320	-7293.009	-7238.8	-54.20909	2.058075	15.08566	0.30011	0.66105	1.07138	1.96746	10.03528
5330	-7299.059	-7234.903	-64.15594	2.164102	18.28014	0.312107	0.671402	1.0736	1.94289	10.48242
5340	-7293.273	-7237.341	-55.93239	2.198181	13.26759	0.315837	0.674559	1.07424	1.93536	10.00936
5350	-7307.675	-7252.331	-55.34438	2.244268	15.8551	0.320788	0.678706	1.07505	1.92545	10.11532
5360	-7279.783	-7226.465	-53.31813	2.115476	15.99506	0.30668	0.666757	1.07263	1.95394	9.986845
5370	-7264.349	-7210.119	-54.22951	2.435388	15.38758	0.340244	0.694544	1.07786	1.88736	10.04312
5380	-7272.074	-7215.213	-56.86105	2.080421	14.21727	0.302689	0.663302	1.07188	1.96213	10.1756
5390	-7284.595	-7230.912	-53.68306	2.175535	16.50677	0.313365	0.67247	1.07382	1.94035	10.00031
5400	-7289.439	-7231.472	-57.96628	2.341918	16.9559	0.330938	0.687058	1.07659	1.90542	10.23763
5410	-7291.769	-7246.817	-44.95264	2.425861	15.60242	0.339313	0.693803	1.07773	1.88915	9.450569
5420	-7287.132	-7245.051	-42.08118	2.313831	17.41596	0.328064	0.684713	1.07617	1.91105	9.297294
5430	-7284.562	-7232.951	-51.61164	2.127397	16.33817	0.308022	0.667911	1.07287	1.95119	9.877616
5440	-7304.042	-7244.183	-59.85824	2.358692	13.34616	0.332637	0.688436	1.07683	1.9021	10.31464
5450	-7295.94	-7237.934	-58.00632	2.016093	14.28143	0.295188	0.656714	1.07039	1.97771	10.25994
5460	-7302.148	-7246.535	-55.6134	2.416108	14.82082	0.338356	0.693038	1.07761	1.891	10.12053
5470	-7290.337	-7228.139	-62.19762	2.023424	14.05202	0.296055	0.657482	1.07056	1.9759	10.54344
5480	-7299.008	-7236.04	-62.96746	2.433453	17.9884	0.340055	0.694394	1.07783	1.88772	10.44561
5490	-7259.697	-7207.062	-52.63492	2.110817	16.31488	0.306154	0.666303	1.07253	1.95501	9.940645
5500	-7307.09	-7237.495	-69.59557	2.160414	13.64719	0.3117	0.671055	1.07353	1.94371	11.05935
5510	-7298.731	-7234.769	-63.96175	1.978407	14.87174	0.290683	0.652698	1.06944	1.98718	10.68368
5520	-7273.233	-7226.45	-46.78291	2.011056	15.14572	0.294591	0.656184	1.07026	1.97896	9.546615
5530	-7277.767	-7221.303	-56.46405	2.542927	19.07634	0.350489	0.702605	1.0791	1.86781	9.993167
5540	-7273.539	-7220.244	-53.29534	2.169474	15.91669	0.312699	0.671905	1.0737	1.94169	9.985888
5550	-7275.523	-7219.2	-56.32305	2.361314	17.15871	0.332901	0.68865	1.07687	1.90158	10.13006
5560	-7295.441	-7230.258	-65.18367	1.94211	13.88426	0.286265	0.648713	1.06847	1.99655	10.74904
5570	-7299.966	-7234.352	-65.61388	2.333697	14.17165	0.330101	0.686376	1.07647	1.90705	10.79012
5580	-7275.135	-7221.208	-53.92645	2.067731	15.23714	0.301228	0.662028	1.0716	1.96515	10.02055
5590	-7293.564	-7230.909	-62.65419	2.732162	13.36088	0.367418	0.71553	1.08083	1.83622	10.5256
5600	-7287.339	-7232.939	-54.40035	2.082573	15.42132	0.302936	0.663517	1.07192	1.96162	10.05465
5610	-7284.052	-7235.051	-49.00089	2.117302	15.12223	0.306886	0.666935	1.07267	1.95351	9.6919
5620	-7279.801	-7223.961	-55.83967	2.440478	15.34697	0.34074	0.694939	1.07792	1.8864	10.14742
5630	-7289.648	-7240.089	-49.55905	2.125134	16.10736	0.307768	0.667693	1.07283	1.95171	9.752378
5640	-7297.473	-7232.75	-64.72341	2.519532	16.39857	0.348301	0.700899	1.07885	1.87195	10.67629
5650	-7271.38	-7224.821	-46.55878	2.112464	15.58604	0.30634	0.666464	1.07256	1.95463	9.55291
5660	-7285.112	-7232.609	-52.50264	2.294049	17.41334	0.326019	0.683035	1.07587	1.91508	9.895807
5670	-7295.788	-7228.94	-66.8485	2.357029	14.65698	0.332469	0.6883	1.07681	1.90242	10.88032
5680	-7269.767	-7218.598	-51.16942	2.120359	18.16991	0.307231	0.667231	1.07273	1.95281	9.77891
5690	-7319.261	-7241.728	-77.53271	2.377072	14.14047	0.334483	0.689929	1.07709	1.8985	11.63216
5700	-7300.273	-7233.432	-66.84149	2.180234	13.8162	0.31388	0.672906	1.07391	1.93931	10.86571
5710	-7272.774	-7212.826	-59.9485	2.367596	12.84078	0.333533	0.689162	1.07696	1.90035	10.25149
5720	-7275.24	-7223.607	-51.63301	2.647546	15.22587	0.360013	0.709936	1.08012	1.84993	9.869661
5730	-7282.641	-7218.383	-64.25786	2.365625	16.80628	0.333335	0.689002	1.07693	1.90074	10.62001
5740	-7261.185	-7210.784	-50.40059	2.029966	15.63047	0.296826	0.658163	1.07072	1.97429	9.800298
5750	-7263.494	-7213.255	-50.23898	1.98097	16.11929	0.290992	0.652975	1.06951	1.98653	9.794588
5760	-7294.101	-7229.646	-64.45531	2.191399	12.76297	0.315099	0.673937	1.07412	1.93685	10.59165
5770	-7278.77	-7223.226	-55.54369	2.330575	17.36122	0.329782	0.686116	1.07642	1.90768	10.07348
5780	-7282.241	-7223.809	-58.43199	2.275823	15.09522	0.324117	0.681467	1.07557	1.91884	10.31531
5790	-7268.46	-7211.1	-57.35942	2.245587	17.54648	0.320928	0.678822	1.07507	1.92518	10.16589
5800	-7298.589	-7238.837	-59.75164	2.567519	15.42703	0.352766	0.704372	1.07935	1.86351	10.4016
5810	-7296.598	-7229.48	-67.11794	1.941121	14.57745	0.286144	0.648603	1.06844	1.99681	10.89917
5820	-7282.982	-7223.189	-59.79285	2.294729	15.78178	0.326089	0.683093	1.07588	1.91494	10.39783
5830	-7278.516	-7220.283	-58.23256	2.111483	15.77232	0.306229	0.666368	1.07254	1.95486	10.29914
5840	-7275.339	-7213.498	-61.8414	2.30963	14.63469	0.327631	0.684359	1.07611	1.9119	10.53832
5850	-7276.572	-7225.933	-50.63898	2.276656	15.17038	0.324204	0.681539	1.07559	1.91867	9.802221
5860	-7298.227	-7236.619	-61.60782	1.925164	16.15668	0.284175	0.646812	1.068	2.00101	10.49821
5870	-7292.473	-7229.273	-63.20019	2.276318	15.04934	0.324169	0.68151	1.07558	1.91874	10.63164
5880	-7285.054	-7230.385	-54.66915	2.075152	16.61581	0.302084	0.662774	1.07176	1.96338	10.05651
5890	-7312.347	-7239.642	-72.70516	2.060486	14.88344	0.30039	0.661295	1.07143	1.96688	11.27109
5900	-7286.394	-7232.877	-53.51672	2.346036	16.51011	0.331356	0.687398	1.07665	1.9046	9.990142
5910	-7281.652	-7223.936	-57.71632	2.302336	13.51007	0.326878	0.683741	1.07599	1.91339	10.174
5920	-7296.247	-7230.085	-66.16208	2.401123	13.67986	0.336877	0.691854	1.07741	1.89386	10.80961
5930	-7270.478	-7213.318	-57.16082	2.090033	13.4106	0.30379	0.664258	1.07209	1.95986	10.1208
5940	-7273.108	-7224.521	-48.58716	2.45409	15.78047	0.34206	0.695987	1.07809	1.88387	9.687768
5950	-7290.674	-7224.181	-66.49321	2.156943	14.69048	0.311316	0.670728	1.07346	1.94449	10.85589
5960	-7320.349	-7253.125	-67.22391	1.820867	14.52526	0.270912	0.634505	1.06479	2.0298	10.90659
5970	-7303.895	-7240.357	-63.53769	1.949943	16.31025	0.287225	0.649583	1.06869	1.99451	10.60918
5980	-7277.047	-7210.85	-66.19703	2.335988	15.84893	0.330334	0.686566	1.0765	1.9066	10.80014
5990	-7296.026	-7226.602	-69.42365	2.016598	14.19492	0.295248	0.656767	1.0704	1.97759	11.0591
6000	-7296.178	-7239.238	-56.93947	2.397309	16.95419	0.336499	0.691551	1.07736	1.89459	10.17716
6010	-7280.031	-7224.844	-55.1875	2.281897	15.97759	0.324753	0.681992	1.07567	1.91758	10.10397
6020	-7299.763	-7236.596	-63.16665	2.003724	15.99586	0.293719	0.655409	1.07008	1.98079	10.60253
6030	-7295.045	-7233.585	-61.45992	2.324895	16.8308	0.329201	0.685642	1.07634	1.90882	10.45195
6040	-7284.572	-7219.805	-64.76765	1.92047	15.03225	0.283593	0.646281	1.06787	2.00226	10.73605
6050	-7301.175	-7241.32	-59.8545	1.930058	17.60869	0.28478	0.647364	1.06814	1.99972	10.30332
6060	-7284.757	-7222.748	-62.00899	2.323892	13.59087	0.329098	0.685558	1.07632	1.90902	10.49881
6070	-7296.461	-7240.396	-56.06486	2.226994	17.2106	0.318945	0.677167	1.07475	1.92913	10.11216
6080	-7278.975	-7223.745	-55.23001	2.21953	16.46485	0.318143	0.676497	1.07462	1.93074	10.09537
6090	-7295.343	-7230.805	-64.5371	2.273738	13.41107	0.323899	0.681287	1.07554	1.91927	10.67087
6100	-7298.555	-7234.985	-63.56969	2.802279	17.48806	0.373363	0.719958	1.08135	1.82533	10.52493
6110	-7278.161	-7223.089	-55.0729	2.388041	14.72908	0.335578	0.690811	1.07724	1.89637	10.08024
6120	-7269.244	-7221.187	-48.05681	2.75106	16.71891	0.369037	0.716742	1.08098	1.83325	9.65733
6130	-7302.152	-7243.063	-59.08964	2.054112	14.48049	0.29965	0.660647	1.07129	1.96842	10.34486
6140	-7302.502	-7245.101	-57.40138	1.963585	16.63589	0.288889	0.651085	1.06905	1.99098	10.22006
6150	-7284.556	-7235.354	-49.20217	2.393877	15.04962	0.336159	0.691278	1.07732	1.89525	9.70151
6160	-7291.847	-7231.432	-60.41519	2.298302	16.10754	0.32646	0.683398	1.07593	1.91421	10.42636
6170	-7304.36	-7237.698	-66.66153	1.787897	16.54553	0.266571	0.630381	1.06365	2.0394	10.78364
6180	-7325.242	-7252.477	-72.76416	1.988528	15.63882	0.291901	0.653788	1.0697	1.98461	11.23046
6190	-7328.841	-7254.696	-74.14482	2.044506	13.22899	0.29853	0.659664	1.07106	1.97074	11.38039
6200	-7292.183	-7234.361	-57.8214	2.453729	14.73905	0.342025	0.695959	1.07808	1.88393	10.26716
6210	-7292.148	-7242.673	-49.47527	2.348143	16.04548	0.33157	0.687571	1.07668	1.90418	9.746916
6220	-7306.769	-7250.425	-56.34422	2.195133	16.61023	0.315506	0.674279	1.07418	1.93603	10.15755
6230	-7310.331	-7238.44	-71.89126	2.059765	13.47408	0.300306	0.661222	1.07142	1.96706	11.22185
6240	-7294.971	-7240.686	-54.28492	2.335431	14.46523	0.330277	0.68652	1.07649	1.90671	10.0121
6250	-7308.983	-7255.63	-53.3533	2.481148	17.79572	0.344662	0.698043	1.07841	1.87888	9.923194
6260	-7276.878	-7226.313	-50.56566	2.054249	14.74665	0.299666	0.660661	1.07129	1.96838	9.775365
6270	-7299.616	-7238.841	-60.77571	2.418508	14.0861	0.338592	0.693227	1.07764	1.89054	10.44418
6280	-7284.91	-7229.515	-55.3946	2.34274	13.86545	0.331021	0.687126	1.0766	1.90525	10.04215
6290	-7291.319	-7242.243	-49.0762	2.131123	16.48301	0.30844	0.66827	1.07295	1.95034	9.721449
6300	-7316.858	-7249.472	-67.38636	2.285569	15.56384	0.325136	0.682308	1.07573	1.91683	10.89028
6310	-7291.394	-7232.503	-58.89049	2.059507	15.77259	0.300276	0.661196	1.07141	1.96712	10.34085
6320	-7296.921	-7230.251	-66.66988	2.130594	13.49988	0.308381	0.668219	1.07294	1.95046	10.83606
6330	-7292.829	-7232.214	-60.61564	2.040417	16.99963	0.298052	0.659244	1.07097	1.97174	10.39102
6340	-7297.284	-7229.082	-68.20273	2.171035	15.11778	0.312871	0.67205	1.07373	1.94134	10.96183
6350	-7298.534	-7230.223	-68.31035	2.233123	17.63319	0.3196	0.677715	1.07486	1.92782	10.78096
6360	-7287.226	-7221.68	-65.54578	2.252359	13.92598	0.321646	0.67942	1.07519	1.92375	10.77693
6370	-7320.42	-7243.256	-77.16348	2.40875	14.81116	0.337631	0.692458	1.07751	1.8924	11.57516
6380	-7287.39	-7230.679	-56.71087	1.955023	15.57114	0.287846	0.650144	1.06882	1.99319	10.20433
6390	-7310.143	-7237.706	-72.43695	1.892908	15.35121	0.280147	0.64312	1.06706	2.00967	11.22863
6400	-7283.222	-7228.844	-54.3783	2.42271	16.09346	0.339004	0.693556	1.07769	1.88975	10.05179
6410	-7288.455	-7228.235	-60.22031	2.20748	13.8186	0.316844	0.675407	1.07441	1.93334	10.38666
6420	-7284.944	-7226.876	-58.06837	2.058134	15.37156	0.300117	0.661056	1.07138	1.96745	10.29262
6430	-7295.296	-7235.604	-59.69208	1.942411	14.83827	0.286302	0.648747	1.06848	1.99647	10.39604
6440	-7289.709	-7241.886	-47.823	1.978262	15.85235	0.290666	0.652682	1.06944	1.98722	9.640885
6450	-7287.808	-7234.696	-53.11137	2.490351	17.22647	0.34554	0.698734	1.07852	1.87721	9.939823
6460	-7295.12	-7237.114	-58.0055	2.290844	14.42625	0.325685	0.682761	1.07581	1.91574	10.26748
6470	-7290.002	-7229.166	-60.83618	2.274041	13.08204	0.32393	0.681313	1.07555	1.91921	10.35568
6480	-7284.255	-7222.499	-61.75635	1.899763	16.12828	0.281008	0.643913	1.06727	2.00781	10.50869
6490	-7296.011	-7236.07	-59.94124	2.23095	17.20459	0.319368	0.677521	1.07482	1.92829	10.33781
6500	-7321.425	-7253.05	-68.37444	1.896668	12.91465	0.28062	0.643556	1.06717	2.00865	10.91565
6510	-7286.13	-7229.83	-56.29933	1.801018	14.97192	0.268307	0.632036	1.06411	2.03555	10.17126
6520	-7288.277	-7223.895	-64.38197	2.246438	12.76933	0.321018	0.678898	1.07509	1.925	10.58682
6530	-7305.865	-7242.989	-62.87632	2.212124	16.165	0.317346	0.675828	1.07449	1.93233	10.5763
6540	-7278.87	-7228.98	-49.89024	1.933228	15.68733	0.285172	0.64772	1.06823	1.99888	9.768786
6550	-7304.726	-7233.764	-70.96165	1.840943	14.34613	0.273519	0.636959	1.06545	2.02407	11.16655
6560	-7309.678	-7242.218	-67.45979	2.230149	14.07324	0.319282	0.67745	1.07481	1.92846	10.91841
6570	-7279.42	-7215.061	-64.35921	1.983954	13.99979	0.291352	0.653296	1.06958	1.98577	10.69509
6580	-7294.482	-7226.226	-68.25526	2.047469	14.10796	0.298876	0.659968	1.07113	1.97002	10.97555
6590	-7330.305	-7250.979	-79.32562	2.452581	10.97275	0.341914	0.695871	1.07807	1.88415	11.49
6600	-7309.349	-7251.432	-57.91735	1.974652	15.34411	0.29023	0.652291	1.06934	1.98814	10.28279
6610	-7305.829	-7241.178	-64.65149	1.81809	13.44093	0.270549	0.634162	1.06469	2.0306	10.68187
6620	-7314.824	-7260.71	-54.11405	1.916305	14.95421	0.283075	0.645808	1.06775	2.00337	10.02467
6630	-7287.568	-7242.831	-44.73635	2.288467	15.68835	0.325438	0.682557	1.07578	1.91623	9.440288
6640	-7308.928	-7259.075	-49.85231	2.071562	17.89139	0.30167	0.662414	1.07168	1.96423	9.72163
6650	-7291.131	-7230.465	-60.66573	2.354311	16.28966	0.332194	0.688078	1.07677	1.90296	10.43406
6660	-7289.868	-7230.873	-58.99493	2.55674	13.48829	0.351771	0.703601	1.07924	1.86538	10.26628
6670	-7300.855	-7246.485	-54.36982	2.379868	15.40262	0.334763	0.690154	1.07713	1.89796	10.05244
6680	-7295.432	-7242.933	-52.49839	2.059843	17.03477	0.300315	0.66123	1.07142	1.96704	9.912182
6690	-7307.183	-7247.073	-60.10999	2.130333	15.92415	0.308351	0.668194	1.07293	1.95052	10.4138
6700	-7310.838	-7241.809	-69.02875	1.829347	12.94927	0.272016	0.635546	1.06507	2.02737	10.96975
6710	-7286.615	-7230.544	-56.07183	2.234687	17.05565	0.319767	0.677855	1.07489	1.92749	10.12088
6720	-7283.383	-7228.571	-54.81191	2.089961	14.59904	0.303782	0.664251	1.07209	1.95988	10.05614
6730	-7295.466	-7227.643	-67.8235	2.359194	13.0335	0.332687	0.688477	1.07684	1.902	10.88518
6740	-7296.785	-7254.449	-42.33653	2.38698	16.50305	0.335473	0.690726	1.07722	1.89658	9.312866
6750	-7281.475	-7227.47	-54.00549	2.038745	18.34101	0.297856	0.659071	1.07093	1.97214	9.922722
6760	-7311.966	-7255.608	-56.3579	1.84509	15.94304	0.274054	0.63746	1.06558	2.0229	10.17785
6770	-7295.625	-7231.36	-64.26486	2.03723	14.16917	0.297679	0.658915	1.07089	1.97251	10.69484
6780	-7294.566	-7237.615	-56.95122	1.813479	16.42706	0.269945	0.633591	1.06454	2.03193	10.20131
6790	-7286.039	-7223.525	-62.51386	2.058095	17.23179	0.300112	0.661053	1.07138	1.96746	10.48523
6800	-7281.168	-7224.812	-56.35645	2.077438	14.58595	0.302347	0.663004	1.07181	1.96284	10.16133
6810	-7299.48	-7243.699	-55.78068	2.037225	15.55686	0.297678	0.658915	1.07089	1.97251	10.1446
6820	-7321.431	-7248.902	-72.52909	1.961574	13.07488	0.288644	0.650864	1.069	1.99149	11.24902
6830	-7298.723	-7238.973	-59.75024	2.070616	13.98206	0.301561	0.662319	1.07166	1.96446	10.36468
6840	-7276.122	-7220.194	-55.92851	1.819993	15.95976	0.270797	0.634397	1.06476	2.03005	10.15065
6850	-7315.785	-7254.879	-60.90569	2.615434	15.91803	0.357135	0.707736	1.07983	1.8553	10.46398
6860	-7295.824	-7246.211	-49.61244	2.101719	16.35089	0.305122	0.665412	1.07234	1.95713	9.75517
6870	-7294.582	-7241.393	-53.18863	2.205083	16.76539	0.316585	0.675189	1.07437	1.93386	9.962758
6880	-7301.315	-7239.355	-61.95986	2.322966	14.019	0.329003	0.685481	1.07631	1.90921	10.52476
6890	-7317.798	-7252.352	-65.44626	2.184222	16.35913	0.314316	0.673275	1.07398	1.93843	10.723
6900	-7288.193	-7237.11	-51.08258	2.105527	15.58914	0.305554	0.665786	1.07242	1.95624	9.843215
6910	-7301.719	-7245.995	-55.72442	2.009467	15.15931	0.294402	0.656017	1.07022	1.97936	10.13724
6920	-7284.461	-7230.708	-53.75332	1.969937	15.64029	0.289659	0.651778	1.06922	1.98934	10.01485
6930	-7302.745	-7241.617	-61.12838	1.907605	14.08529	0.28199	0.644815	1.0675	2.0057	10.46918
6940	-7305.123	-7245.447	-59.67543	2.152058	14.41119	0.310774	0.670267	1.07337	1.94559	10.38263
6950	-7310.856	-7240.692	-70.16357	2.303758	14.98651	0.327025	0.683861	1.07602	1.9131	11.09675
6960	-7303.811	-7232.39	-71.4213	2.001152	17.46933	0.293412	0.655136	1.07002	1.98143	10.976
6970	-7305.825	-7249.904	-55.92087	2.064313	14.50441	0.300833	0.661683	1.07152	1.96597	10.12732
6980	-7282.213	-7236.287	-45.92603	2.723923	16.71073	0.366708	0.714998	1.08077	1.83753	9.529931
6990	-7276.427	-7227.691	-48.73595	2.213497	15.05317	0.317494	0.675952	1.07452	1.93204	9.670726
7000	-7295.108	-7235.512	-59.59556	2.264515	14.1988	0.32293	0.680485	1.07539	1.92119	10.36694
7010	-7308.651	-7244.188	-64.4638	2.553667	14.9417	0.351486	0.70338	1.07921	1.86592	10.71689
7020	-7291.472	-7231.114	-60.35763	2.185534	14.57446	0.31446	0.673396	1.07401	1.93814	10.43533
7030	-7305.706	-7239.362	-66.34377	1.885328	14.83802	0.279191	0.642238	1.06684	2.01173	10.84432
7040	-7301.325	-7238.16	-63.16496	2.09743	13.18355	0.304634	0.66499	1.07225	1.95813	10.54544
7050	-7288.466	-7230.088	-58.37799	1.886328	15.51518	0.279317	0.642355	1.06687	2.01146	10.31195
7060	-7291.782	-7228.147	-63.63539	2.227901	13.41142	0.319042	0.677249	1.07477	1.92894	10.60367
7070	-7286.155	-7222.282	-63.87279	1.935512	16.02726	0.285453	0.647976	1.06829	1.99828	10.64513
7080	-7299.334	-7231.434	-67.90012	2.17776	14.76252	0.313609	0.672676	1.07386	1.93985	10.95059
7090	-7297.838	-7236.162	-61.67633	2.061849	14.8566	0.300548	0.661433	1.07146	1.96656	10.5299
7100	-7291.723	-7227.892	-63.83085	1.896723	15.28394	0.280627	0.643562	1.06718	2.00863	10.66958
7110	-7267.766	-7204.447	-63.31938	1.936531	15.71043	0.285579	0.64809	1.06832	1.99801	10.624
7120	-7282.616	-7222.823	-59.79289	1.904281	14.11255	0.281575	0.644433	1.0674	2.00659	10.376
7130	-7295.267	-7233.044	-62.22312	2.114897	13.12457	0.306615	0.666701	1.07262	1.95407	10.46697
7140	-7304.506	-7239.534	-64.97188	2.193885	16.66332	0.31537	0.674165	1.07416	1.9363	10.67314
7150	-7289.163	-7217.44	-71.72291	2.068441	11.41304	0.30131	0.6621	1.07161	1.96498	10.92786
7160	-7286.232	-7225.274	-60.95862	2.214348	15.11407	0.317586	0.676029	1.07453	1.93185	10.48266
7170	-7292.943	-7230.152	-62.79137	1.979524	15.99337	0.290818	0.652819	1.06947	1.98689	10.57918
7180	-7277.737	-7225.122	-52.61561	1.751278	14.56355	0.261663	0.625659	1.06231	2.05037	9.903417
7190	-7292.671	-7230.952	-61.71931	1.892187	16.39044	0.280056	0.643036	1.06704	2.00987	10.49353
7200	-7295.542	-7229.669	-65.87265	1.690674	13.78479	0.253332	0.617496	1.0599	2.06927	10.79406
7210	-7307.105	-7243.963	-63.14152	2.178223	14.57151	0.31366	0.672719	1.07387	1.93975	10.6263
7220	-7281.742	-7224.023	-57.71913	2.071784	15.32499	0.301696	0.662436	1.07169	1.96418	10.26984
7230	-7284.53	-7228.545	-55.98515	2.349399	16.8626	0.331697	0.687675	1.0767	1.90393	10.12521
7240	-7299.394	-7241.803	-57.59063	2.152659	13.84229	0.310841	0.670324	1.07338	1.94546	10.19849
7250	-7295.872	-7235.882	-59.98949	2.218672	13.95691	0.318051	0.67642	1.07461	1.93092	10.38009
7260	-7286.399	-7239.523	-46.87594	2.568799	17.23634	0.352884	0.704463	1.07937	1.86329	9.577607
7270	-7279.219	-7230.106	-49.11353	2.247131	16.71633	0.321092	0.678959	1.0751	1.92485	9.72058
7280	-7290.644	-7229.403	-61.24053	2.402554	14.86029	0.337019	0.691968	1.07743	1.89358	10.5006
7290	-7291.367	-7231.147	-60.22035	2.308135	14.30389	0.327477	0.684232	1.07608	1.91221	10.41599
7300	-7298.507	-7233.114	-65.39292	1.803324	15.90084	0.268611	0.632325	1.06419	2.03488	10.74677
7310	-7307.284	-7249.661	-57.62257	2.109516	15.24814	0.306006	0.666176	1.0725	1.95531	10.26319
7320	-7290.653	-7233.442	-57.21128	2.241205	15.17719	0.320462	0.678434	1.075	1.9261	10.23553
7330	-7290.555	-7233.618	-56.93653	2.06977	19.45971	0.301463	0.662234	1.07164	1.96466	9.981255
7340	-7301.986	-7240.182	-61.80482	1.675484	13.5686	0.251203	0.615379	1.05926	2.07416	10.48186
7350	-7293.83	-7232.019	-61.81041	2.185881	14.33671	0.314497	0.673428	1.07401	1.93806	10.52833
7360	-7282.664	-7224.908	-57.75531	2.400622	15.3943	0.336828	0.691815	1.07741	1.89395	10.27224
7370	-7264.706	-7211.423	-53.28347	2.035528	15.81765	0.297479	0.658739	1.07085	1.97293	9.985383
7380	-7279.359	-7224.121	-55.23787	1.724205	14.72655	0.257974	0.622068	1.06126	2.05869	10.09133
7390	-7282.755	-7221.194	-61.56121	2.087078	13.46073	0.303452	0.663965	1.07202	1.96056	10.4539
7400	-7274.47	-7221.739	-52.73157	2.229048	15.45064	0.319164	0.677351	1.07479	1.92869	9.946977
7410	-7323.234	-7245.769	-77.46532	2.122503	13.96954	0.307472	0.667439	1.07277	1.95232	11.63195
7420	-7302.475	-7236.918	-65.55766	2.201906	13.79687	0.316241	0.674899	1.07431	1.93455	10.77182
7430	-7309.313	-7247.187	-62.12544	2.174002	15.91349	0.313197	0.672327	1.07379	1.94069	10.54078
7440	-7289.434	-7242.404	-47.02943	2.189077	17.39799	0.314846	0.673723	1.07407	1.93736	9.581965
7450	-7304.382	-7243.091	-61.29165	2.333031	14.41952	0.330033	0.686321	1.07646	1.90719	10.49505
7460	-7313.682	-7238.349	-75.33281	1.877282	11.68474	0.278172	0.641296	1.06659	2.01394	11.30222
7470	-7286.555	-7224.992	-61.56284	1.873056	14.92739	0.277635	0.640798	1.06646	2.0151	10.52268
7480	-7278.7	-7235.395	-43.30531	2.248243	16.41478	0.32121	0.679057	1.07512	1.92461	9.370438
7490	-7284.35	-7229.206	-55.14351	2.482358	17.57613	0.344778	0.698134	1.07842	1.87866	10.03779
7500	-7287.671	-7224.108	-63.56269	1.734691	14.40987	0.259409	0.623469	1.06167	2.05545	10.65234
7510	-7315.185	-7245.444	-69.74052	1.670023	13.55065	0.250433	0.61461	1.05902	2.07594	11.06592
7520	-7302.673	-7238.124	-64.54927	2.038655	14.86914	0.297846	0.659062	1.07093	1.97216	10.7232
7530	-7321.35	-7246.578	-74.77153	2.17875	18.33065	0.313717	0.672768	1.07388	1.93963	11.05634
7540	-7318.059	-7252.435	-65.62463	2.427752	15.06764	0.339498	0.69395	1.07776	1.88879	10.79237
7550	-7280.749	-7228.621	-52.12877	2.041442	17.10089	0.298172	0.659349	1.07099	1.97149	9.887942
7560	-7298.849	-7237.976	-60.87294	2.295231	15.82271	0.326141	0.683136	1.07588	1.91484	10.46504
7570	-7296.909	-7245.266	-51.64342	1.860973	16.12614	0.276094	0.639366	1.06609	2.01845	9.881675
7580	-7281.308	-7226.044	-55.26415	1.950064	14.95393	0.28724	0.649596	1.06869	1.99448	10.10157
7590	-7280.576	-7227.404	-53.17185	1.812716	15.8618	0.269845	0.633496	1.06451	2.03215	9.978287
7600	-7300.958	-7243.149	-57.80966	2.119884	14.71808	0.307177	0.667185	1.07272	1.95292	10.2657
7610	-7297.751	-7234.604	-63.14727	1.795472	13.79689	0.267575	0.631339	1.06391	2.03717	10.59712
7620	-7277.876	-7226.926	-50.94995	2.253394	15.41199	0.321756	0.679511	1.07521	1.92353	9.830659
7630	-7294.669	-7243.41	-51.25809	2.439714	15.62848	0.340665	0.69488	1.07791	1.88655	9.855128
7640	-7288.466	-7235.823	-52.64272	1.692581	15.09988	0.253599	0.61776	1.05998	2.06866	9.931954
7650	-7296.192	-7231.821	-64.37136	2.361138	14.91235	0.332883	0.688636	1.07686	1.90162	10.71095
7660	-7281.282	-7227.143	-54.13871	2.156464	15.38137	0.311263	0.670683	1.07345	1.9446	10.03712
7670	-7290.666	-7227.019	-63.64689	2.078408	15.96977	0.302458	0.663101	1.07183	1.96261	10.63379
7680	-7309.163	-7241.296	-67.86742	1.848279	15.48787	0.274465	0.637845	1.06568	2.02201	10.92487
7690	-7302.514	-7236.637	-65.87644	2.073658	16.3015	0.301912	0.662625	1.07173	1.96374	10.75315
7700	-7306.931	-7234.458	-72.47336	2.05951	13.97862	0.300277	0.661196	1.07141	1.96712	11.27463
7710	-7288.184	-7228.186	-59.99772	2.658971	14.711	0.361028	0.710708	1.08022	1.84804	10.41421
7720	-7284.716	-7227.467	-57.24951	1.863717	14.41722	0.276445	0.639692	1.06617	2.01769	10.21461
7730	-7288.337	-7223.456	-64.88021	2.437047	14.37629	0.340406	0.694673	1.07788	1.88705	10.7432
7740	-7290.986	-7217.198	-73.78858	2.374078	13.38899	0.334184	0.689687	1.07705	1.89908	11.35996
7750	-7285.981	-7221.504	-64.47714	1.783801	15.553	0.266026	0.62986	1.0635	2.04061	10.70375
7760	-7287.228	-7223.989	-63.2387	1.861286	14.80034	0.276134	0.639403	1.0661	2.01837	10.63498
7770	-7295.882	-7236.273	-59.60927	2.039971	13.89718	0.298	0.659198	1.07096	1.97184	10.34852
7780	-7289.914	-7235.256	-54.65861	2.068285	15.42731	0.301292	0.662084	1.07161	1.96502	10.07146
7790	-7304.084	-7238.692	-65.39202	2.122021	13.90302	0.307418	0.667392	1.07276	1.95243	10.76489
7800	-7304.69	-7242.006	-62.68327	2.271205	15.09339	0.323633	0.681067	1.0755	1.9198	10.59695
7810	-7290.831	-7231.287	-59.54436	1.739559	15.99338	0.260072	0.624115	1.06186	2.05395	10.37616
7820	-7292.357	-7230.368	-61.98884	1.994022	16.81259	0.29256	0.654377	1.06984	1.98322	10.48458
7830	-7299.141	-7249.129	-50.01163	2.023563	14.59987	0.296071	0.657496	1.07057	1.97586	9.727394
7840	-7287.722	-7224.57	-63.152	1.865467	15.02229	0.276669	0.6399	1.06623	2.0172	10.62865
7850	-7269.475	-7217.645	-51.83008	2.28471	15.63355	0.325046	0.682234	1.07572	1.917	9.891795
7860	-7286.271	-7233.503	-52.76803	2.139326	17.01581	0.309358	0.669056	1.07311	1.94847	9.928759
7870	-7298.781	-7243.653	-55.12856	2.529304	14.11154	0.349217	0.701615	1.07895	1.87022	10.0454
7880	-7281.174	-7215.715	-65.45874	1.938753	12.4642	0.285852	0.648339	1.06838	1.99743	10.62487
7890	-7304.59	-7230.13	-74.46037	1.946355	14.0317	0.286786	0.649185	1.06859	1.99544	11.41632
7900	-7298.854	-7229.335	-69.51897	2.238734	14.95591	0.320199	0.678215	1.07496	1.92663	11.05476
7910	-7310.897	-7244.254	-66.64251	2.060241	14.24082	0.300361	0.66127	1.07143	1.96694	10.86401
7920	-7296.677	-7231.838	-64.83863	1.992119	13.6423	0.292332	0.654173	1.06979	1.9837	10.71047
7930	-7296.948	-7228.192	-68.75668	2.05022	14.76837	0.299197	0.66025	1.0712	1.96936	11.0085
7940	-7298.412	-7230.529	-67.88328	2.571809	13.45702	0.353161	0.704677	1.0794	1.86276	10.92333
7950	-7275.41	-7216.82	-58.58965	2.45227	13.55578	0.341884	0.695848	1.07806	1.8842	10.24356
7960	-7289.295	-7230.068	-59.22725	1.964203	16.32008	0.288964	0.651152	1.06907	1.99082	10.3445
7970	-7271.307	-7212.23	-59.07741	2.029131	14.50448	0.296727	0.658076	1.0707	1.97449	10.34495
7980	-7292.5	-7224.135	-68.36527	1.653962	14.43784	0.248157	0.612327	1.05832	2.0812	10.98557
7990	-7305.643	-7229.819	-75.82361	1.930787	12.42343	0.28487	0.647446	1.06816	1.99953	11.45223
8000	-7310.302	-7237.175	-73.12638	2.280647	13.76908	0.324622	0.681884	1.07565	1.91784	11.32008
8010	-7292.211	-7227.642	-64.56895	2.167947	15.38789	0.312531	0.671762	1.07368	1.94203	10.71504
8020	-7293.263	-7234.533	-58.73006	2.07796	15.68146	0.302407	0.663056	1.07182	1.96271	10.33239
8030	-7303.671	-7245.995	-57.67556	2.093863	14.41154	0.304228	0.664638	1.07217	1.95896	10.24387
8040	-7273.329	-7226.779	-46.55056	2.24469	16.07016	0.320833	0.678743	1.07506	1.92537	9.565042
8050	-7285.569	-7229.835	-55.7346	2.68687	17.9287	0.363487	0.712571	1.08046	1.84348	10.04778
8060	-7298.525	-7233.036	-65.48966	1.864779	16.30154	0.276581	0.639819	1.06621	2.01739	10.72942
8070	-7311.401	-7243.174	-68.22707	2.066708	14.43384	0.30111	0.661925	1.07157	1.96539	10.97601
8080	-7309.115	-7238.47	-70.64413	2.251263	14.88255	0.32153	0.679323	1.07517	1.92398	11.13264
8090	-7304.732	-7239.349	-65.38385	2.14223	14.21655	0.309681	0.669333	1.07317	1.94781	10.77505
8100	-7289.692	-7226.973	-62.71884	2.875302	14.10043	0.379379	0.724381	1.08183	1.81441	10.58278
8110	-7296.02	-7231.599	-64.4218	1.998171	14.56593	0.293056	0.654819	1.06994	1.98218	10.71411
8120	-7289.056	-7222.663	-66.3928	2.254455	15.98153	0.321868	0.679604	1.07522	1.9233	10.80505
8130	-7278.308	-7226.713	-51.59541	2.217899	16.00868	0.317968	0.67635	1.0746	1.93109	9.879127
8140	-7277.614	-7226.987	-50.62674	2.193906	14.88445	0.315372	0.674167	1.07416	1.9363	9.787724
8150	-7295.531	-7241.265	-54.26599	2.074716	16.19936	0.302033	0.662731	1.07175	1.96348	10.04302
8160	-7305.731	-7237.124	-68.6074	2.329798	14.28133	0.329702	0.686052	1.07641	1.90784	11.00224
8170	-7288.309	-7224.952	-63.35709	2.16698	13.16277	0.312424	0.671671	1.07366	1.94225	10.55771
8180	-7282.852	-7227.48	-55.37265	2.118725	14.48422	0.307047	0.667073	1.0727	1.95319	10.08839
8190	-7273.848	-7221.785	-52.0635	1.89962	14.60556	0.28099	0.643897	1.06726	2.00785	9.868308
8200	-7287.751	-7227.113	-60.63836	2.152451	13.49001	0.310818	0.670304	1.07337	1.9455	10.3883
8210	-7290.678	-7223.231	-67.44789	2.565043	15.7033	0.352538	0.704195	1.07933	1.86394	10.88717
8220	-7279.82	-7223.876	-55.94424	2.137797	16.26428	0.309187	0.66891	1.07308	1.94882	10.14492
8230	-7284.529	-7222.911	-61.61806	2.094847	15.7954	0.30434	0.664735	1.07219	1.95873	10.51304
8240	-7280.852	-7227.327	-53.52532	2.090939	16.11716	0.303894	0.664348	1.07211	1.95965	9.998492
8250	-7289.423	-7229.643	-59.78025	2.297902	14.4376	0.326418	0.683363	1.07593	1.91429	10.39095
8260	-7296.288	-7235.619	-60.66887	2.121586	15.39848	0.307369	0.66735	1.07275	1.95253	10.46145
8270	-7300.059	-7230.211	-69.84763	2.238033	15.45047	0.320124	0.678153	1.07495	1.92678	11.05478
8280	-7303.167	-7235.436	-67.73098	1.758738	15.46531	0.26267	0.626634	1.06259	2.04811	10.91711
8290	-7286.466	-7221.383	-65.08249	2.332175	14.652	0.329945	0.68625	1.07645	1.90736	10.75983
8300	-7283.552	-7226.333	-57.21925	1.941446	15.08342	0.286183	0.648639	1.06845	1.99672	10.23478
8310	-7299.4	-7233.902	-65.49825	1.932463	13.6705	0.285077	0.647634	1.0682	1.99908	10.76053
8320	-7280.507	-7230.393	-50.11403	2.245303	17.19582	0.320898	0.678797	1.07507	1.92524	9.766917
8330	-7260.262	-7206.58	-53.6817	2.297086	15.79225	0.326334	0.683294	1.07591	1.91446	10.0106
8340	-7270.472	-7214.105	-56.36706	2.318355	13.2816	0.32853	0.685094	1.07624	1.91014	10.04411
8350	-7269.346	-7214.944	-54.40225	2.260557	14.86833	0.322513	0.680139	1.07533	1.92202	10.04075
8360	-7273.392	-7226.935	-46.45685	2.069152	16.50073	0.301392	0.662171	1.07163	1.96481	9.562537
8370	-7282.455	-7221.348	-61.10664	2.377026	13.6471	0.334479	0.689925	1.07709	1.89851	10.43731
8380	-7307.416	-7236.889	-70.52721	2.371688	15.60065	0.333944	0.689494	1.07701	1.89955	11.08982
8390	-7294.393	-7236.299	-58.09362	2.059704	15.88524	0.300299	0.661216	1.07141	1.96707	10.28807
8400	-7291.559	-7239.246	-52.31263	2.573395	14.99697	0.353306	0.70479	1.07941	1.86249	9.906054
8410	-7279.484	-7231.991	-47.4929	2.181506	15.27771	0.314019	0.673024	1.07393	1.93902	9.600322
8420	-7290.05	-7227.059	-62.99019	2.126496	13.58811	0.307921	0.667824	1.07285	1.9514	10.57078
8430	-7284.568	-7226.841	-57.7273	2.057272	15.01566	0.300017	0.660969	1.07136	1.96766	10.26743
8440	-7281.024	-7227.62	-53.40328	2.54701	16.57358	0.350869	0.7029	1.07914	1.86709	9.981546
8450	-7289.542	-7236.42	-53.12214	2.19308	15.8436	0.315282	0.674091	1.07415	1.93648	9.975175
8460	-7274.37	-7225.079	-49.29124	2.436175	19.39238	0.340321	0.694605	1.07787	1.88721	9.593586
8470	-7300.606	-7242.042	-58.56472	1.901813	17.44506	0.281265	0.644149	1.06733	2.00726	10.24174
8480	-7297.447	-7230.492	-66.95511	2.139496	14.20664	0.309376	0.669072	1.07312	1.94843	10.8854
8490	-7305.921	-7241.238	-64.68362	1.878623	15.35759	0.278342	0.641453	1.06663	2.01357	10.72338
8500	-7286.063	-7231.601	-54.46245	2.373925	17.09278	0.334168	0.689675	1.07704	1.89911	10.02479
8510	-7289.639	-7237.057	-52.58193	2.527841	16.54922	0.34908	0.701508	1.07894	1.87047	9.932592
8520	-7290.756	-7240.963	-49.7928	2.279061	17.40476	0.324456	0.681747	1.07563	1.91817	9.74053
8530	-7319.456	-7254.528	-64.92807	2.187939	14.62528	0.314722	0.673618	1.07405	1.93761	10.7492
8540	-7297.951	-7231.351	-66.60073	2.545271	18.67253	0.350707	0.702775	1.07912	1.86739	10.57199
8550	-7296.2	-7232.983	-63.21658	2.098303	17.07189	0.304733	0.665076	1.07227	1.95793	10.53855
8560	-7290.4	-7237.002	-53.39784	2.301289	14.28343	0.326769	0.683652	1.07598	1.9136	9.937409
8570	-7290.089	-7243.021	-47.0678	2.08949	19.51938	0.303728	0.664205	1.07208	1.95999	9.469798
8580	-7295.961	-7234.258	-61.70298	2.253296	12.66822	0.321745	0.679502	1.0752	1.92355	10.3604
8590	-7293.388	-7224.834	-68.55407	1.843946	14.60457	0.273907	0.637322	1.06554	2.02323	10.99738
8600	-7314.529	-7246.423	-68.10546	2.026845	14.81536	0.296458	0.657838	1.07065	1.97506	10.96351
8610	-7294.796	-7223.847	-70.94922	1.68602	14.49724	0.252682	0.616851	1.05971	2.07076	11.16358
8620	-7280.509	-7220.645	-59.86375	2.21693	14.34995	0.317864	0.676262	1.07458	1.9313	10.39313
8630	-7273.442	-7218.784	-54.65778	2.316356	16.36678	0.328324	0.684926	1.07621	1.91054	10.06333
8640	-7284.087	-7225.876	-58.21118	2.204573	15.27477	0.31653	0.675142	1.07436	1.93397	10.30188
8650	-7292.263	-7229.426	-62.83703	2.376472	14.68719	0.334423	0.68988	1.07708	1.89862	10.60698
8660	-7289.348	-7236.075	-53.27256	1.942535	15.4812	0.286317	0.64876	1.06848	1.99644	9.982441
8670	-7281.244	-7233.637	-47.60648	2.086616	16.80332	0.303399	0.663919	1.07201	1.96067	9.629265
8680	-7288.096	-7232.74	-55.35586	2.284425	15.42385	0.325017	0.68221	1.07571	1.91706	10.11663
8690	-7278.403	-7232.578	-45.82538	1.996158	14.68715	0.292816	0.654605	1.06989	1.98269	9.448708
8700	-7283.283	-7238.302	-44.98077	2.687739	15.0937	0.363563	0.712629	1.08047	1.84334	9.424111
8710	-7278.382	-7240.213	-38.16833	2.279345	15.45574	0.324486	0.681772	1.07563	1.91811	9.004812
8720	-7291.103	-7232.674	-58.42821	2.035826	13.43241	0.297514	0.65877	1.07086	1.97286	10.21787
8730	-7294.033	-7232.951	-61.08206	2.40746	14.71402	0.337504	0.692356	1.0775	1.89264	10.48797
8740	-7310.829	-7251.387	-59.44134	2.072399	12.86038	0.301767	0.662498	1.0717	1.96404	10.21522
8750	-7292.653	-7228.241	-64.41176	2.156139	14.33951	0.311227	0.670652	1.07345	1.94467	10.70984
8760	-7288.537	-7233.998	-54.5391	2.047388	16.79291	0.298867	0.65996	1.07113	1.97004	10.04225
8770	-7281.384	-7222.976	-58.40761	2.545424	14.67522	0.350721	0.702786	1.07913	1.86737	10.30502
8780	-7273.13	-7211.596	-61.53432	2.51745	17.22748	0.348105	0.700746	1.07882	1.87233	10.4287
8790	-7296.873	-7239.471	-57.40135	2.454438	14.74634	0.342094	0.696014	1.07809	1.8838	10.2389
8800	-7292.296	-7236.635	-55.66028	2.701752	14.43508	0.364787	0.713553	1.08059	1.84107	10.10543
8810	-7281.843	-7226.794	-55.04905	1.897092	17.40313	0.280673	0.643605	1.06719	2.00853	10.04262
8820	-7291.509	-7231.707	-59.80165	2.082686	15.12829	0.302949	0.663528	1.07193	1.9616	10.40615
8830	-7277.261	-7215.507	-61.75363	2.014086	14.63311	0.29495	0.656503	1.07034	1.97821	10.53229
8840	-7278.08	-7220.835	-57.24507	2.331616	15.1881	0.329888	0.686203	1.07644	1.90747	10.23788
8850	-7299.932	-7229.154	-70.77809	2.182093	15.2544	0.314083	0.673078	1.07394	1.9389	11.12564
8860	-7293.175	-7226.075	-67.09983	1.973704	14.0781	0.290115	0.652188	1.06932	1.98838	10.89295
8870	-7278.054	-7219.538	-58.51504	2.129102	13.82853	0.308213	0.668076	1.07291	1.9508	10.2641
8880	-7296.308	-7228.227	-68.0805	2.18201	14.11954	0.314074	0.67307	1.07394	1.93891	10.96337
8890	-7293.318	-7230.503	-62.81426	2.317151	14.73117	0.328406	0.684993	1.07622	1.91038	10.60584
8900	-7287.273	-7222.422	-64.85081	2.027545	14.10815	0.296541	0.657911	1.07066	1.97488	10.73425
8910	-7282.201	-7210.358	-71.84279	1.65656	14.16677	0.248526	0.612699	1.05843	2.08034	11.22967
8920	-7293.24	-7230.743	-62.49692	2.218407	15.62894	0.318023	0.676396	1.0746	1.93098	10.57424
8930	-7288.83	-7222.144	-66.68597	2.135583	14.13138	0.308939	0.668698	1.07304	1.94932	10.86488
8940	-7295.318	-7230.141	-65.17639	2.124529	13.40717	0.3077	0.667635	1.07281	1.95185	10.71823
8950	-7309.108	-7241.813	-67.29582	1.81437	15.29882	0.270062	0.633701	1.06457	2.03167	10.89574
8960	-7294.095	-7233.828	-60.26682	1.954274	14.98334	0.287755	0.650062	1.0688	1.99338	10.43635
8970	-7288.546	-7234.36	-54.18556	2.209683	15.64956	0.317082	0.675607	1.07445	1.93286	10.04251
8980	-7284.311	-7228.789	-55.52232	2.102182	17.12126	0.305175	0.665457	1.07235	1.95702	10.08534
8990	-7269.079	-7223.822	-45.25723	2.134864	17.20805	0.308859	0.668629	1.07302	1.94949	9.484245
9000	-7277.159	-7224.881	-52.27791	2.442053	15.75351	0.340893	0.695061	1.07794	1.88611	9.921495
9010	-7268.952	-7209.714	-59.23772	2.014748	14.88802	0.295029	0.656573	1.07035	1.97804	10.36631
9020	-7302.29	-7236.241	-66.04847	2.13496	13.99461	0.30887	0.668638	1.07303	1.94947	10.81558
9030	-7291.68	-7225.018	-66.66175	1.915197	13.43528	0.282937	0.645682	1.06772	2.00367	10.83104
9040	-7303.433	-7238.761	-64.67221	1.909865	14.87778	0.282272	0.645073	1.06756	2.00509	10.73141
9050	-7315.062	-7244.604	-70.45745	2.164803	13.0535	0.312184	0.671467	1.07361	1.94273	11.08889
9060	-7310.251	-7247.889	-62.36276	2.396426	14.88851	0.336412	0.691481	1.07735	1.89476	10.57621
9070	-7303.821	-7233.031	-70.78948	1.570103	12.67134	0.235952	0.599824	1.05429	2.10994	11.07802
9080	-7305.647	-7243.02	-62.62711	2.166841	16.06021	0.312409	0.671658	1.07365	1.94228	10.5659
9090	-7304.56	-7243.176	-61.38392	2.003124	16.86358	0.293647	0.655345	1.07007	1.98094	10.44531
9100	-7297.114	-7231.211	-65.90235	2.55352	15.50651	0.351473	0.70337	1.07921	1.86595	10.79726
9110	-7276.673	-7222.037	-54.63637	2.619728	16.96573	0.357522	0.708033	1.07987	1.85458	10.04081
9120	-7311.279	-7248.425	-62.85395	2.267044	15.12637	0.323196	0.680705	1.07543	1.92067	10.60793
9130	-7280.029	-7231.799	-48.23005	2.182537	17.34295	0.314132	0.673119	1.07395	1.9388	9.652823
9140	-7267.691	-7214.182	-53.50899	2.08747	15.28992	0.303497	0.664004	1.07203	1.96047	9.994376
9150	-7288.818	-7226.42	-62.39728	2.191943	16.51436	0.315159	0.673987	1.07413	1.93673	10.52778
9160	-7267.023	-7212.752	-54.27079	2.433019	15.74948	0.340013	0.69436	1.07783	1.8878	10.04801
9170	-7272.109	-7219.357	-52.75154	1.897759	16.07121	0.280757	0.643682	1.06721	2.00835	9.950902
9180	-7279.283	-7222.355	-56.92718	2.474513	14.62455	0.344027	0.697542	1.07833	1.8801	10.20211
9190	-7293.716	-7237.7	-56.01613	1.958088	14.40606	0.28822	0.650481	1.0689	1.99239	10.1284
9200	-7284.062	-7228.333	-55.72897	2.053174	17.77657	0.299541	0.660552	1.07127	1.96864	10.05799
9210	-7298.812	-7242.602	-56.21025	1.914014	14.86749	0.28279	0.645547	1.06768	2.00398	10.16232
9220	-7301.721	-7244.171	-57.54991	2.209615	16.90939	0.317075	0.6756	1.07445	1.93288	10.21556
9230	-7298.617	-7239.464	-59.15301	2.224738	14.86997	0.318703	0.676965	1.07472	1.92962	10.3603
9240	-7278.428	-7222.771	-55.6569	1.874081	15.30437	0.277766	0.640919	1.06649	2.01482	10.13503
9250	-7303.584	-7249.205	-54.37988	2.138518	13.97037	0.309267	0.668979	1.0731	1.94866	9.979473
9260	-7289.129	-7233.848	-55.28088	2.381757	16.92131	0.334952	0.690306	1.07715	1.89759	10.08084
9270	-7291.775	-7240.874	-50.90101	2.512953	17.57558	0.347681	0.700414	1.07877	1.87313	9.796438
9280	-7291.463	-7223.273	-68.18985	2.128778	16.68084	0.308177	0.668044	1.0729	1.95088	10.86478
9290	-7286.672	-7227.286	-59.38553	2.548787	16.97812	0.351034	0.703029	1.07916	1.86678	10.31998
9300	-7289.738	-7232.943	-56.79456	1.942181	16.82406	0.286274	0.648721	1.06847	1.99653	10.17508
9310	-7276.32	-7215.96	-60.35989	1.826361	14.34371	0.271628	0.635181	1.06497	2.02822	10.42745
9320	-7291.607	-7234.581	-57.02592	2.32904	15.04862	0.329625	0.685988	1.0764	1.90799	10.22135
9330	-7287.885	-7221.082	-66.80302	1.874689	15.04471	0.277843	0.640991	1.06651	2.01465	10.87115
9340	-7319.488	-7249.997	-69.49118	1.719991	13.36318	0.257395	0.621501	1.0611	2.06001	11.03746
9350	-7322.566	-7252.414	-70.15213	1.986576	13.86061	0.291667	0.653579	1.06965	1.9851	11.10638
9360	-7304.853	-7235.029	-69.82356	1.983054	11.62512	0.291243	0.6532	1.06956	1.986	10.81646
9370	-7306.523	-7230.929	-75.59339	2.049528	13.40649	0.299116	0.660179	1.07118	1.96952	11.49518
9380	-7305.791	-7233.375	-72.41637	2.054399	16.62262	0.299683	0.660676	1.07129	1.96835	11.12393
9390	-7323.187	-7256.326	-66.86115	2.197155	12.99073	0.315725	0.674465	1.07422	1.93559	10.80686
9400	-7302.946	-7226.622	-76.32416	1.940755	15.12615	0.286098	0.648562	1.06843	1.99691	11.49846
9410	-7281.66	-7215.888	-65.7715	1.901895	14.16318	0.281276	0.644159	1.06733	2.00724	10.80102
9420	-7284.244	-7212.746	-71.49772	1.958205	13.05079	0.288234	0.650494	1.06891	1.99236	11.16838
9430	-7309.276	-7237.323	-71.95323	2.250435	14.56123	0.321442	0.67925	1.07516	1.92415	11.23129
9440	-7293.284	-7225.063	-68.22074	2.271021	16.72738	0.323614	0.681051	1.0755	1.91984	10.86266
9450	-7288.403	-7224.293	-64.11012	1.989227	14.9521	0.291985	0.653863	1.06972	1.98443	10.69314
9460	-7269.478	-7216.294	-53.18308	2.22226	15.97079	0.318437	0.676743	1.07467	1.93015	9.978561
9470	-7286.48	-7232.873	-53.6063	2.529629	16.63007	0.349248	0.701639	1.07896	1.87016	9.992111
9480	-7296.806	-7238.239	-58.56738	2.023757	15.95138	0.296094	0.657516	1.07057	1.97582	10.31622
9490	-7261.841	-7219.731	-42.11016	2.669315	17.96272	0.361943	0.711403	1.08031	1.84634	9.286883
9500	-7271.749	-7223.834	-47.91483	2.357968	18.95604	0.332564	0.688377	1.07682	1.90224	9.553122
9510	-7275.95	-7225.712	-50.23825	2.382657	18.51415	0.335042	0.690379	1.07716	1.89742	9.706284
9520	-7299.881	-7240.815	-59.06557	2.102828	13.22453	0.305248	0.665521	1.07236	1.95687	10.23995
9530	-7305.032	-7236.587	-68.44475	2.122981	13.8358	0.307526	0.667485	1.07278	1.95221	10.98241
9540	-7308.962	-7247.949	-61.01325	1.987072	14.11373	0.291727	0.653632	1.06966	1.98498	10.46253
9550	-7336.384	-7260.065	-76.31971	2.016338	15.43339	0.295217	0.65674	1.07039	1.97765	11.47505
9560	-7301.859	-7237.954	-63.90418	1.887736	14.29897	0.279495	0.642519	1.06691	2.01108	10.6734
9570	-7310.409	-7246.084	-64.32482	1.806301	15.61564	0.269003	0.632697	1.06429	2.03401	10.69169
9580	-7328.62	-7251.117	-77.50304	1.914313	15.21746	0.282827	0.645581	1.06769	2.0039	11.5694
9590	-7301.844	-7245.232	-56.61153	2.176648	16.62196	0.313487	0.672573	1.07384	1.9401	10.17316
9600	-7285.351	-7233.156	-52.19462	2.224984	15.34438	0.318729	0.676987	1.07472	1.92956	9.909842
9610	-7293.578	-7230.567	-63.011	2.225685	15.93447	0.318804	0.67705	1.07473	1.92941	10.59553
9620	-7292.102	-7230.608	-61.49345	1.894436	14.5696	0.280339	0.643297	1.06711	2.00925	10.51315
9630	-7308.457	-7244.929	-63.52768	2.521392	14.07242	0.348475	0.701036	1.07887	1.87162	10.63897
9640	-7297.39	-7239.651	-57.73864	1.958918	13.97566	0.288321	0.650573	1.06893	1.99218	10.22031
9650	-7286.947	-7227.255	-59.69182	2.1674	16.24354	0.312471	0.671711	1.07366	1.94215	10.37619
9660	-7296.065	-7236.109	-59.95527	2.155123	16.91667	0.311114	0.670557	1.07343	1.9449	10.35737
9670	-7301.903	-7236.458	-65.44461	2.004685	15.8231	0.293833	0.655511	1.07011	1.98055	10.75395
9680	-7286.495	-7228.564	-57.93033	1.999251	15.14905	0.293185	0.654934	1.06997	1.98191	10.28266
9690	-7293.872	-7236.97	-56.90133	2.610181	15.3864	0.35666	0.707372	1.07978	1.85619	10.21675
9700	-7298.382	-7231.501	-66.88082	1.85805	15.14974	0.27572	0.639017	1.06599	2.01927	10.87347
9710	-7299.622	-7238.652	-60.97036	2.139228	14.30157	0.309347	0.669047	1.07311	1.94849	10.46833
9720	-7297.029	-7227.875	-69.1533	1.886998	13.70049	0.279402	0.642433	1.06689	2.01128	11.02907
9730	-7300.064	-7229.858	-70.20522	2.21358	16.21658	0.317503	0.67596	1.07452	1.93202	11.02559
9740	-7302.315	-7233.144	-69.171	2.261291	15.95944	0.32259	0.680203	1.07534	1.92187	10.98041
9750	-7310.462	-7244.415	-66.04696	2.063154	13.49345	0.300699	0.661566	1.07149	1.96624	10.78947
9760	-7316.603	-7239.449	-77.15389	1.941622	12.15841	0.286205	0.648659	1.06846	1.99668	11.53009
9770	-7293.775	-7231.743	-62.03168	2.181722	14.98919	0.314043	0.673044	1.07394	1.93898	10.55413
9780	-7301.7	-7228.201	-73.49914	1.985579	15.00007	0.291547	0.653471	1.06962	1.98536	11.31861
9790	-7303.097	-7228.451	-74.64683	1.839408	12.69702	0.273321	0.636773	1.0654	2.02451	11.38468
9800	-7304.013	-7236.368	-67.64424	2.155934	12.80118	0.311204	0.670633	1.07344	1.94472	10.84615
9810	-7298.435	-7234.464	-63.97115	2.661397	15.79659	0.361243	0.710871	1.08024	1.84764	10.66196
9820	-7275.478	-7218.076	-57.40183	2.079881	13.88001	0.302627	0.663248	1.07187	1.96226	10.18819
9830	-7281.141	-7224.612	-56.52893	2.109405	16.50477	0.305994	0.666165	1.0725	1.95534	10.17279
9840	-7264.414	-7213.296	-51.11844	2.176862	15.83208	0.313511	0.672593	1.07384	1.94005	9.848623
9850	-7292.285	-7234.994	-57.29156	1.920055	14.88878	0.283541	0.646234	1.06785	2.00237	10.23561
9860	-7282.657	-7228.346	-54.31076	1.899615	14.52589	0.28099	0.643896	1.06726	2.00785	10.01761
9870	-7288.929	-7227.263	-61.66563	1.861977	15.07742	0.276223	0.639485	1.06612	2.01817	10.52959
9880	-7294.853	-7231.502	-63.35072	1.926709	18.19007	0.284366	0.646987	1.06804	2.0006	10.44733
9890	-7287.497	-7228.286	-59.21098	2.834798	17.04696	0.376064	0.721951	1.08157	1.82042	10.30548
9900	-7271.596	-7220.016	-51.58016	2.102599	17.43125	0.305222	0.665498	1.07236	1.95692	9.842008
9910	-7279.868	-7218.065	-61.8034	1.877621	15.84102	0.278215	0.641335	1.0666	2.01385	10.5232
9920	-7284.592	-7225.785	-58.8071	2.523076	14.67098	0.348634	0.701159	1.07889	1.87132	10.33211
9930	-7292.699	-7231.911	-60.78722	2.20234	14.00601	0.316288	0.674939	1.07432	1.93446	10.44033
9940	-7274.293	-7220.861	-53.43124	2.461056	16.38457	0.342733	0.69652	1.07817	1.88258	9.987999
9950	-7283.969	-7218.599	-65.37014	1.890387	16.7937	0.279829	0.642827	1.06699	2.01036	10.68716
9960	-7319.679	-7256.816	-62.86337	2.341014	16.79298	0.330846	0.686983	1.07658	1.9056	10.53794
9970	-7288.913	-7236.245	-52.6676	2.043983	15.35683	0.298469	0.659611	1.07105	1.97087	9.940948
9980	-7267.47	-7218.035	-49.43488	2.061811	14.94665	0.300543	0.66143	1.07146	1.96657	9.711339
9990	-7293.492	-7235.336	-58.156	2.172694	15.74152	0.313053	0.672205	1.07377	1.94098	10.29483
10000	-7274.995	-7218.874	-56.12131	2.276188	14.1099	0.324155	0.681499	1.07558	1.91876	10.11563
