Iteration	Posterior	Likelihood	Prior	alpha_morpho	br_len_lambda	rates_morpho[1]	rates_morpho[2]	rates_morpho[3]	rates_morpho[4]	tree_length
0	-11965.81	-11747.44	-218.3637	448817.4	5.720146	0.998103	0.999515	1.00048	1.0019	28.19626
10	-9534.726	-9360.641	-174.0853	694820.5	6.42884	0.998475	0.99961	1.00039	1.00153	21.10355
20	-8441.679	-8309.036	-132.6436	763951	8.381334	0.998546	0.999628	1.00037	1.00145	16.29078
30	-7997.513	-7896.954	-100.5588	497035.9	10.65977	0.998198	0.999539	1.00046	1.0018	13.38806
40	-7876.496	-7780.371	-96.12479	849764.7	12.02586	0.998621	0.999647	1.00035	1.00138	13.09014
50	-7804.835	-7712.795	-92.04011	590610	14.21968	0.998346	0.999577	1.00042	1.00165	12.64973
60	-7625.934	-7550.327	-75.60707	299437.9	11.80536	0.997678	0.999406	1.00059	1.00232	11.34799
70	-7553.563	-7489.924	-63.63983	995234.6	14.91836	0.998726	0.999674	1.00033	1.00127	10.66187
80	-7572.549	-7503.995	-68.55437	884161.5	14.59219	0.998649	0.999654	1.00034	1.00135	10.99754
90	-7527.476	-7464.667	-62.8084	398223.6	14.52673	0.997986	0.999485	1.00051	1.00201	10.60263
100	-7509.858	-7451.215	-58.64273	531058.5	15.46731	0.998256	0.999554	1.00044	1.00174	10.32944
110	-7482.228	-7429.309	-52.9193	290623.9	18.44909	0.997643	0.999397	1.0006	1.00236	9.855819
120	-7458.153	-7418.128	-40.02444	277395.2	18.23385	0.997588	0.999383	1.00062	1.00241	9.16371
130	-7460.992	-7411.93	-49.06174	827136.1	14.19111	0.998603	0.999643	1.00036	1.0014	9.62424
140	-7446.473	-7400.856	-45.61638	554782.9	16.89501	0.998294	0.999564	1.00044	1.00171	9.509987
150	-7400.392	-7365.437	-34.95453	681508	17.12597	0.998461	0.999606	1.00039	1.00154	8.884127
160	-7401.578	-7366.298	-35.28021	153550.5	16.65648	0.996758	0.99917	1.00083	1.00325	8.89105
170	-7369.784	-7343.025	-26.7583	134763.1	18.65385	0.99654	0.999113	1.00088	1.00346	8.438258
180	-7376.468	-7343.331	-33.137	527490.9	18.07116	0.99825	0.999552	1.00045	1.00175	8.787031
190	-7369.251	-7336.855	-32.39581	737562	18.16361	0.99852	0.999622	1.00038	1.00148	8.745714
200	-7393.78	-7353.776	-40.00399	411911.3	20.58686	0.99802	0.999493	1.00051	1.00198	9.041678
210	-7376.815	-7350.749	-26.066	911379.1	20.44725	0.998669	0.99966	1.00034	1.00133	8.369543
220	-7416.548	-7367.846	-48.70235	331944.1	19.81231	0.997795	0.999436	1.00056	1.00221	9.530375
230	-7397.348	-7365.045	-32.30274	66977.88	19.58929	0.995093	0.998741	1.00125	1.00492	8.71094
240	-7383.869	-7350.615	-33.25387	396631.9	18.27235	0.997982	0.999484	1.00051	1.00202	8.792028
250	-7377.39	-7353.134	-24.25546	971612.3	17.98576	0.998711	0.99967	1.00033	1.00129	8.293491
260	-7388.583	-7353.384	-35.19852	276504.5	15.36957	0.997584	0.999382	1.00062	1.00242	8.804626
270	-7394.768	-7361.932	-32.83601	496751.3	17.25236	0.998197	0.999539	1.00046	1.0018	8.763399
280	-7403.702	-7366.379	-37.32258	399725.4	16.55615	0.99799	0.999486	1.00051	1.00201	9.01075
290	-7376.239	-7347.406	-28.83297	414140	19.7344	0.998026	0.999495	1.0005	1.00198	8.529805
300	-7397.885	-7349.215	-48.66987	771746.9	16.17128	0.998553	0.99963	1.00037	1.00145	9.697485
310	-7386.571	-7342.214	-44.35642	169318.3	14.47093	0.996913	0.999209	1.00079	1.00309	9.326357
320	-7382.517	-7345.1	-37.41719	902138.7	16.26747	0.998662	0.999658	1.00034	1.00134	9.005927
330	-7381.839	-7353.343	-28.49602	927350.7	17.01533	0.99868	0.999663	1.00034	1.00132	8.502298
340	-7395.607	-7362.664	-32.94252	892174.4	19.21092	0.998655	0.999656	1.00034	1.00135	8.756292
350	-7396.52	-7362.392	-34.12804	547135.1	19.24073	0.998282	0.999561	1.00044	1.00172	8.817005
360	-7376.56	-7341.6	-34.96015	965638.4	18.76482	0.998707	0.999669	1.00033	1.00129	8.875149
370	-7385.617	-7349.96	-35.65694	68130.06	16.42658	0.995134	0.998752	1.00124	1.00487	8.904997
380	-7399.356	-7367.192	-32.16395	438685.8	18.11566	0.998082	0.999509	1.00049	1.00192	8.7331
390	-7366.746	-7340.517	-26.22903	919848.6	18.14051	0.998675	0.999661	1.00034	1.00133	8.405865
400	-7378.49	-7342.704	-35.78547	353986.9	18.33149	0.997864	0.999454	1.00054	1.00214	8.9295
410	-7401.786	-7360.966	-40.81919	475551.9	14.9049	0.998157	0.999529	1.00047	1.00184	9.130843
420	-7380.089	-7339.337	-40.75163	457901.7	20.44945	0.998122	0.99952	1.00048	1.00188	9.087611
430	-7376.397	-7347.109	-29.28723	772619.2	16.48068	0.998554	0.99963	1.00037	1.00145	8.520734
440	-7372.451	-7347.515	-24.9356	636338.5	19.12411	0.998407	0.999593	1.00041	1.00159	8.340137
450	-7383.756	-7358.628	-25.12777	504624.4	18.86014	0.998211	0.999542	1.00046	1.00179	8.351205
460	-7373.109	-7341.835	-31.27469	624536.7	19.13285	0.998392	0.999589	1.00041	1.00161	8.6714
470	-7358.454	-7331.354	-27.0998	919369.2	22.34725	0.998675	0.999661	1.00034	1.00133	8.327359
480	-7365.464	-7335.847	-29.61762	331915.9	19.6668	0.997795	0.999436	1.00056	1.00221	8.571618
490	-7372.426	-7335.961	-36.46488	860119.8	19.02123	0.99863	0.99965	1.00035	1.00137	8.946798
500	-7378.524	-7345.153	-33.37124	746528.8	16.70993	0.998529	0.999624	1.00038	1.00147	8.778598
510	-7385.26	-7354.64	-30.62015	89782.76	20.45274	0.995761	0.998913	1.00108	1.00425	8.592023
520	-7371.27	-7333.951	-37.31941	206818.5	18.3188	0.997206	0.999285	1.00071	1.0028	9.013474
530	-7389.329	-7355.483	-33.84553	729740.8	15.78575	0.998512	0.99962	1.00038	1.00149	8.754016
540	-7380.315	-7346.559	-33.75614	127707.6	19.99902	0.996445	0.999089	1.00091	1.00356	8.767697
550	-7375.423	-7341.633	-33.78932	84050.86	17.84461	0.995619	0.998877	1.00112	1.00439	8.82386
560	-7383.836	-7351.306	-32.53011	435094.1	18.98484	0.998074	0.999507	1.00049	1.00193	8.740833
570	-7392.264	-7357.198	-35.06521	723265	18.81745	0.998506	0.999618	1.00038	1.0015	8.879314
580	-7376.447	-7350.235	-26.21182	938877.9	18.04108	0.998688	0.999665	1.00033	1.00131	8.403293
590	-7367.788	-7341.855	-25.93311	940366	20.13156	0.99869	0.999665	1.00033	1.00131	8.372887
600	-7376.105	-7343.405	-32.70062	356811.3	20.95178	0.997873	0.999456	1.00054	1.00213	8.667152
610	-7374.864	-7341.572	-33.29226	411969.7	20.24287	0.99802	0.999493	1.00051	1.00198	8.733144
620	-7365.428	-7333.936	-31.4918	448233.5	17.78759	0.998102	0.999514	1.00048	1.0019	8.694654
630	-7373.362	-7335.935	-37.42716	720699.9	16.97501	0.998503	0.999617	1.00038	1.0015	9.026602
640	-7377.948	-7336.537	-41.41128	740089.3	18.20942	0.998523	0.999622	1.00038	1.00148	9.240579
650	-7374.449	-7339.942	-34.50757	502469.6	18.09108	0.998207	0.999541	1.00046	1.00179	8.862699
660	-7376.118	-7346.583	-29.53555	667279.9	18.28762	0.998444	0.999602	1.0004	1.00156	8.58855
670	-7370.372	-7336.927	-33.44544	665923.9	18.39137	0.998443	0.999602	1.0004	1.00156	8.801089
680	-7388.267	-7352.866	-35.40135	816317.6	19.59552	0.998593	0.99964	1.00036	1.00141	8.868849
690	-7397.515	-7365.456	-32.05942	342091.7	19.0899	0.997828	0.999444	1.00055	1.00217	8.713513
700	-7374.365	-7351.936	-22.42872	28095.24	18.57301	0.992427	0.998053	1.00193	1.00759	8.205096
710	-7395.301	-7371.547	-23.75472	262161.6	21.34298	0.997519	0.999365	1.00063	1.00248	8.225023
720	-7370.132	-7344.824	-25.30833	800802.7	18.0609	0.99858	0.999637	1.00036	1.00142	8.353614
730	-7381.322	-7346.08	-35.24192	727872	18.56346	0.998511	0.999619	1.00038	1.00149	8.895197
740	-7402.926	-7366.583	-36.34365	248696.5	16.1909	0.997452	0.999348	1.00065	1.00255	8.936243
750	-7375.515	-7336.206	-39.30872	118126.8	17.48035	0.996304	0.999053	1.00094	1.0037	9.137695
760	-7396.845	-7357.475	-39.37013	668835.8	16.32652	0.998446	0.999603	1.0004	1.00155	9.12798
770	-7396.281	-7358.97	-37.31084	351968.4	17.96659	0.997858	0.999452	1.00055	1.00214	9.019645
780	-7351.809	-7329.58	-22.22844	516122.3	21.42033	0.998231	0.999548	1.00045	1.00177	8.150537
790	-7380.354	-7342.791	-37.56254	721062.9	19.28114	0.998503	0.999617	1.00038	1.0015	8.993753
800	-7371.682	-7340.001	-31.68153	571154.1	17.4218	0.998319	0.99957	1.00043	1.00168	8.700275
810	-7374.674	-7349.507	-25.1662	968373.2	17.73988	0.998709	0.99967	1.00033	1.00129	8.337625
820	-7381.53	-7337.396	-44.1334	555791	15.94052	0.998296	0.999564	1.00043	1.00171	9.411013
830	-7379.761	-7350.647	-29.11375	439353.9	20.33906	0.998083	0.99951	1.00049	1.00192	8.522979
840	-7374.865	-7345.128	-29.73755	33853.37	18.42723	0.9931	0.998227	1.00176	1.00692	8.599374
850	-7384.816	-7349.037	-35.77867	121261.6	16.10008	0.996352	0.999065	1.00093	1.00365	8.896438
860	-7385.697	-7344.221	-41.4768	37804.59	20.10728	0.99347	0.998323	1.00166	1.00655	9.146615
870	-7373.897	-7336.513	-37.38428	28547.64	17.26092	0.992487	0.998068	1.00191	1.00753	9.027082
880	-7378.553	-7345.539	-33.01383	576549.1	19.15163	0.998326	0.999572	1.00043	1.00167	8.761758
890	-7380.857	-7346.637	-34.22061	776444.9	17.67871	0.998558	0.999631	1.00037	1.00144	8.847874
900	-7380.267	-7347.463	-32.80403	251557.9	18.4417	0.997467	0.999352	1.00065	1.00254	8.765602
910	-7380.328	-7353.222	-27.10581	227003.8	22.32503	0.997333	0.999317	1.00068	1.00267	8.328941
920	-7377.792	-7340.054	-37.73704	722947.1	16.98864	0.998505	0.999618	1.00038	1.0015	9.045047
930	-7378.295	-7354.504	-23.79159	585443	19.71306	0.998339	0.999575	1.00042	1.00166	8.274681
940	-7399.58	-7361.417	-38.16276	615000.8	18.4239	0.99838	0.999586	1.00041	1.00162	9.056683
950	-7394.257	-7361.757	-32.50082	177391.4	20.22866	0.996984	0.999228	1.00077	1.00302	8.694706
960	-7380.645	-7345.098	-35.5467	135058.3	15.65461	0.996543	0.999114	1.00088	1.00346	8.851898
970	-7365.417	-7337.336	-28.08126	381958.7	20.14656	0.997944	0.999474	1.00052	1.00206	8.479083
980	-7370.573	-7343	-27.57309	705139.6	18.52755	0.998487	0.999613	1.00039	1.00151	8.482085
990	-7389.135	-7355.342	-33.79248	563232.2	15.37054	0.998307	0.999567	1.00043	1.00169	8.713243
1000	-7389.903	-7360.243	-29.66066	492203.4	22.10994	0.998189	0.999537	1.00046	1.00181	8.456968
1010	-7387.129	-7361.245	-25.8843	922097.4	18.59648	0.998677	0.999662	1.00034	1.00132	8.391241
1020	-7400.788	-7360.364	-40.4236	323194.3	17.52221	0.997765	0.999428	1.00057	1.00224	9.200991
1030	-7387.822	-7352.389	-35.433	89946.64	17.90413	0.995765	0.998914	1.00108	1.00424	8.915609
1040	-7379.485	-7343.178	-36.30729	145192.3	17.13811	0.996666	0.999146	1.00085	1.00334	8.963282
1050	-7385.48	-7357.345	-28.13442	977855.1	20.04022	0.998715	0.999671	1.00033	1.00129	8.485272
1060	-7373.205	-7351.393	-21.81264	842766.8	18.9067	0.998616	0.999646	1.00035	1.00138	8.175802
1070	-7376.84	-7344.966	-31.87418	775722.9	17.3552	0.998557	0.999631	1.00037	1.00144	8.709999
1080	-7384.438	-7352.036	-32.40146	347201.4	19.09071	0.997844	0.999448	1.00055	1.00216	8.73141
1090	-7412.484	-7368.233	-44.25119	393046	17.25247	0.997973	0.999481	1.00052	1.00203	9.425056
1100	-7382.544	-7352.532	-30.01176	37469.56	20.33847	0.993441	0.998315	1.00167	1.00657	8.567156
1110	-7373.512	-7346.37	-27.14227	11160.02	17.29808	0.987993	0.996901	1.00305	1.01206	8.435186
1120	-7376.693	-7338.111	-38.58169	201516.8	17.18135	0.99717	0.999275	1.00072	1.00283	9.09621
1130	-7393.159	-7353.652	-39.50748	485976.1	19.17708	0.998177	0.999534	1.00047	1.00182	9.099629
1140	-7371.276	-7340.668	-30.60788	227247.6	18.49054	0.997335	0.999318	1.00068	1.00267	8.646179
1150	-7391.016	-7352.217	-38.79948	399979.2	17.74508	0.997991	0.999486	1.00051	1.00201	9.106068
1160	-7379.682	-7345.406	-34.27551	63250.69	16.10835	0.99495	0.998705	1.00129	1.00506	8.803585
1170	-7396.126	-7362.544	-33.58263	182169.6	17.40164	0.997023	0.999238	1.00076	1.00298	8.809122
1180	-7408.904	-7371.2	-37.70355	947373.9	18.76752	0.998694	0.999666	1.00033	1.00131	9.021256
1190	-7392.412	-7358.159	-34.25318	447249.8	18.34056	0.9981	0.999514	1.00048	1.0019	8.845781
1200	-7398.217	-7364.452	-33.76526	226987.2	16.6682	0.997333	0.999317	1.00068	1.00267	8.800564
1210	-7386.504	-7354.547	-31.95668	313616.2	16.71757	0.997731	0.999419	1.00058	1.00227	8.694282
1220	-7381.306	-7354.499	-26.80609	293733.5	17.02696	0.997656	0.9994	1.0006	1.00235	8.403565
1230	-7393.2	-7356.91	-36.29036	352265.4	18.38867	0.997859	0.999452	1.00055	1.00214	8.955836
1240	-7387.035	-7353.66	-33.37474	221336	16.72877	0.997299	0.999309	1.00069	1.0027	8.77954
1250	-7363.413	-7335.583	-27.83014	123103.4	18.94645	0.99638	0.999072	1.00092	1.00363	8.493682
1260	-7365.108	-7328.166	-36.94253	362262	17.32695	0.997889	0.99946	1.00054	1.00211	9.001901
1270	-7374.076	-7343.013	-31.0626	870272.1	16.62808	0.998638	0.999652	1.00035	1.00136	8.636411
1280	-7370.852	-7343.779	-27.07284	690231.2	17.7289	0.99847	0.999609	1.00039	1.00153	8.444835
1290	-7363.893	-7333.729	-30.16444	646891	17.45785	0.99842	0.999596	1.0004	1.00158	8.614059
1300	-7372.372	-7343.578	-28.79403	265126.2	19.51185	0.997532	0.999368	1.00063	1.00247	8.533798
1310	-7396.344	-7358.511	-37.83328	897227.9	18.00776	0.998658	0.999657	1.00034	1.00134	9.048042
1320	-7372.472	-7338.821	-33.65152	721105.2	17.36354	0.998504	0.999617	1.00038	1.0015	8.812535
1330	-7385.378	-7343.187	-42.19085	975090.1	15.63047	0.998713	0.999671	1.00033	1.00129	9.275059
1340	-7380.593	-7345.671	-34.92223	862957.4	18.26094	0.998632	0.99965	1.00035	1.00137	8.883502
1350	-7392.703	-7359.518	-33.18536	745245.2	18.05997	0.998528	0.999624	1.00038	1.00147	8.789755
1360	-7364.752	-7330.93	-33.82176	832500.7	17.08209	0.998607	0.999644	1.00036	1.00139	8.816969
1370	-7382.477	-7353.113	-29.36357	665051.5	20.20382	0.998442	0.999601	1.0004	1.00156	8.540571
1380	-7381.834	-7347.118	-34.71594	153431.6	18.03703	0.996757	0.999169	1.00083	1.00325	8.874702
1390	-7395.347	-7358.093	-37.25357	544251.8	17.87385	0.998278	0.999559	1.00044	1.00172	9.017662
1400	-7379.549	-7352.237	-27.31151	308109.4	18.47971	0.997711	0.999414	1.00058	1.00229	8.467881
1410	-7377.256	-7346.119	-31.1366	268636.9	18.00064	0.997549	0.999373	1.00063	1.00245	8.676139
1420	-7376.214	-7351.073	-25.14104	232095.1	17.7278	0.997363	0.999325	1.00067	1.00264	8.335837
1430	-7373.804	-7349.383	-24.4203	902846.7	17.99103	0.998663	0.999658	1.00034	1.00134	8.302787
1440	-7378.707	-7352.047	-26.66008	98473.65	17.95846	0.995952	0.998962	1.00103	1.00405	8.426684
1450	-7395.65	-7362.395	-33.2554	516739.6	17.31056	0.998232	0.999548	1.00045	1.00177	8.788813
1460	-7390.748	-7360.843	-29.90471	816784.5	18.90461	0.998594	0.99964	1.00036	1.00141	8.603834
1470	-7379.021	-7345.621	-33.40069	580012.8	16.85821	0.998331	0.999573	1.00043	1.00167	8.785745
1480	-7375.765	-7341.876	-33.88869	580385.7	17.45189	0.998332	0.999573	1.00043	1.00167	8.827321
1490	-7381.563	-7349.902	-31.66136	231076.6	19.09591	0.997357	0.999323	1.00067	1.00265	8.692517
1500	-7368.285	-7335.871	-32.41408	923508.8	17.66139	0.998678	0.999662	1.00034	1.00132	8.745525
1510	-7366.997	-7333.026	-33.97107	503726.8	20.70283	0.99821	0.999542	1.00046	1.00179	8.742188
1520	-7384.905	-7346.731	-38.17369	58029.38	15.98755	0.994728	0.998647	1.00134	1.00528	9.039636
1530	-7399.606	-7360.152	-39.4547	166996.8	18.8051	0.996891	0.999204	1.00079	1.00311	9.113076
1540	-7412.769	-7371.051	-41.71802	448816.2	18.18084	0.998103	0.999515	1.00048	1.0019	9.258381
1550	-7374.046	-7339.603	-34.44326	202680.8	16.32236	0.997178	0.999277	1.00072	1.00282	8.825996
1560	-7377.957	-7344.575	-33.38165	18189.41	18.25055	0.990591	0.997577	1.00239	1.00944	8.79924
1570	-7380.538	-7349.217	-31.32122	601762.4	18.53688	0.998362	0.999581	1.00042	1.00164	8.684286
1580	-7368.414	-7343.218	-25.19685	215046.1	18.05556	0.99726	0.999299	1.0007	1.00274	8.347333
1590	-7378.474	-7345.16	-33.3142	938171.2	20.0622	0.998688	0.999665	1.00033	1.00131	8.742739
1600	-7378.734	-7347.832	-30.902	938171.2	15.80705	0.998688	0.999665	1.00033	1.00131	8.569468
1610	-7368.996	-7338.583	-30.41272	938171.2	18.30674	0.998688	0.999665	1.00033	1.00131	8.636477
1620	-7375.648	-7344.598	-31.04963	493969.2	16.76586	0.998192	0.999537	1.00046	1.00181	8.642262
1630	-7383.393	-7352.289	-31.10451	374788.6	19.98103	0.997924	0.999469	1.00053	1.00208	8.635812
1640	-7387.144	-7356.215	-30.92856	534498.3	23.16773	0.998262	0.999555	1.00044	1.00174	8.441199
1650	-7380.647	-7353.527	-27.12049	580807.4	16.97512	0.998333	0.999573	1.00043	1.00167	8.419441
1660	-7374.2	-7349.856	-24.34393	980820.8	18.51147	0.998717	0.999672	1.00033	1.00128	8.307634
1670	-7369.807	-7334.039	-35.76748	176465.8	18.9915	0.996976	0.999226	1.00077	1.00303	8.911134
1680	-7379.741	-7351.398	-28.34296	707684.9	20.40478	0.998489	0.999614	1.00039	1.00151	8.482563
1690	-7380.085	-7348.047	-32.03808	697666.1	17.74251	0.998479	0.999611	1.00039	1.00152	8.725016
1700	-7378.783	-7347.446	-31.33662	125160.8	15.83383	0.996409	0.99908	1.00092	1.0036	8.599297
1710	-7388.289	-7358.936	-29.35263	678488.3	19.22516	0.998457	0.999605	1.00039	1.00154	8.569135
1720	-7389.313	-7357.19	-32.12272	775528.6	17.94421	0.998557	0.999631	1.00037	1.00144	8.730836
1730	-7387.738	-7356.759	-30.97813	315082.9	15.65352	0.997736	0.999421	1.00058	1.00227	8.559957
1740	-7367.021	-7336.966	-30.05512	837575.2	18.28807	0.998611	0.999645	1.00035	1.00139	8.616961
1750	-7374.182	-7344.275	-29.90648	359377.7	17.78539	0.99788	0.999458	1.00054	1.00212	8.605499
1760	-7374.621	-7343.409	-31.21191	821282	18.31267	0.998598	0.999641	1.00036	1.0014	8.680104
1770	-7385.963	-7348.558	-37.40545	418152.7	15.9229	0.998035	0.999497	1.0005	1.00197	8.987933
1780	-7373.053	-7337.691	-35.36169	416156.1	17.68733	0.99803	0.999496	1.0005	1.00197	8.912416
1790	-7392.468	-7356.849	-35.61886	15005.29	17.00565	0.989642	0.997331	1.00263	1.0104	8.920716
1800	-7376.855	-7344.913	-31.94128	792400.8	16.25205	0.998572	0.999635	1.00036	1.00143	8.66833
1810	-7379.276	-7343.025	-36.25034	996426.3	15.75427	0.998727	0.999674	1.00032	1.00127	8.904153
1820	-7379.511	-7352.657	-26.85405	18652.96	18.23966	0.990708	0.997608	1.00236	1.00932	8.441465
1830	-7391.774	-7357.161	-34.61282	74019.83	18.13682	0.995332	0.998803	1.00119	1.00468	8.868063
1840	-7356.781	-7332.043	-24.73816	33321.7	19.01138	0.993045	0.998213	1.00177	1.00697	8.330324
1850	-7375.494	-7332.446	-43.04803	590786.3	17.95015	0.998347	0.999577	1.00042	1.00165	9.339496
1860	-7377.925	-7343.873	-34.05261	363509.6	16.24407	0.997893	0.999461	1.00054	1.00211	8.797794
1870	-7380.083	-7345.535	-34.54856	658763.5	19.28983	0.998434	0.9996	1.0004	1.00157	8.837126
1880	-7389.507	-7364.119	-25.38769	746638.5	18.1639	0.998529	0.999624	1.00038	1.00147	8.359885
1890	-7420.363	-7387.704	-32.65906	977585.3	18.87669	0.998715	0.999671	1.00033	1.00129	8.750162
1900	-7377.124	-7346.619	-30.50546	224540	18.4723	0.997319	0.999314	1.00068	1.00268	8.640767
1910	-7395.749	-7364.756	-30.99276	228705.1	18.22259	0.997343	0.99932	1.00068	1.00266	8.668407
1920	-7389.187	-7363.338	-25.84937	352709.1	18.42042	0.997861	0.999453	1.00055	1.00214	8.388317
1930	-7384.65	-7355.289	-29.36167	606045.9	18.5432	0.998368	0.999582	1.00042	1.00163	8.578543
1940	-7384.157	-7349.739	-34.41857	844007.6	17.87418	0.998617	0.999646	1.00035	1.00138	8.85905
1950	-7383.245	-7357.563	-25.68206	397191	19.11449	0.997984	0.999484	1.00051	1.00202	8.379249
1960	-7379.603	-7349.276	-30.32714	700325.6	18.15352	0.998481	0.999612	1.00039	1.00152	8.631803
1970	-7385.185	-7352.966	-32.21921	189698	16.03791	0.997083	0.999253	1.00074	1.00292	8.67092
1980	-7382.718	-7348.887	-33.83116	804819.6	18.02547	0.998583	0.999638	1.00036	1.00142	8.82571
1990	-7385.115	-7353.324	-31.79068	995664.8	15.44714	0.998726	0.999674	1.00033	1.00127	8.591266
2000	-7388.641	-7357.176	-31.46494	87243.79	17.93618	0.9957	0.998898	1.0011	1.00431	8.694143
2010	-7358.982	-7329.659	-29.32297	92702.25	19.37776	0.995828	0.998931	1.00106	1.00418	8.564235
2020	-7374.182	-7344.485	-29.69669	809545.5	19.07115	0.998588	0.999639	1.00036	1.00141	8.590091
2030	-7385.49	-7347.899	-37.59147	278506.4	19.1901	0.997592	0.999384	1.00061	1.00241	8.99917
2040	-7379.924	-7351.843	-28.08095	874423.2	17.57768	0.998641	0.999652	1.00035	1.00136	8.498097
2050	-7395.3	-7361.401	-33.89841	127255	21.37452	0.996439	0.999088	1.00091	1.00357	8.698284
2060	-7393.665	-7362.592	-31.07236	790970.6	18.11663	0.998571	0.999635	1.00036	1.00143	8.672844
2070	-7377.106	-7346.582	-30.52379	30820.15	16.56329	0.992769	0.998141	1.00184	1.00725	8.600498
2080	-7366.08	-7339.118	-26.96136	371962.6	18.66875	0.997917	0.999467	1.00053	1.00208	8.449126
2090	-7396.539	-7360.131	-36.40824	555066.6	16.69979	0.998294	0.999564	1.00044	1.00171	8.960056
2100	-7379.391	-7353.115	-26.27661	397886.3	19.69869	0.997986	0.999485	1.00051	1.00202	8.401054
2110	-7386.43	-7354.446	-31.98396	104004.1	16.36462	0.996061	0.998991	1.001	1.00394	8.677845
2120	-7373.431	-7341.623	-31.8082	260120.4	18.43805	0.997509	0.999362	1.00064	1.00249	8.711639
2130	-7369.533	-7342.84	-26.69317	973298.1	18.55822	0.998712	0.999671	1.00033	1.00129	8.434672
2140	-7384.515	-7355.792	-28.72324	290356	17.58697	0.997642	0.999397	1.0006	1.00236	8.53486
2150	-7382.352	-7347.353	-34.99953	763656.4	17.66954	0.998546	0.999628	1.00037	1.00145	8.891925
2160	-7402.725	-7361.306	-41.41902	612795.6	18.40835	0.998377	0.999585	1.00041	1.00162	9.234008
2170	-7379.88	-7351.653	-28.22694	541483.2	18.86608	0.998273	0.999558	1.00044	1.00173	8.515472
2180	-7381.082	-7348.229	-32.85308	835070.1	17.16491	0.998609	0.999644	1.00035	1.00139	8.762394
2190	-7383.056	-7354.168	-28.88713	120936.1	18.46217	0.996347	0.999064	1.00093	1.00366	8.553178
2200	-7381.365	-7341.788	-39.57703	8080.304	17.13168	0.985895	0.996353	1.00358	1.01418	9.154054
2210	-7378.49	-7342.234	-36.25565	493855.3	17.80044	0.998192	0.999537	1.00046	1.00181	8.962391
2220	-7395.667	-7353.071	-42.59597	550540.7	14.38679	0.998287	0.999562	1.00044	1.00171	9.194448
2230	-7355.894	-7332.318	-23.5756	96663.58	19.44481	0.995915	0.998953	1.00104	1.00409	8.267041
2240	-7379.941	-7340.636	-39.30509	434735.3	16.60181	0.998073	0.999507	1.00049	1.00193	9.131541
2250	-7374.894	-7341.117	-33.77715	303242.8	19.03873	0.997693	0.999409	1.00059	1.00231	8.804995
2260	-7370.501	-7341.009	-29.49195	783348.2	21.44195	0.998564	0.999633	1.00037	1.00144	8.488444
2270	-7356.466	-7329.972	-26.49448	222395.3	18.2617	0.997306	0.99931	1.00069	1.0027	8.421992
2280	-7372.253	-7341.177	-31.0759	521462.2	19.22624	0.99824	0.99955	1.00045	1.00176	8.658744
2290	-7366.85	-7338.993	-27.85656	405895.1	22.63272	0.998006	0.99949	1.00051	1.002	8.343534
2300	-7362.853	-7335.57	-27.28318	882271.6	17.91309	0.998647	0.999654	1.00035	1.00135	8.460582
2310	-7317.042	-7284.14	-32.90133	11.77717	19.60664	0.657687	0.882786	1.06896	1.39057	8.740855
2320	-7268.333	-7228.975	-39.35847	2.46836	16.59414	0.343436	0.697076	1.07826	1.88123	9.134588
2330	-7281.619	-7232.893	-48.72651	2.735812	18.20509	0.367732	0.715765	1.08086	1.83564	9.642545
2340	-7286.212	-7228.648	-57.56401	2.278204	15.812	0.324366	0.681673	1.07561	1.91835	10.2561
2350	-7285.763	-7220.083	-65.68029	2.11408	14.44319	0.306523	0.666621	1.0726	1.95426	10.79966
2360	-7298.426	-7229.306	-69.11923	1.825285	12.83365	0.271488	0.635048	1.06493	2.02853	10.96491
2370	-7316.783	-7241.047	-75.73575	1.844298	13.8363	0.273952	0.637365	1.06556	2.02313	11.50937
2380	-7311.536	-7236.945	-74.59116	1.844298	13.79194	0.273952	0.637365	1.06556	2.02313	11.42655
2390	-7295.055	-7230.913	-64.14187	2.07246	13.04634	0.301774	0.662504	1.0717	1.96402	10.60422
2400	-7290.424	-7227.574	-62.84963	2.07246	15.29261	0.301774	0.662504	1.0717	1.96402	10.60523
2410	-7305.675	-7228.71	-76.9649	1.945891	13.36704	0.286729	0.649134	1.06857	1.99556	11.59681
2420	-7289.436	-7224.9	-64.53621	2.028745	15.41969	0.296682	0.658036	1.07069	1.97459	10.71196
2430	-7298.743	-7236.852	-61.89049	1.942784	14.24145	0.286348	0.648788	1.06849	1.99637	10.53035
2440	-7293.552	-7231.369	-62.18332	1.934325	13.0747	0.285307	0.647843	1.06826	1.99859	10.45773
2450	-7292.294	-7229.965	-62.32914	2.153492	13.99978	0.310934	0.670403	1.0734	1.94527	10.55009
2460	-7272.691	-7213.157	-59.53398	2.19645	15.94947	0.315649	0.6744	1.07421	1.93574	10.37687
2470	-7300.038	-7236.049	-63.98929	1.954428	14.75216	0.287773	0.650078	1.06881	1.99334	10.68566
2480	-7280.857	-7224.485	-56.37137	1.821021	16.52138	0.270932	0.634524	1.06479	2.02975	10.16263
2490	-7284.922	-7224.375	-60.54703	2.269093	14.88399	0.323411	0.680884	1.07547	1.92024	10.45421
2500	-7277.569	-7225.985	-51.58386	1.901262	15.97125	0.281196	0.644086	1.06731	2.00741	9.878427
2510	-7287.291	-7229.434	-57.85699	2.040043	17.49232	0.298008	0.659205	1.07096	1.97183	10.19797
2520	-7285.232	-7228.918	-56.31474	1.855717	16.14734	0.275421	0.638738	1.06592	2.01992	10.17083
2530	-7280.569	-7230.28	-50.28962	1.916416	16.41951	0.283089	0.645821	1.06775	2.00334	9.795872
2540	-7293.021	-7236.223	-56.798	1.963083	15.83161	0.288828	0.65103	1.06904	1.9911	10.20737
2550	-7285.475	-7232.033	-53.44152	2.217711	16.6202	0.317948	0.676333	1.07459	1.93113	9.982498
2560	-7310.371	-7236.05	-74.32178	2.079629	14.32036	0.302598	0.663223	1.07186	1.96232	11.40143
2570	-7285.972	-7227.547	-58.42586	2.15458	16.16184	0.311054	0.670505	1.07342	1.94502	10.30109
2580	-7298.385	-7243.779	-54.60593	2.454891	16.54904	0.342138	0.696048	1.0781	1.88372	10.0549
2590	-7296.631	-7241.573	-55.05826	1.864734	13.6828	0.276575	0.639813	1.0662	2.01741	9.998258
2600	-7288.929	-7232.395	-56.53443	2.614188	15.6584	0.357022	0.70765	1.07981	1.85551	10.19255
2610	-7306.282	-7238.623	-67.65894	2.005208	15.10946	0.293896	0.655566	1.07012	1.98042	10.92612
2620	-7313.369	-7254.7	-58.66868	2.274459	14.86841	0.323974	0.681349	1.07555	1.91912	10.3277
2630	-7300.957	-7240.044	-60.9133	1.858951	13.56833	0.275836	0.639125	1.06602	2.01902	10.41613
2640	-7303.684	-7248.071	-55.61238	2.041942	14.6467	0.298231	0.659401	1.071	1.97136	10.11325
2650	-7287.473	-7228.205	-59.26738	2.210926	12.85796	0.317217	0.675719	1.07447	1.93259	10.2013
2660	-7276.902	-7219.614	-57.28832	1.883467	14.3499	0.278956	0.642021	1.06678	2.01224	10.21366
2670	-7289.368	-7233.012	-56.35586	2.073411	16.16112	0.301883	0.6626	1.07172	1.96379	10.17303
2680	-7310.873	-7241.419	-69.45367	2.200839	13.33648	0.316125	0.674802	1.07429	1.93478	11.033
2690	-7300.677	-7241.396	-59.28101	2.210019	17.36336	0.317119	0.675637	1.07445	1.93279	10.2886
2700	-7291.555	-7222.496	-69.05874	1.824814	14.74862	0.271426	0.634991	1.06492	2.02867	11.02938
2710	-7313.406	-7244.481	-68.92585	1.888696	14.2665	0.279616	0.642631	1.06694	2.01082	11.02448
2720	-7283.133	-7223.673	-59.45958	2.182899	15.80255	0.314172	0.673153	1.07396	1.93872	10.37621
2730	-7280.61	-7226.618	-53.99231	2.364139	18.69492	0.333185	0.688881	1.07691	1.90103	9.89498
2740	-7283.665	-7224.382	-59.28253	2.300534	15.89756	0.326691	0.683588	1.07597	1.91375	10.36258
2750	-7270.864	-7224.494	-46.37001	2.405832	14.09115	0.337343	0.692228	1.07747	1.89295	9.422143
2760	-7274.537	-7219.859	-54.67832	2.211607	18.88518	0.31729	0.675781	1.07448	1.93245	9.915926
2770	-7289.797	-7228.696	-61.10164	2.39353	14.23832	0.336124	0.69125	1.07731	1.89531	10.47482
2780	-7309.282	-7243.606	-65.6767	1.959921	14.33581	0.288443	0.650683	1.06895	1.99192	10.79799
2790	-7295.052	-7226.233	-68.81892	1.893971	13.84133	0.280281	0.643243	1.06709	2.00938	11.00962
2800	-7289.862	-7228.247	-61.61546	2.267316	13.76556	0.323224	0.680729	1.07544	1.92061	10.48382
2810	-7282.34	-7228.564	-53.77554	2.236656	16.5392	0.319977	0.67803	1.07492	1.92707	10.005
2820	-7277.411	-7229.149	-48.26118	2.288348	15.92064	0.325425	0.682547	1.07578	1.91625	9.669667
2830	-7331.095	-7250.707	-80.38817	1.941941	13.74493	0.286244	0.648694	1.06847	1.99659	11.84808
2840	-7297.34	-7244.179	-53.16125	2.065715	15.54945	0.300995	0.661825	1.07155	1.96563	9.976136
2850	-7288.026	-7232.71	-55.31522	2.48597	13.02455	0.345122	0.698406	1.07847	1.87801	9.923944
2860	-7283.753	-7235.761	-47.99171	2.110269	15.7808	0.306092	0.66625	1.07252	1.95514	9.650042
2870	-7293.077	-7233.119	-59.95789	1.915191	14.43282	0.282936	0.645681	1.06771	2.00367	10.40307
2880	-7300.755	-7234.462	-66.29292	2.197217	13.32561	0.315732	0.67447	1.07422	1.93557	10.79512
2890	-7295.489	-7234.53	-60.95922	1.628299	16.51608	0.244479	0.608606	1.05714	2.08977	10.4406
2900	-7296.35	-7229.195	-67.1552	1.943357	14.34542	0.286418	0.648852	1.06851	1.99622	10.90121
2910	-7303.794	-7228.516	-75.27773	1.994727	11.48431	0.292644	0.654452	1.06986	1.98305	11.25561
2920	-7291.263	-7226.907	-64.35626	2.477296	15.1189	0.344293	0.697753	1.07837	1.87959	10.70737
2930	-7287.916	-7228.97	-58.94598	2.015748	15.10199	0.295147	0.656678	1.07038	1.9778	10.34941
2940	-7273.955	-7229.291	-44.66389	2.638447	21.03507	0.359202	0.709317	1.08004	1.85144	9.231138
2950	-7290.512	-7233.764	-56.7484	2.441018	17.99556	0.340792	0.694981	1.07793	1.8863	10.09935
2960	-7266.306	-7221.407	-44.89844	2.265635	17.22361	0.323048	0.680583	1.07541	1.92096	9.463113
2970	-7271.249	-7229.888	-41.36024	2.292221	17.64045	0.325829	0.682878	1.07584	1.91546	9.252455
2980	-7274.196	-7225.556	-48.6402	2.571818	16.71703	0.353161	0.704678	1.0794	1.86276	9.692254
2990	-7280.57	-7225.914	-54.65599	2.207337	15.31498	0.316829	0.675394	1.07441	1.93337	10.0698
3000	-7306.841	-7233.971	-72.87059	2.137703	12.46061	0.309176	0.668901	1.07308	1.94884	11.21908
3010	-7275.577	-7215.864	-59.71311	1.922548	15.26162	0.28385	0.646516	1.06792	2.00171	10.40025
3020	-7274.754	-7222.2	-52.55352	2.129292	14.12274	0.308235	0.668094	1.07291	1.95076	9.863989
3030	-7275.512	-7220.059	-55.45316	2.53469	15.5553	0.349721	0.702007	1.07901	1.86926	10.12354
3040	-7276.673	-7219.877	-56.79602	2.134658	14.85436	0.308836	0.668609	1.07302	1.94953	10.20134
3050	-7295.669	-7232.715	-62.95454	2.270742	18.3362	0.323584	0.681027	1.07549	1.9199	10.41113
3060	-7294.559	-7236.827	-57.73195	1.931037	17.13786	0.284901	0.647474	1.06816	1.99946	10.21341
3070	-7303.143	-7235.848	-67.29497	2.014531	14.33238	0.295003	0.65655	1.07035	1.9781	10.91085
3080	-7301.599	-7235.712	-65.88722	2.177393	13.42381	0.313569	0.672642	1.07385	1.93993	10.77252
3090	-7312.116	-7244.177	-67.93854	2.067017	15.78823	0.301145	0.661956	1.07158	1.96532	10.91361
3100	-7280.31	-7222.113	-58.19688	2.03378	19.40053	0.297274	0.658558	1.07081	1.97336	10.052
3110	-7300.507	-7233.637	-66.86989	2.199734	18.90448	0.316005	0.674701	1.07427	1.93503	10.5592
3120	-7291.904	-7233.741	-58.16293	2.044541	16.08079	0.298534	0.659668	1.07107	1.97073	10.28733
3130	-7299.035	-7241.978	-57.05714	2.394186	17.08204	0.336189	0.691302	1.07732	1.89519	10.17719
3140	-7317.314	-7260.188	-57.12605	2.270809	15.46436	0.323591	0.681033	1.07549	1.91988	10.23138
3150	-7300.321	-7236.44	-63.88083	2.173594	14.42083	0.313152	0.672289	1.07378	1.94078	10.67464
3160	-7303.544	-7244.036	-59.50785	2.790057	16.68201	0.372339	0.719199	1.08126	1.8272	10.34424
3170	-7301.484	-7238.271	-63.21381	2.398645	12.88801	0.336632	0.691657	1.07738	1.89433	10.51241
3180	-7298.479	-7240.228	-58.25173	2.226645	14.06993	0.318907	0.677136	1.07475	1.92921	10.26389
3190	-7273.949	-7225.03	-48.91955	2.138146	15.88715	0.309226	0.668943	1.07309	1.94874	9.710573
3200	-7300.316	-7230.906	-69.4108	2.151956	12.62489	0.310763	0.670257	1.07337	1.94561	10.96348
3210	-7293.879	-7236.543	-57.3367	2.051572	15.42009	0.299354	0.660388	1.07123	1.96903	10.24506
3220	-7303.926	-7238.93	-64.99622	2.162537	16.56771	0.311934	0.671255	1.07357	1.94324	10.68144
3230	-7286.541	-7223.091	-63.45067	2.163791	15.21322	0.312073	0.671372	1.0736	1.94296	10.64604
3240	-7307.397	-7239.63	-67.76619	2.161855	14.29584	0.311859	0.671191	1.07356	1.94339	10.94346
3250	-7312.03	-7243.716	-68.31412	2.017316	13.56473	0.295333	0.656842	1.07042	1.97741	10.96139
3260	-7315.767	-7243.555	-72.21204	2.1296	13.59298	0.308269	0.668124	1.07292	1.95069	11.2496
3270	-7325.581	-7247.642	-77.93936	1.986243	13.08868	0.291627	0.653543	1.06964	1.98519	11.66329
3280	-7297.003	-7231.637	-65.36619	1.993302	13.22124	0.292474	0.6543	1.06982	1.98341	10.71607
3290	-7297.488	-7231.851	-65.63712	2.24515	14.86078	0.320881	0.678784	1.07507	1.92527	10.79646
3300	-7294.609	-7233.813	-60.79562	2.059959	14.29766	0.300329	0.661242	1.07142	1.96701	10.45594
3310	-7293.158	-7230.562	-62.59617	2.131132	14.32155	0.308441	0.668271	1.07295	1.95034	10.58266
3320	-7301.211	-7237.305	-63.90613	1.979263	16.00303	0.290787	0.65279	1.06946	1.98696	10.64841
3330	-7298.84	-7231.684	-67.15584	1.809848	13.9935	0.269469	0.63314	1.06441	2.03298	10.89467
3340	-7306.531	-7245.18	-61.35068	1.802488	15.56909	0.268501	0.632221	1.06416	2.03512	10.50236
3350	-7316.716	-7242.713	-74.00274	2.029948	12.91639	0.296824	0.658161	1.07072	1.97429	11.35158
3360	-7300.208	-7242.311	-57.8967	1.962051	15.39483	0.288702	0.650917	1.06901	1.99137	10.28143
3370	-7293.044	-7230.501	-62.54299	2.183322	15.0835	0.314218	0.673192	1.07397	1.93862	10.58774
3380	-7273.506	-7230.325	-43.18014	2.074536	15.5454	0.302013	0.662713	1.07175	1.96353	9.334027
3390	-7295.616	-7238.529	-57.08691	2.170076	15.93406	0.312765	0.671961	1.07372	1.94156	10.22376
3400	-7308.705	-7243.996	-64.70931	2.418513	14.07746	0.338592	0.693227	1.07764	1.89054	10.72313
3410	-7292.146	-7238.479	-53.66633	1.956319	16.61746	0.288004	0.650287	1.06886	1.99285	9.996108
3420	-7303.558	-7242.4	-61.15787	2.352137	18.223	0.331974	0.687899	1.07674	1.90339	10.32374
3430	-7308.93	-7248.819	-60.11131	2.17583	14.31577	0.313397	0.672497	1.07383	1.94028	10.4089
3440	-7303.836	-7242.571	-61.2644	2.160097	15.11365	0.311665	0.671025	1.07352	1.94379	10.50289
3450	-7293.295	-7237.352	-55.94292	2.097367	17.19706	0.304627	0.664984	1.07225	1.95814	10.10582
3460	-7308.302	-7248.983	-59.31911	2.116377	16.86693	0.306782	0.666845	1.07265	1.95373	10.32268
3470	-7284.976	-7225.412	-59.56413	2.1371	15.39685	0.309109	0.668843	1.07307	1.94898	10.38972
3480	-7274.143	-7224.61	-49.53387	2.140553	15.83485	0.309494	0.669173	1.07314	1.94819	9.748575
3490	-7283.843	-7223.246	-60.59716	1.984858	13.82921	0.29146	0.653394	1.06961	1.98554	10.41472
3500	-7277.128	-7231.526	-45.60214	2.281708	16.45846	0.324733	0.681976	1.07567	1.91762	9.510587
3510	-7283.533	-7228.146	-55.38703	1.776608	17.00056	0.265067	0.628942	1.06324	2.04275	10.08341
3520	-7297.996	-7237.81	-60.18565	2.03392	13.44582	0.29729	0.658573	1.07082	1.97332	10.35014
3530	-7296.139	-7227.766	-68.37227	1.882538	12.63777	0.278838	0.641912	1.06675	2.0125	10.88292
3540	-7281.87	-7231.518	-50.3519	2.246646	14.3991	0.32104	0.678916	1.07509	1.92495	9.734619
3550	-7273.207	-7212.475	-60.73184	2.148319	15.86801	0.310359	0.669912	1.07329	1.94643	10.4547
3560	-7282.983	-7218.888	-64.09543	1.993016	15.68847	0.29244	0.654269	1.06981	1.98348	10.67426
3570	-7304.624	-7237.045	-67.57932	1.951862	14.30834	0.28746	0.649795	1.06874	1.99401	10.9305
3580	-7315.972	-7246.649	-69.32264	2.171691	14.49555	0.312943	0.672111	1.07375	1.9412	11.05139
3590	-7281.162	-7221.446	-59.71551	1.725123	15.30315	0.2581	0.622191	1.0613	2.05841	10.40023
3600	-7299.65	-7239.469	-60.18098	2.040543	14.31907	0.298067	0.659257	1.07097	1.9717	10.41391
3610	-7303.535	-7222.775	-80.75986	1.938455	12.01739	0.285816	0.648305	1.06837	1.99751	11.81151
3620	-7267.776	-7207.857	-59.91927	2.365923	16.43556	0.333365	0.689026	1.07693	1.90068	10.38159
3630	-7275.246	-7217.807	-57.43966	2.134384	13.46225	0.308805	0.668583	1.07302	1.9496	10.14789
3640	-7265.159	-7207.384	-57.7743	2.067637	16.26308	0.301217	0.662019	1.07159	1.96517	10.25748
3650	-7281.627	-7231.435	-50.19204	2.322099	16.20761	0.328914	0.685408	1.0763	1.90938	9.791508
3660	-7301.904	-7238.731	-63.17261	2.232112	17.54891	0.319492	0.677625	1.07484	1.92804	10.49698
3670	-7279.275	-7217.207	-62.06855	2.344842	15.3115	0.331235	0.687299	1.07663	1.90483	10.55387
3680	-7284.961	-7221.393	-63.56789	1.89046	15.29966	0.279839	0.642836	1.06699	2.01034	10.65205
3690	-7285.556	-7222.87	-62.68531	2.19471	15.98817	0.31546	0.674241	1.07418	1.93612	10.57278
3700	-7281.869	-7235.125	-46.74377	2.376386	15.12081	0.334415	0.689874	1.07708	1.89863	9.542557
3710	-7284.961	-7228.854	-56.10763	2.237044	15.65497	0.320019	0.678065	1.07493	1.92699	10.16531
3720	-7289.837	-7234.293	-55.54395	2.202178	14.57414	0.316271	0.674924	1.07431	1.93449	10.10503
3730	-7293.722	-7236.619	-57.10251	2.094178	16.76374	0.304263	0.664669	1.07218	1.95889	10.19629
3740	-7283.852	-7223.574	-60.27748	1.938065	13.32159	0.285768	0.648262	1.06836	1.99761	10.34323
3750	-7301.172	-7233.841	-67.33098	2.34741	14.9106	0.331495	0.687511	1.07667	1.90433	10.90945
3760	-7298.277	-7239.067	-59.21008	2.209098	14.53406	0.317019	0.675553	1.07444	1.93299	10.35519
3770	-7287.746	-7226.994	-60.75228	1.909183	14.05186	0.282187	0.644995	1.06754	2.00528	10.44057
3780	-7289.261	-7227.129	-62.13199	2.309936	13.57634	0.327663	0.684385	1.07611	1.91184	10.50663
3790	-7283.199	-7220.335	-62.8636	2.103889	15.54491	0.305368	0.665625	1.07238	1.95662	10.60023
3800	-7273.646	-7223.541	-50.10457	2.042041	17.19767	0.298242	0.659411	1.07101	1.97134	9.766302
3810	-7293.472	-7242.858	-50.61383	2.429317	15.04781	0.339651	0.694072	1.07778	1.8885	9.795226
3820	-7286.518	-7233.8	-52.71791	2.047146	15.5398	0.298838	0.659935	1.07113	1.9701	9.947494
3830	-7283.573	-7239.826	-43.74687	2.361748	16.46542	0.332945	0.688686	1.07687	1.9015	9.39794
3840	-7281.318	-7225.354	-55.96362	2.1773	13.60439	0.313559	0.672634	1.07385	1.93995	10.05557
3850	-7277.306	-7224.457	-52.84956	2.407719	15.538	0.337529	0.692377	1.0775	1.89259	9.955942
3860	-7275.627	-7225.749	-49.87855	1.927575	17.09298	0.284473	0.647084	1.06807	2.00038	9.756606
3870	-7296.491	-7231.836	-64.65431	2.232277	13.64482	0.31951	0.67764	1.07485	1.928	10.69712
3880	-7289.545	-7235.037	-54.50836	2.290939	15.01797	0.325695	0.682769	1.07582	1.91572	10.05313
3890	-7283.638	-7223.09	-60.54806	2.437873	15.8563	0.340486	0.694737	1.07789	1.88689	10.44349
3900	-7273.945	-7221.972	-51.9732	1.949722	16.17972	0.287198	0.649558	1.06868	1.99456	9.901679
3910	-7274.221	-7225.933	-48.28848	1.89031	18.13485	0.27982	0.642818	1.06699	2.01038	9.622193
3920	-7280.298	-7229.823	-50.47533	2.055906	16.17438	0.299858	0.66083	1.07133	1.96798	9.809121
3930	-7279.573	-7231.022	-48.55132	2.184057	15.57343	0.314298	0.67326	1.07398	1.93846	9.680385
3940	-7267.256	-7215.316	-51.93961	2.08649	17.28746	0.303385	0.663907	1.07201	1.9607	9.869183
3950	-7290.664	-7233.042	-57.62194	1.9233	14.30879	0.283944	0.646602	1.06795	2.00151	10.23461
3960	-7289.886	-7224.014	-65.87289	2.205589	14.07615	0.31664	0.675235	1.07438	1.93375	10.80574
3970	-7286.866	-7228.24	-58.62669	2.051566	14.80397	0.299353	0.660387	1.07123	1.96903	10.32345
3980	-7305.702	-7244.093	-61.60925	2.374257	15.21514	0.334201	0.689702	1.07705	1.89905	10.52498
3990	-7289.065	-7230.073	-58.99181	2.630034	16.76272	0.358448	0.708742	1.07996	1.85285	10.30904
4000	-7303.93	-7245.302	-58.62764	2.045551	14.80477	0.298652	0.659772	1.07109	1.97049	10.32353
4010	-7290.6	-7229.206	-61.39482	2.138536	15.73003	0.309269	0.668981	1.0731	1.94865	10.50092
4020	-7287.027	-7222.74	-64.28636	1.984892	15.19085	0.291465	0.653397	1.06961	1.98553	10.70143
4030	-7263.168	-7212.193	-50.97453	1.995957	16.58576	0.292792	0.654583	1.06989	1.98274	9.834765
4040	-7288.374	-7225.698	-62.67589	2.286518	17.72715	0.325235	0.682389	1.07575	1.91663	10.45318
4050	-7276.597	-7227.88	-48.7171	1.83852	16.63427	0.273206	0.636665	1.06537	2.02476	9.698058
4060	-7267.985	-7212.96	-55.02465	2.126063	15.41399	0.307872	0.667783	1.07285	1.9515	10.09506
4070	-7285.82	-7230.61	-55.20918	2.345728	16.97733	0.331325	0.687372	1.07664	1.90466	10.07403
4080	-7292.457	-7225.857	-66.59944	2.169397	14.11468	0.31269	0.671897	1.0737	1.94171	10.85835
4090	-7282.934	-7221.118	-61.81521	2.138489	14.03648	0.309264	0.668976	1.0731	1.94866	10.51539
4100	-7277.455	-7218.324	-59.13112	1.851509	14.9882	0.274881	0.638234	1.06579	2.0211	10.36061
4110	-7275.883	-7230.152	-45.73089	1.925918	14.8737	0.284268	0.646897	1.06802	2.00081	9.457961
4120	-7279.827	-7232.282	-47.54419	2.255943	15.15205	0.322025	0.679735	1.07525	1.92299	9.597226
4130	-7290.208	-7236.802	-53.40619	2.263209	16.03838	0.322792	0.680371	1.07537	1.92147	9.991971
4140	-7285.698	-7234.506	-51.19236	2.028174	14.24778	0.296615	0.657977	1.07068	1.97473	9.77974
4150	-7279.478	-7231.923	-47.55434	2.026872	16.40211	0.296461	0.657841	1.07065	1.97505	9.629305
4160	-7284.33	-7230.073	-54.25682	2.010806	16.38022	0.294561	0.656158	1.07026	1.97902	10.0385
4170	-7287.207	-7232.017	-55.18955	2.263545	16.68139	0.322827	0.6804	1.07537	1.9214	10.0854
4180	-7269.21	-7215.959	-53.25066	2.095111	17.34283	0.30437	0.664761	1.0722	1.95867	9.942318
4190	-7285.829	-7224.134	-61.69451	2.044451	15.27273	0.298524	0.659659	1.07106	1.97075	10.52995
4200	-7309.938	-7238.021	-71.91718	2.230653	12.78923	0.319336	0.677495	1.07482	1.92835	11.17882
4210	-7295.197	-7230.518	-64.67889	2.136352	14.19081	0.309025	0.668772	1.07305	1.94915	10.72472
4220	-7302.102	-7233.841	-68.26152	1.800701	16.05409	0.268265	0.631997	1.0641	2.03564	10.91715
4230	-7310.171	-7239.854	-70.3164	1.964731	12.61267	0.289028	0.65121	1.06908	1.99068	11.03374
4240	-7294.45	-7229.904	-64.54576	2.348361	16.58816	0.331592	0.687589	1.07668	1.90414	10.65284
4250	-7291.044	-7234.834	-56.21011	2.422029	14.43697	0.338937	0.693503	1.07769	1.88987	10.14363
4260	-7278.675	-7222.927	-55.74709	1.806464	14.85934	0.269024	0.632718	1.0643	2.03396	10.1309
4270	-7289.467	-7237.371	-52.09626	2.185628	15.15502	0.31447	0.673405	1.07401	1.93812	9.897755
4280	-7300.167	-7235.64	-64.52735	1.759314	16.96858	0.262748	0.626709	1.06261	2.04793	10.62358
4290	-7275.421	-7219.821	-55.59918	2.208573	14.40085	0.316963	0.675506	1.07443	1.9331	10.09914
4300	-7290.643	-7235.454	-55.18874	2.609364	15.97638	0.356586	0.707316	1.07977	1.85633	10.10407
4310	-7306.353	-7238.022	-68.33065	2.094433	13.37402	0.304292	0.664694	1.07218	1.95883	10.95134
4320	-7294.106	-7239.646	-54.46071	2.330763	16.13919	0.329801	0.686132	1.07643	1.90764	10.05616
4330	-7321.974	-7258.506	-63.46802	1.871806	15.52303	0.277477	0.640651	1.06642	2.01545	10.63978
4340	-7316.426	-7252.03	-64.39595	2.066867	16.07681	0.301128	0.661941	1.07158	1.96535	10.67515
4350	-7312.005	-7254.064	-57.94175	1.860916	16.43116	0.276087	0.639359	1.06609	2.01847	10.26144
4360	-7284.551	-7228.131	-56.4202	2.096962	14.3965	0.304581	0.664944	1.07224	1.95824	10.15591
4370	-7291.968	-7242.306	-49.66181	2.500696	17.81585	0.346523	0.699506	1.07864	1.87534	9.71477
4380	-7290.041	-7238.25	-51.79123	1.930633	16.47737	0.284851	0.647429	1.06815	1.99957	9.886275
4390	-7300.571	-7235.243	-65.32751	2.297617	13.5887	0.326389	0.683339	1.07592	1.91435	10.74284
4400	-7295.23	-7240.418	-54.81222	1.944072	14.30022	0.286506	0.648932	1.06852	1.99604	10.03764
4410	-7269.857	-7218.574	-51.28311	2.446886	15.71645	0.341362	0.695433	1.078	1.88521	9.857938
4420	-7282.602	-7228.146	-54.45648	1.992535	16.4272	0.292382	0.654218	1.0698	1.9836	10.04944
4430	-7295.943	-7235.244	-60.69876	2.080678	16.85111	0.302719	0.663328	1.07188	1.96207	10.40546
4440	-7284.492	-7223.844	-60.6481	1.879941	14.87428	0.278509	0.641608	1.06667	2.01321	10.46089
4450	-7285.985	-7220.788	-65.19686	2.262893	15.97355	0.322759	0.680343	1.07536	1.92153	10.73065
4460	-7287.086	-7218.789	-68.29667	1.964251	14.67167	0.28897	0.651158	1.06907	1.9908	10.97893
4470	-7303.696	-7229.85	-73.84562	2.117372	14.2792	0.306894	0.666941	1.07267	1.9535	11.36907
4480	-7306.379	-7243.518	-62.86072	2.049329	13.33509	0.299093	0.660159	1.07118	1.96957	10.53851
4490	-7294.967	-7233.608	-61.35879	2.04797	15.30212	0.298934	0.66002	1.07114	1.9699	10.50763
4500	-7272.807	-7217.446	-55.3608	2.016806	16.25688	0.295273	0.656789	1.0704	1.97753	10.10923
4510	-7269.189	-7224.607	-44.58262	2.127084	17.6843	0.307987	0.667881	1.07287	1.95126	9.433836
4520	-7281.753	-7228.534	-53.21829	2.126228	16.16573	0.307891	0.667799	1.07285	1.95146	9.978826
4530	-7297.16	-7234.036	-63.12365	1.996952	15.01497	0.292911	0.654689	1.06991	1.98249	10.62682
4540	-7293.023	-7231.235	-61.78787	2.309708	17.59658	0.327639	0.684365	1.07611	1.91189	10.41412
4550	-7290.586	-7231.326	-59.2595	2.370717	14.48592	0.333847	0.689415	1.077	1.89974	10.3568
4560	-7284.777	-7218.905	-65.87259	1.860263	14.33675	0.276004	0.639281	1.06606	2.01865	10.81167
4570	-7299.464	-7238.741	-60.7229	1.993902	15.01066	0.292546	0.654364	1.06984	1.98325	10.46691
4580	-7295.31	-7241.063	-54.247	2.027211	15.04833	0.296501	0.657876	1.07066	1.97497	10.03668
4590	-7291.195	-7232.85	-58.34491	2.586754	14.55843	0.35453	0.705735	1.07955	1.86019	10.29662
4600	-7281.297	-7229.904	-51.3926	2.492537	17.18412	0.345748	0.698898	1.07854	1.87681	9.84173
4610	-7289.129	-7242.314	-46.81487	2.368136	16.56304	0.333587	0.689206	1.07696	1.90024	9.584064
4620	-7279.862	-7227.52	-52.34228	2.327017	17.77385	0.329418	0.68582	1.07637	1.90839	9.867629
4630	-7288.84	-7241.57	-47.27021	2.064748	16.90233	0.300883	0.661727	1.07153	1.96586	9.607754
4640	-7293.297	-7244.119	-49.17801	2.198902	18.08331	0.315915	0.674625	1.07425	1.93521	9.674039
4650	-7297.089	-7245.984	-51.10471	1.929995	17.87776	0.284772	0.647357	1.06813	1.99974	9.792385
4660	-7293.603	-7241.776	-51.82721	2.209859	14.9717	0.317101	0.675623	1.07445	1.93282	9.872554
4670	-7297.819	-7248.19	-49.62916	1.865618	16.95391	0.276688	0.639918	1.06623	2.01716	9.74599
4680	-7291.819	-7236.115	-55.70349	2.373722	17.66426	0.334148	0.689658	1.07704	1.89915	10.064
4690	-7303.756	-7251.372	-52.38393	2.553333	14.92759	0.351455	0.703356	1.07921	1.86598	9.907789
4700	-7308.032	-7249.429	-58.6034	2.112487	15.78161	0.306342	0.666466	1.07257	1.95463	10.32247
4710	-7291.859	-7236.483	-55.37507	2.011165	13.57169	0.294604	0.656196	1.07027	1.97893	10.00837
4720	-7304.182	-7249.988	-54.19376	2.003498	14.18426	0.293692	0.655385	1.07008	1.98085	9.985315
4730	-7291.438	-7230.93	-60.50802	2.184928	15.96843	0.314393	0.67334	1.074	1.93827	10.43729
4740	-7309.596	-7249.84	-59.75615	1.986638	18.79533	0.291674	0.653585	1.06965	1.98509	10.1936
4750	-7297.017	-7227.158	-69.85902	1.895756	14.85302	0.280505	0.64345	1.06715	2.0089	11.08079
4760	-7290.275	-7224.783	-65.49286	2.356778	14.45122	0.332443	0.68828	1.0768	1.90247	10.78677
4770	-7288.03	-7222.212	-65.81843	2.184139	14.72716	0.314307	0.673267	1.07398	1.93844	10.8098
4780	-7287.367	-7227.053	-60.31359	2.055923	13.92098	0.29986	0.660832	1.07133	1.96798	10.40087
4790	-7297.92	-7238.573	-59.3469	2.169926	14.3503	0.312749	0.671947	1.07371	1.94159	10.35713
4800	-7295.309	-7234.222	-61.08668	2.187293	14.45589	0.314652	0.673559	1.07404	1.93775	10.48202
4810	-7290.378	-7227.116	-63.2618	2.524147	14.26597	0.348734	0.701238	1.0789	1.87113	10.62744
4820	-7292.026	-7225.65	-66.37565	2.110788	15.01068	0.30615	0.6663	1.07253	1.95502	10.84349
4830	-7292.878	-7231.758	-61.12089	2.168109	15.79311	0.312549	0.671777	1.07368	1.942	10.48164
4840	-7300.78	-7231.605	-69.17536	2.271036	12.53604	0.323615	0.681052	1.0755	1.91984	10.93312
4850	-7281.17	-7224.467	-56.70311	2.062758	15.37961	0.300653	0.661525	1.07148	1.96634	10.20384
4860	-7276.715	-7225.765	-50.94983	1.913356	14.5521	0.282708	0.645472	1.06766	2.00416	9.788194
4870	-7302.706	-7234.965	-67.74092	2.278984	13.97311	0.324448	0.681741	1.07563	1.91819	10.93593
4880	-7282.652	-7220.122	-62.53003	1.6927	15.21069	0.253615	0.617777	1.05999	2.06862	10.58556
4890	-7296.068	-7240.621	-55.44731	1.998879	13.97292	0.293141	0.654894	1.06996	1.982	10.05611
4900	-7285.933	-7224.726	-61.20709	2.393139	15.25056	0.336085	0.691219	1.07731	1.89539	10.49825
4910	-7292.1	-7232.214	-59.88662	2.286423	14.05091	0.325225	0.682381	1.07574	1.91665	10.37891
4920	-7300.525	-7233.221	-67.30326	2.146599	14.68602	0.310168	0.669749	1.07326	1.94682	10.91108
4930	-7299.711	-7241.72	-57.99187	2.555938	14.85501	0.351697	0.703543	1.07924	1.86552	10.28186
4940	-7279.553	-7216.694	-62.85955	2.249737	14.10952	0.321368	0.679189	1.07514	1.9243	10.59316
4950	-7272.685	-7215.106	-57.57835	2.243282	15.85676	0.320683	0.678618	1.07504	1.92566	10.25619
4960	-7278.497	-7215.796	-62.7009	2.009687	13.45237	0.294428	0.65604	1.07023	1.9793	10.5378
4970	-7298.209	-7235.105	-63.10389	1.876831	15.18458	0.278115	0.641243	1.06658	2.01406	10.62368
4980	-7285.827	-7224.015	-61.81242	2.227071	15.48201	0.318953	0.677174	1.07476	1.92912	10.53405
4990	-7270.918	-7229.672	-41.24538	2.20502	16.53584	0.316578	0.675183	1.07436	1.93387	9.247342
5000	-7270.881	-7229.766	-41.11518	2.447405	16.38913	0.341413	0.695473	1.078	1.88511	9.236421
5010	-7270.951	-7217.261	-53.69065	1.978486	15.95087	0.290693	0.652706	1.06944	1.98716	10.0105
5020	-7282.862	-7238.257	-44.60457	1.802351	15.00656	0.268483	0.632203	1.06415	2.03516	9.392807
5030	-7271.088	-7229.87	-41.2175	2.299013	16.26024	0.326534	0.683458	1.07594	1.91407	9.239337
5040	-7288.622	-7242.574	-46.04802	1.994151	14.95153	0.292575	0.65439	1.06984	1.98319	9.485097
5050	-7300.69	-7240.287	-60.4033	2.121933	15.88495	0.307408	0.667384	1.07276	1.95245	10.43347
5060	-7305.262	-7236.439	-68.8235	1.725419	13.15546	0.25814	0.622231	1.06131	2.05832	10.97241
5070	-7303.668	-7234.4	-69.26823	2.168195	16.26401	0.312558	0.671785	1.07368	1.94198	10.96416
5080	-7276.657	-7221.577	-55.08016	2.226804	15.32883	0.318924	0.67715	1.07475	1.92917	10.09769
5090	-7288.525	-7223.557	-64.96837	2.103838	13.71591	0.305363	0.66562	1.07238	1.95663	10.72454
5100	-7296.795	-7231.646	-65.14901	2.302299	15.14188	0.326874	0.683738	1.07599	1.91339	10.75932
5110	-7281.339	-7226.876	-54.46235	2.659181	15.06169	0.361047	0.710722	1.08022	1.84801	10.05139
5120	-7268.265	-7211.304	-56.9615	2.337813	13.863	0.33052	0.686718	1.07653	1.90623	10.15494
5130	-7298.643	-7243.333	-55.30994	2.141683	13.86971	0.30962	0.669281	1.07316	1.94794	10.03647
5140	-7283.092	-7222.993	-60.09832	2.298692	16.64393	0.3265	0.683431	1.07594	1.91413	10.38174
5150	-7278.553	-7223.438	-55.11516	2.169654	14.00049	0.312719	0.671921	1.07371	1.94165	10.03486
5160	-7287.65	-7228.799	-58.85083	2.602743	14.53154	0.355986	0.706855	1.0797	1.85745	10.33038
5170	-7292.581	-7231.064	-61.51722	1.990592	15.17175	0.292149	0.654009	1.06975	1.98409	10.51928
5180	-7306.349	-7239.334	-67.01407	2.397968	14.0138	0.336565	0.691604	1.07737	1.89446	10.88514
5190	-7302.908	-7242.94	-59.96828	2.009782	15.35578	0.29444	0.65605	1.07023	1.97928	10.41636
5200	-7288.521	-7229.874	-58.64647	2.157894	16.16728	0.311421	0.670818	1.07348	1.94428	10.31456
5210	-7285.693	-7243.094	-42.59899	2.462484	19.23657	0.342871	0.696629	1.07819	1.88231	9.257503
5220	-7283.376	-7238.366	-45.00949	2.085344	19.11875	0.303254	0.663793	1.07199	1.96097	9.390129
5230	-7293.84	-7238.237	-55.60279	2.446713	17.46611	0.341346	0.69542	1.078	1.88524	10.07069
5240	-7295.901	-7225.207	-70.69391	2.222125	13.46684	0.318422	0.67673	1.07467	1.93018	11.13265
5250	-7262.224	-7217.721	-44.50283	1.850224	15.4814	0.274716	0.638079	1.06575	2.02146	9.415975
5260	-7287.447	-7233.717	-53.73006	2.157997	16.4275	0.311433	0.670828	1.07348	1.94426	10.00521
5270	-7276.62	-7214.206	-62.4146	1.959641	14.3486	0.288409	0.650652	1.06895	1.99199	10.57085
5280	-7299.938	-7233.257	-66.6808	1.82304	16.01881	0.271195	0.634772	1.06486	2.02917	10.82084
5290	-7286.91	-7218.957	-67.95272	1.768441	13.97477	0.263975	0.627891	1.06295	2.04519	10.95113
5300	-7285.617	-7231.274	-54.34291	2.157509	16.45179	0.311378	0.670782	1.07347	1.94437	10.04185
5310	-7287.139	-7234.187	-52.95154	2.263893	18.05917	0.322864	0.680431	1.07538	1.92133	9.884282
5320	-7289.342	-7231.546	-57.79569	2.336755	15.56165	0.330412	0.68663	1.07651	1.90644	10.27408
5330	-7270.794	-7210.96	-59.83452	2.221935	15.50546	0.318402	0.676713	1.07467	1.93022	10.40597
5340	-7271.321	-7215.505	-55.81609	2.408707	16.46442	0.337627	0.692455	1.07751	1.89241	10.13098
5350	-7285.694	-7223.349	-62.34469	1.878171	15.38109	0.278285	0.6414	1.06662	2.0137	10.57063
5360	-7291.152	-7232.588	-58.5638	1.908941	15.04511	0.282157	0.644968	1.06753	2.00534	10.32351
5370	-7300.91	-7239.476	-61.43378	2.37318	19.00348	0.334094	0.689614	1.07703	1.89926	10.26134
5380	-7284.138	-7227.912	-56.22558	2.784112	14.67591	0.371839	0.718828	1.08122	1.82811	10.15636
5390	-7311.75	-7250.337	-61.41336	2.102057	14.44487	0.30516	0.665445	1.07235	1.95705	10.50428
5400	-7319.281	-7249.835	-69.44546	1.884054	13.34822	0.27903	0.642089	1.0668	2.01208	11.03312
5410	-7317.553	-7256.218	-61.33558	2.096944	17.0404	0.304579	0.664942	1.07224	1.95824	10.43057
5420	-7293.672	-7228.613	-65.05899	2.379987	17.36339	0.334775	0.690164	1.07713	1.89793	10.62137
5430	-7312.748	-7238.18	-74.56794	1.954769	11.97212	0.287815	0.650116	1.06882	1.99325	11.28898
5440	-7284.719	-7223.197	-61.52155	1.78729	14.27591	0.26649	0.630304	1.06363	2.03958	10.50586
5450	-7303.794	-7237.298	-66.49602	2.178986	13.96469	0.313743	0.67279	1.07388	1.93958	10.84655
5460	-7307.43	-7238.711	-68.71885	1.83786	12.76083	0.27312	0.636585	1.06535	2.02495	10.92546
5470	-7282.53	-7220.302	-62.22777	2.139617	16.64116	0.30939	0.669084	1.07312	1.94841	10.50985
5480	-7281.631	-7216.642	-64.98914	2.076536	14.44723	0.302243	0.662913	1.07179	1.96305	10.75186
5490	-7284.592	-7226.199	-58.39297	2.32325	14.0736	0.329032	0.685505	1.07631	1.90915	10.27418
5500	-7280.881	-7220.413	-60.4681	2.104035	16.28861	0.305385	0.665639	1.07239	1.95659	10.42197
5510	-7287.553	-7213.199	-74.35438	2.236792	14.47918	0.319992	0.678042	1.07492	1.92704	11.39907
5520	-7290.662	-7224.086	-66.5761	1.949375	13.90268	0.287156	0.64952	1.06867	1.99465	10.85004
5530	-7275.164	-7227.9	-47.26436	2.83952	16.54144	0.376453	0.722237	1.0816	1.81971	9.611312
5540	-7286.252	-7230.402	-55.85017	2.11849	15.7107	0.30702	0.66705	1.07269	1.95324	10.14857
5550	-7299.006	-7235.262	-63.74434	2.220836	15.34669	0.318284	0.676614	1.07465	1.93045	10.66249
5560	-7293.468	-7227.353	-66.11478	2.275658	14.74295	0.3241	0.681453	1.07557	1.91887	10.82981
5570	-7300.822	-7227.274	-73.54788	2.299957	14.64167	0.326632	0.683539	1.07596	1.91387	11.33797
5580	-7272.223	-7218.675	-53.54843	1.840903	15.32773	0.273514	0.636954	1.06545	2.02409	9.997744
5590	-7280.156	-7230.17	-49.98548	1.938812	16.94604	0.28586	0.648345	1.06838	1.99741	9.767224
5600	-7271.934	-7220.076	-51.85788	1.958585	15.36285	0.28828	0.650536	1.06892	1.99227	9.888375
5610	-7285.843	-7238.098	-47.7447	2.229844	14.05961	0.31925	0.677423	1.0748	1.92852	9.515845
5620	-7275.699	-7223.737	-51.9614	2.092239	16.05989	0.304042	0.664477	1.07214	1.95935	9.901794
5630	-7275.688	-7224.977	-50.71082	1.960493	16.73841	0.288513	0.650746	1.06897	1.99177	9.815617
5640	-7280.609	-7222.662	-57.94685	2.291987	13.77329	0.325804	0.682858	1.07583	1.9155	10.21803
5650	-7291.272	-7232.151	-59.12046	2.268942	15.79186	0.323395	0.68087	1.07546	1.92027	10.355
5660	-7290.321	-7235.528	-54.79225	2.288995	13.21385	0.325493	0.682602	1.07579	1.91612	9.915145
5670	-7264.973	-7219.393	-45.57965	2.377292	16.50684	0.334505	0.689947	1.07709	1.89846	9.509393
5680	-7292.651	-7228.384	-64.26784	2.256316	13.58254	0.322065	0.679767	1.07525	1.92291	10.66441
5690	-7284.754	-7219.498	-65.25527	2.113349	14.47965	0.30644	0.66655	1.07258	1.95443	10.77064
5700	-7291.031	-7229.035	-61.99552	2.184121	16.22391	0.314305	0.673266	1.07398	1.93845	10.51898
5710	-7282.464	-7225.743	-56.72178	2.065387	15.88734	0.300957	0.661791	1.07154	1.96571	10.20167
5720	-7275.719	-7213.774	-61.9449	2.317024	14.22758	0.328393	0.684982	1.07622	1.91041	10.53361
5730	-7296.26	-7224.493	-71.76747	1.991046	13.97142	0.292203	0.654058	1.06976	1.98397	11.22408
5740	-7285.784	-7221.634	-64.14944	1.980275	13.91141	0.290909	0.6529	1.06949	1.9867	10.67594
5750	-7299.071	-7234.492	-64.57903	1.937057	12.29859	0.285644	0.648149	1.06833	1.99788	10.524
5760	-7290.974	-7239.052	-51.9217	2.12688	14.77235	0.307964	0.667862	1.07286	1.95131	9.868784
5770	-7270.231	-7216.157	-54.07407	1.880388	16.40699	0.278566	0.64166	1.06669	2.01309	10.02668
5780	-7292.399	-7237.876	-54.52267	2.120116	15.16517	0.307203	0.667208	1.07272	1.95287	10.0581
5790	-7288.266	-7232.711	-55.55495	2.616148	18.69937	0.357199	0.707786	1.07983	1.85518	9.978194
5800	-7287.052	-7232.286	-54.76593	2.214327	15.11745	0.317583	0.676027	1.07453	1.93186	10.07301
5810	-7282.987	-7223.24	-59.74692	1.963123	15.84983	0.288833	0.651034	1.06904	1.99109	10.39314
5820	-7262.428	-7208.172	-54.2558	2.189022	15.37435	0.31484	0.673718	1.07407	1.93737	10.04463
5830	-7281.751	-7229.799	-51.95212	1.867507	17.05979	0.276929	0.640142	1.06629	2.01664	9.879182
5840	-7294.391	-7242.978	-51.41248	2.468689	15.13199	0.343468	0.697101	1.07826	1.88117	9.851755
5850	-7293.105	-7237.95	-55.15511	1.990677	15.48875	0.292159	0.654019	1.06975	1.98407	10.10409
5860	-7305.502	-7244.772	-60.73025	2.267133	17.52123	0.323205	0.680713	1.07543	1.92065	10.35998
5870	-7305.182	-7246.213	-58.96878	2.079985	15.74295	0.302639	0.663258	1.07187	1.96223	10.34643
5880	-7271.83	-7229.633	-42.19674	2.100531	17.10146	0.304987	0.665295	1.07231	1.95741	9.307148
5890	-7306.792	-7241.512	-65.28041	1.858877	15.64955	0.275826	0.639116	1.06602	2.01904	10.75147
5900	-7280.768	-7221.677	-59.09079	2.086823	13.19078	0.303423	0.66394	1.07202	1.96062	10.23738
5910	-7283.162	-7224.434	-58.72753	2.349304	15.07806	0.331687	0.687667	1.0767	1.90395	10.33473
5920	-7305.718	-7248.849	-56.86925	2.377308	14.21533	0.334507	0.689948	1.07709	1.89845	10.17605
5930	-7301.466	-7240.559	-60.90629	1.919204	14.29958	0.283435	0.646137	1.06783	2.0026	10.46376
5940	-7290.699	-7232.132	-58.56687	1.965786	16.00188	0.289156	0.651325	1.06911	1.99041	10.3148
5950	-7294.764	-7238.687	-56.0773	2.267806	16.6274	0.323276	0.680772	1.07544	1.92051	10.1408
5960	-7273.222	-7219.15	-54.0727	1.860846	14.68993	0.276078	0.639351	1.06608	2.01849	10.01038
5970	-7271.06	-7221.287	-49.77344	2.257762	16.46348	0.322218	0.679894	1.07528	1.92261	9.763976
5980	-7286.217	-7231.602	-54.61413	1.988184	17.81835	0.29186	0.653751	1.06969	1.9847	9.992581
5990	-7303.69	-7239.751	-63.93905	2.207856	15.68331	0.316885	0.675441	1.07442	1.93326	10.66449
6000	-7277.142	-7222.585	-54.55697	2.061887	17.3234	0.300552	0.661437	1.07146	1.96655	10.01868
6010	-7278.386	-7217.11	-61.27641	2.34035	15.02026	0.330778	0.686928	1.07657	1.90573	10.5038
6020	-7293.434	-7228.03	-65.40329	2.015004	15.92259	0.295059	0.6566	1.07036	1.97798	10.74629
6030	-7310.571	-7241.433	-69.13816	2.262297	14.60705	0.322696	0.680291	1.07535	1.92166	11.03734
6040	-7288.956	-7220.922	-68.03366	2.058001	12.60606	0.300101	0.661043	1.07138	1.96748	10.85185
6050	-7275.724	-7210.7	-65.02444	2.181929	14.02911	0.314066	0.673063	1.07394	1.93893	10.74375
6060	-7280.63	-7213.433	-67.19669	1.951042	13.90377	0.28736	0.649705	1.06871	1.99422	10.89472
6070	-7294.41	-7229.57	-64.83983	2.103723	15.17951	0.30535	0.665609	1.07238	1.95666	10.73811
6080	-7304.68	-7243.575	-61.10535	1.948383	16.64797	0.287034	0.64941	1.06864	1.99491	10.442
6090	-7297.292	-7242.539	-54.75292	2.162449	16.20821	0.311924	0.671246	1.07357	1.94326	10.0729
6100	-7296.031	-7249.67	-46.36131	2.216408	19.24819	0.317808	0.676215	1.07457	1.93141	9.452307
6110	-7302.202	-7249.76	-52.4426	2.005685	14.96803	0.293952	0.655617	1.07013	1.9803	9.9135
6120	-7281.348	-7225.47	-55.87814	2.424332	16.11668	0.339163	0.693683	1.07771	1.88944	10.14448
6130	-7270.27	-7227.975	-42.2952	2.391633	18.64481	0.335936	0.691098	1.07729	1.89568	9.27157
6140	-7282.945	-7224.846	-58.09822	2.135733	17.43711	0.308956	0.668712	1.07304	1.94929	10.21554
6150	-7304.146	-7230.657	-73.48923	1.99109	17.6956	0.292209	0.654063	1.06977	1.98396	11.06704
6160	-7286.528	-7228.66	-57.86755	2.180914	16.37597	0.313954	0.672969	1.07392	1.93916	10.25909
6170	-7290.712	-7218.005	-72.70671	1.976686	12.9161	0.290476	0.652511	1.0694	1.98762	11.25122
6180	-7281.925	-7227.051	-54.87357	2.136862	16.09935	0.309082	0.66882	1.07307	1.94903	10.08246
6190	-7301.927	-7231.134	-70.79345	2.0905	13.50702	0.303844	0.664305	1.0721	1.95975	11.14182
6200	-7293.648	-7233.151	-60.49687	2.205291	13.58996	0.316608	0.675208	1.07437	1.93382	10.38746
6210	-7298.542	-7243.672	-54.86936	1.977974	15.26168	0.290631	0.652651	1.06943	1.98729	10.08287
6220	-7283.751	-7232.554	-51.19735	2.334158	16.16063	0.330148	0.686415	1.07648	1.90696	9.853842
6230	-7254.474	-7205.283	-49.19079	2.462698	16.25279	0.342891	0.696645	1.07819	1.88227	9.729704
6240	-7282.77	-7220.681	-62.08937	2.157538	13.63797	0.311382	0.670784	1.07347	1.94436	10.50859
6250	-7267.632	-7217.12	-50.51231	2.287244	18.09453	0.325311	0.682452	1.07576	1.91648	9.747175
6260	-7290.04	-7227.352	-62.68783	2.051192	14.18619	0.29931	0.660349	1.07122	1.96912	10.58423
6270	-7302.52	-7238.093	-64.42637	2.009195	14.80721	0.29437	0.655988	1.07022	1.97942	10.71521
6280	-7314.342	-7247.883	-66.45958	1.941303	15.98522	0.286166	0.648623	1.06845	1.99676	10.80902
6290	-7316.191	-7250.584	-65.60697	1.831859	14.05559	0.272343	0.635854	1.06515	2.02665	10.78618
6300	-7300.234	-7241.099	-59.13545	2.076736	16.46466	0.302266	0.662933	1.0718	1.963	10.33257
6310	-7296.26	-7237.594	-58.66587	1.8978	14.81409	0.280762	0.643686	1.06721	2.00834	10.32633
6320	-7295.623	-7238.941	-56.68121	2.050114	17.32699	0.299184	0.660239	1.07119	1.96938	10.14109
6330	-7301.693	-7236.265	-65.42731	1.792966	15.64118	0.267243	0.631023	1.06383	2.03791	10.76122
6340	-7301.315	-7240.092	-61.22334	1.748465	15.7742	0.261282	0.62529	1.0622	2.05123	10.48871
6350	-7298.694	-7229.355	-69.33904	2.323797	11.85307	0.329088	0.68555	1.07632	1.90904	10.82748
6360	-7266.905	-7214.43	-52.47468	2.162553	16.76633	0.311936	0.671256	1.07357	1.94324	9.920145
6370	-7287.845	-7221.142	-66.70256	2.025112	13.28458	0.296254	0.657658	1.07061	1.97548	10.82254
6380	-7288.637	-7231.271	-57.3661	1.776136	14.53903	0.265005	0.628881	1.06323	2.04289	10.22854
6390	-7290.812	-7231.869	-58.94278	2.389422	13.58	0.335716	0.690922	1.07726	1.89611	10.2721
6400	-7308.972	-7235.796	-73.17583	1.943201	15.48056	0.286399	0.648835	1.0685	1.99627	11.26813
6410	-7301.619	-7226.818	-74.80165	1.951567	13.71778	0.287424	0.649763	1.06873	1.99408	11.44148
6420	-7288.03	-7226.906	-61.12379	1.983335	15.15215	0.291277	0.65323	1.06957	1.98593	10.49345
6430	-7310.251	-7232.377	-77.87357	1.958179	13.24537	0.288231	0.650492	1.06891	1.99237	11.66263
6440	-7294.652	-7227.454	-67.19804	2.108461	14.28212	0.305887	0.666073	1.07248	1.95556	10.90356
6450	-7282.046	-7210.382	-71.66356	2.007296	15.37743	0.294144	0.655787	1.07017	1.9799	11.17671
6460	-7269.607	-7207.591	-62.01581	2.347152	13.39548	0.331469	0.68749	1.07667	1.90438	10.48133
6470	-7298.397	-7225.969	-72.4283	2.105049	15.20321	0.3055	0.665739	1.07241	1.95635	11.23672
6480	-7290.939	-7229.501	-61.4374	2.222449	17.75909	0.318457	0.67676	1.07468	1.93011	10.3806
6490	-7312.839	-7243.359	-69.48029	2.066636	14.86377	0.301101	0.661918	1.07157	1.96541	11.05498
6500	-7303.217	-7234.361	-68.85587	2.339685	13.30476	0.330711	0.686873	1.07656	1.90586	10.98603
6510	-7280.761	-7222.27	-58.49116	2.025317	14.68546	0.296278	0.657679	1.07061	1.97543	10.31103
6520	-7302.385	-7231.927	-70.45804	1.999756	14.0982	0.293246	0.654988	1.06998	1.98178	11.13163
6530	-7315.788	-7239.574	-76.21349	2.023571	13.5549	0.296072	0.657497	1.07057	1.97586	11.54365
6540	-7301.373	-7224.218	-77.1545	1.950118	12.95596	0.287247	0.649602	1.06869	1.99446	11.59758
6550	-7303.965	-7231.065	-72.89948	2.035404	16.1818	0.297465	0.658726	1.07085	1.97296	11.19486
6560	-7299.234	-7230.883	-68.35055	2.163738	12.70527	0.312067	0.671367	1.07359	1.94297	10.88983
6570	-7301.275	-7232.949	-68.32637	1.71778	14.21918	0.257091	0.621203	1.06101	2.0607	10.98205
6580	-7295.91	-7228.757	-67.15325	1.704114	14.32617	0.255203	0.619346	1.06046	2.065	10.9009
6590	-7319.455	-7238.517	-80.93748	1.642	12.82083	0.246449	0.610604	1.05778	2.08517	11.88533
6600	-7312.885	-7245.589	-67.29582	1.847531	14.97274	0.274369	0.637755	1.06566	2.02222	10.90572
6610	-7293.393	-7237.818	-55.57531	1.907956	12.99746	0.282034	0.644855	1.06751	2.00561	9.939265
6620	-7303.115	-7231.977	-71.13847	1.861439	12.75594	0.276154	0.639421	1.0661	2.01832	11.11457
6630	-7311.278	-7239.964	-71.31451	2.095136	14.26829	0.304373	0.664763	1.0722	1.95867	11.1919
6640	-7317.232	-7251.171	-66.06106	2.098358	13.29015	0.30474	0.665081	1.07227	1.95791	10.77473
6650	-7286.144	-7228.425	-57.71899	2.611586	15.35675	0.356787	0.70747	1.07979	1.85595	10.26988
6660	-7270.072	-7221.064	-49.00807	2.161771	16.90709	0.31185	0.671183	1.07356	1.94341	9.710463
6670	-7294.463	-7246.16	-48.30225	2.170754	14.55793	0.31284	0.672024	1.07373	1.94141	9.60676
6680	-7297.882	-7235.475	-62.40633	2.145928	13.44765	0.310093	0.669685	1.07325	1.94698	10.51547
6690	-7289.183	-7232.376	-56.80672	1.97193	14.23922	0.289901	0.651995	1.06927	1.98883	10.17323
6700	-7306.341	-7245.694	-60.64746	2.668484	14.73739	0.36187	0.711347	1.08031	1.84648	10.45887
6710	-7286.154	-7227.152	-59.00157	2.256751	15.41677	0.322111	0.679806	1.07526	1.92282	10.35305
6720	-7290.613	-7235.035	-55.5779	1.913887	16.11038	0.282774	0.645533	1.06768	2.00402	10.12599
6730	-7308.421	-7243.625	-64.79622	2.134207	14.56209	0.308785	0.668566	1.07301	1.94964	10.73978
6740	-7290.472	-7234.262	-56.21022	2.029049	15.83177	0.296718	0.658068	1.0707	1.97451	10.17024
6750	-7285.943	-7230.527	-55.4161	2.290035	13.63164	0.325601	0.682691	1.0758	1.91591	10.01854
6760	-7281.887	-7219.702	-62.18454	2.12893	16.49062	0.308194	0.668059	1.0729	1.95084	10.51627
6770	-7298.463	-7235.593	-62.86983	2.103053	14.27931	0.305273	0.665543	1.07237	1.95682	10.60042
6780	-7282.152	-7219.191	-62.96098	2.011108	14.22065	0.294597	0.65619	1.07027	1.97895	10.60477
6790	-7276.322	-7223.727	-52.59572	1.841949	16.99119	0.273649	0.637081	1.06548	2.02379	9.919574
6800	-7285.068	-7218.01	-67.05815	2.832507	14.30328	0.375874	0.721811	1.08155	1.82076	10.89402
6810	-7279.926	-7211.74	-68.18672	2.143889	15.43957	0.309866	0.669491	1.07321	1.94744	10.94779
6820	-7294.995	-7222.445	-72.54974	2.197832	13.22529	0.315799	0.674527	1.07423	1.93544	11.25962
6830	-7282.933	-7221.863	-61.0697	2.098163	13.41517	0.304718	0.665062	1.07226	1.95796	10.41275
6840	-7293.29	-7233.941	-59.34843	1.949998	15.38299	0.287232	0.649589	1.06869	1.99449	10.37582
6850	-7303.544	-7239.041	-64.50293	2.11381	13.80183	0.306492	0.666595	1.07259	1.95432	10.69565
6860	-7293.165	-7235.686	-57.47891	2.119032	14.97646	0.307081	0.667102	1.0727	1.95311	10.25014
6870	-7276.576	-7222.907	-53.669	2.077556	13.67407	0.30236	0.663015	1.07181	1.96281	9.895657
6880	-7293.608	-7238.412	-55.19558	2.044505	14.96773	0.29853	0.659664	1.07106	1.97074	10.09741
6890	-7293.157	-7240.986	-52.17161	2.007288	14.72724	0.294143	0.655786	1.07017	1.9799	9.88316
6900	-7280.532	-7231.768	-48.76401	1.944407	17.29395	0.286547	0.648969	1.06853	1.99595	9.685274
6910	-7273.147	-7220.418	-52.72901	2.225544	15.94858	0.318789	0.677037	1.07473	1.92944	9.950217
6920	-7294.883	-7235.79	-59.09268	2.215528	16.85207	0.317713	0.676136	1.07455	1.9316	10.3101
6930	-7286.991	-7236.888	-50.10278	2.225706	18.1924	0.318806	0.677052	1.07473	1.92941	9.71889
6940	-7273.504	-7234.485	-39.01832	2.081689	20.44521	0.302835	0.663428	1.07191	1.96183	9.003126
6950	-7320.648	-7252.537	-68.11142	1.984905	12.49829	0.291466	0.653399	1.06961	1.98553	10.84277
6960	-7294.979	-7238.009	-56.97059	1.886493	14.74168	0.279338	0.642374	1.06687	2.01142	10.20952
6970	-7301.004	-7236.002	-65.00165	2.151095	16.40347	0.310668	0.670176	1.07335	1.94581	10.69294
6980	-7305.976	-7242.867	-63.10887	1.938218	14.18044	0.285787	0.648279	1.06836	1.99757	10.61369
6990	-7282.029	-7221.983	-60.04602	2.120792	15.37732	0.30728	0.667273	1.07274	1.95271	10.42122
7000	-7284.506	-7225.488	-59.01819	1.676331	15.56243	0.251322	0.615498	1.05929	2.07389	10.35263
7010	-7289.784	-7226.964	-62.8193	2.293193	16.37943	0.32593	0.682962	1.07585	1.91526	10.56127
7020	-7288.139	-7226.868	-61.27143	1.914818	14.76576	0.28289	0.645639	1.0677	2.00377	10.50162
7030	-7291.17	-7226.669	-64.50106	1.724054	13.99144	0.257953	0.622048	1.06126	2.05874	10.70487
7040	-7287.746	-7229.908	-57.83817	1.968773	15.65136	0.289518	0.651651	1.06919	1.98964	10.27589
7050	-7262.51	-7214.442	-48.06749	2.110925	17.56395	0.306166	0.666314	1.07253	1.95499	9.635663
7060	-7270.695	-7228.223	-42.47214	1.985537	19.36461	0.291542	0.653467	1.06962	1.98537	9.243574
7070	-7287.735	-7233.586	-54.14926	2.437803	13.37908	0.340479	0.694732	1.07789	1.8869	9.891705
7080	-7290.232	-7238.718	-51.51385	2.63798	17.23526	0.35916	0.709285	1.08003	1.85152	9.846728
7090	-7283.983	-7234.113	-49.86952	2.148015	16.26471	0.310325	0.669884	1.07329	1.9465	9.771413
7100	-7293.199	-7235.802	-57.39626	2.324406	14.78401	0.32915	0.685601	1.07633	1.90892	10.23974
7110	-7303.561	-7245.152	-58.40987	2.185345	14.92218	0.314439	0.673379	1.074	1.93818	10.31137
7120	-7296.81	-7237.615	-59.19554	2.243784	15.25363	0.320736	0.678663	1.07504	1.92556	10.36635
7130	-7301.196	-7229.237	-71.95906	2.062493	13.41541	0.300622	0.661499	1.07148	1.9664	11.22448
7140	-7283.826	-7219.278	-64.54714	1.651091	14.11979	0.247748	0.611915	1.05819	2.08215	10.71313
7150	-7285.302	-7227.64	-57.66166	2.053406	16.21541	0.299568	0.660575	1.07127	1.96859	10.25213
7160	-7316.508	-7252.546	-63.96254	1.895461	15.76039	0.280468	0.643416	1.06714	2.00898	10.66293
7170	-7295.087	-7227.092	-67.99567	2.233975	15.04898	0.319691	0.677791	1.07488	1.92764	10.9503
7180	-7306.061	-7239.277	-66.78309	2.029602	16.64592	0.296783	0.658125	1.07071	1.97438	10.78321
7190	-7284.477	-7222.323	-62.15404	2.022492	16.13711	0.295945	0.657384	1.07054	1.97613	10.53294
7200	-7309.098	-7237.121	-71.9773	2.096969	12.32649	0.304581	0.664944	1.07224	1.95824	11.12951
7210	-7313.001	-7243.073	-69.92755	1.899353	15.64697	0.280957	0.643866	1.06725	2.00792	11.04858
7220	-7298.878	-7223.581	-75.29699	2.293357	12.63776	0.325947	0.682976	1.07585	1.91522	11.43085
7230	-7290.834	-7223.98	-66.85394	2.203175	14.74292	0.316378	0.675015	1.07433	1.93428	10.87995
7240	-7286.203	-7215.665	-70.53815	2.038205	15.78341	0.297793	0.659016	1.07092	1.97227	11.07859
7250	-7273.846	-7216.787	-57.05896	2.29374	15.24689	0.325986	0.683008	1.07586	1.91514	10.22622
7260	-7266.353	-7216.936	-49.41729	2.528389	15.65987	0.349132	0.701548	1.07894	1.87038	9.738053
7270	-7285.097	-7226.805	-58.29276	1.87007	15.93404	0.277255	0.640445	1.06637	2.01593	10.29944
7280	-7285.764	-7233.306	-52.45819	1.958236	16.29131	0.288238	0.650498	1.06891	1.99236	9.930181
7290	-7291.707	-7233.101	-58.60586	2.45707	15.23425	0.342348	0.696215	1.07812	1.88331	10.32765
7300	-7283.717	-7223.8	-59.91748	2.425209	13.57715	0.339249	0.693752	1.07773	1.88927	10.3436
7310	-7278.701	-7228.689	-50.01222	2.536968	16.66861	0.349934	0.702173	1.07904	1.86886	9.775284
7320	-7302.151	-7241.881	-60.26918	2.243007	14.42445	0.320654	0.678594	1.07503	1.92572	10.42433
7330	-7288.763	-7228.021	-60.74244	2.129117	13.75188	0.308215	0.668077	1.07291	1.9508	10.41933
7340	-7305.046	-7234.899	-70.14698	2.085614	14.85422	0.303285	0.66382	1.07199	1.9609	11.10014
7350	-7292.385	-7233.385	-58.99966	2.078519	15.59955	0.302471	0.663112	1.07184	1.96258	10.35092
7360	-7295.599	-7238.408	-57.19093	1.905908	17.01601	0.281778	0.64462	1.06745	2.00616	10.18868
7370	-7296.683	-7244.602	-52.08165	1.868049	15.29418	0.276998	0.640206	1.06631	2.01649	9.901143
7380	-7287.578	-7238.105	-49.47317	2.372201	15.54057	0.333995	0.689535	1.07702	1.89945	9.738713
7390	-7288.494	-7236.717	-51.77672	2.143898	14.55383	0.309867	0.669492	1.07321	1.94743	9.845138
7400	-7269.921	-7210.466	-59.45496	2.242811	14.39671	0.320633	0.678577	1.07503	1.92576	10.36671
7410	-7303.821	-7234.487	-69.33412	1.753611	15.5467	0.261978	0.625965	1.0624	2.04966	11.01638
7420	-7284.838	-7229.932	-54.90519	2.218782	14.71006	0.318063	0.676429	1.07461	1.9309	10.06799
7430	-7294.693	-7231.046	-63.64727	2.109103	15.40839	0.30596	0.666136	1.07249	1.95541	10.65461
7440	-7305.454	-7240.302	-65.15266	2.3077	13.56221	0.327432	0.684196	1.07608	1.9123	10.72815
7450	-7297.134	-7230.792	-66.34223	2.349603	12.99133	0.331718	0.687691	1.0767	1.90389	10.76698
7460	-7290.383	-7234.262	-56.12071	1.778703	15.85517	0.265347	0.62921	1.06332	2.04212	10.16429
7470	-7293.156	-7232.147	-61.00872	1.921944	14.88213	0.283776	0.646448	1.06791	2.00187	10.48521
7480	-7295.009	-7228.895	-66.11365	1.823642	13.50675	0.271274	0.634846	1.06488	2.029	10.79533
7490	-7280.229	-7220.312	-59.91746	2.431381	15.63524	0.339853	0.694233	1.0778	1.88811	10.40907
7500	-7306.479	-7237.46	-69.01848	1.788444	14.38243	0.266643	0.63045	1.06367	2.03924	11.03104
7510	-7277.826	-7219.537	-58.28906	1.971742	14.64905	0.289878	0.651975	1.06927	1.98888	10.29607
7520	-7296.175	-7225.233	-70.9428	1.812241	15.03251	0.269783	0.633437	1.06449	2.03229	11.14684
7530	-7318.391	-7250.945	-67.44607	1.67468	14.28227	0.25109	0.615266	1.05922	2.07442	10.92093
7540	-7299.078	-7234.367	-64.71113	1.853067	13.22918	0.275081	0.638421	1.06584	2.02066	10.66731
7550	-7284.283	-7218.145	-66.13786	2.102532	16.77609	0.305214	0.665492	1.07236	1.95694	10.73429
7560	-7293.939	-7233.914	-60.0254	2.110818	14.65628	0.306154	0.666303	1.07253	1.95501	10.41479
7570	-7294.617	-7223.568	-71.04964	1.730678	13.98024	0.25886	0.622935	1.06152	2.05669	11.1728
7580	-7288.966	-7231.419	-57.54702	2.362493	15.18096	0.33302	0.688746	1.07688	1.90135	10.25769
7590	-7280.605	-7223.932	-56.67276	2.1474	18.01329	0.310257	0.669825	1.07328	1.94664	10.09381
7600	-7263.559	-7210.538	-53.02084	2.027046	17.31498	0.296482	0.657859	1.07065	1.97501	9.930415
7610	-7275.981	-7217.559	-58.42211	1.802141	15.01883	0.268455	0.632177	1.06415	2.03522	10.31375
7620	-7307.868	-7246.933	-60.93454	1.860933	17.65076	0.276089	0.639361	1.06609	2.01846	10.36124
7630	-7295.144	-7231.571	-63.57321	2.130141	16.11449	0.30833	0.668176	1.07293	1.95057	10.62206
7640	-7280.555	-7230.026	-50.52888	2.181831	18.07537	0.314055	0.673054	1.07394	1.93895	9.7492
7650	-7293.502	-7228.255	-65.24608	2.138911	13.78608	0.309311	0.669017	1.07311	1.94857	10.74867
7660	-7297.884	-7235.533	-62.35029	1.86391	15.44221	0.27647	0.639715	1.06618	2.01764	10.56971
7670	-7285.299	-7224.843	-60.45632	2.165762	15.16831	0.31229	0.671557	1.07363	1.94252	10.44936
7680	-7266.964	-7231.668	-35.29609	2.183706	16.42946	0.31426	0.673227	1.07397	1.93854	8.883155
7690	-7268.559	-7215.912	-52.64682	2.120385	14.38963	0.307234	0.667234	1.07273	1.9528	9.893281
7700	-7291.855	-7239.464	-52.39089	2.226334	16.15415	0.318874	0.677108	1.07474	1.92927	9.927762
7710	-7281.917	-7228.144	-53.77271	2.525344	15.19172	0.348846	0.701325	1.07891	1.87092	10.00935
7720	-7283.78	-7230.261	-53.51929	2.222833	16.82313	0.318498	0.676794	1.07468	1.93003	9.980436
7730	-7295.864	-7247.117	-48.7466	1.880094	16.0849	0.278529	0.641626	1.06668	2.01317	9.701798
7740	-7288.329	-7238.14	-50.18892	1.958769	14.1427	0.288303	0.650556	1.06892	1.99222	9.698668
7750	-7290.524	-7224.955	-65.56942	2.45541	15.25926	0.342188	0.696088	1.0781	1.88362	10.78405
7760	-7286.306	-7222.991	-63.3146	2.227318	14.36092	0.318979	0.677196	1.07476	1.92906	10.6339
7770	-7300.832	-7233.846	-66.98549	1.922999	15.43532	0.283906	0.646568	1.06794	2.00159	10.87016
7780	-7282.66	-7229.068	-53.59156	2.16742	15.54653	0.312473	0.671712	1.07367	1.94215	10.00378
7790	-7293.366	-7230.958	-62.4081	2.028388	15.50032	0.29664	0.657999	1.07068	1.97468	10.57208
7800	-7288.403	-7223.023	-65.37992	2.030033	15.8596	0.296834	0.65817	1.07072	1.97427	10.74805
7810	-7286.865	-7223.282	-63.58253	2.364989	13.12079	0.333271	0.68895	1.07692	1.90086	10.57011
7820	-7295.129	-7229.744	-65.38495	1.785777	16.05229	0.266289	0.630112	1.06357	2.04003	10.73807
7830	-7297.492	-7226.992	-70.50071	2.399912	14.36673	0.336757	0.691758	1.0774	1.89409	11.13424
7840	-7282.169	-7216.747	-65.42147	1.910234	14.18582	0.282319	0.645116	1.06757	2.00499	10.77692
7850	-7307.539	-7234.276	-73.26296	2.067851	15.5415	0.301242	0.66204	1.0716	1.96512	11.26947
7860	-7302.747	-7237.949	-64.79832	1.946556	16.15382	0.28681	0.649207	1.06859	1.99539	10.69585
7870	-7279.222	-7217.003	-62.21872	1.947088	14.3846	0.286876	0.649267	1.06861	1.99525	10.55832
7880	-7300.153	-7231.131	-69.02241	2.120698	15.58385	0.307269	0.667264	1.07274	1.95273	10.9943
7890	-7307.261	-7243.23	-64.03143	2.013316	15.47895	0.294859	0.656422	1.07032	1.9784	10.67747
7900	-7301.522	-7235.12	-66.40137	2.286856	15.94817	0.32527	0.682419	1.07575	1.91656	10.80752
7910	-7280.269	-7232.023	-48.24556	1.960114	17.78957	0.288466	0.650704	1.06896	1.99187	9.636446
7920	-7287.991	-7239.037	-48.95428	2.350033	15.1605	0.331761	0.687727	1.07671	1.90381	9.690697
7930	-7287.049	-7242.757	-44.29213	2.572043	17.68241	0.353182	0.704694	1.0794	1.86272	9.417465
7940	-7292.187	-7232.914	-59.27239	2.487342	15.37039	0.345253	0.698509	1.07848	1.87776	10.37096
7950	-7296.915	-7235.463	-61.45261	1.945696	15.35494	0.286705	0.649112	1.06857	1.99561	10.51303
7960	-7298.614	-7240.148	-58.46674	2.132296	15.03745	0.308571	0.668383	1.07297	1.95007	10.31696
7970	-7285.285	-7233.266	-52.01863	2.466013	16.40214	0.343211	0.696898	1.07823	1.88166	9.901482
7980	-7304.723	-7230.382	-74.34082	2.250555	14.92033	0.321455	0.679261	1.07516	1.92413	11.37907
7990	-7295.241	-7229.779	-65.46211	2.955455	16.83383	0.385786	0.729031	1.08229	1.8029	10.6895
8000	-7285.992	-7222.015	-63.97717	2.293752	13.97195	0.325988	0.683009	1.07586	1.91514	10.66652
8010	-7287.537	-7219.746	-67.79111	2.06333	14.31322	0.300719	0.661583	1.0715	1.9662	10.94534
8020	-7302.411	-7234.534	-67.87729	1.771994	17.06872	0.264451	0.628349	1.06308	2.04412	10.81185
8030	-7287.004	-7221.659	-65.34453	1.86465	15.24191	0.276564	0.639803	1.0662	2.01743	10.76978
8040	-7288.634	-7224.541	-64.09345	1.988115	15.44037	0.291852	0.653744	1.06969	1.98471	10.68265
8050	-7281.143	-7216.893	-64.25003	2.201403	13.40075	0.316186	0.674853	1.0743	1.93466	10.64858
8060	-7282.299	-7225.617	-56.68232	2.454459	17.15681	0.342096	0.696015	1.07809	1.8838	10.1511
8070	-7295.626	-7246.076	-49.55061	2.28773	14.61245	0.325361	0.682494	1.07577	1.91638	9.696787
8080	-7279.743	-7225.451	-54.29201	2.497699	17.46444	0.346238	0.699283	1.0786	1.87588	9.995739
8090	-7297.564	-7248.182	-49.38209	2.13159	17.04725	0.308492	0.668315	1.07296	1.95023	9.728892
8100	-7288.003	-7223.508	-64.49569	2.28252	14.53956	0.324818	0.682046	1.07568	1.91745	10.71892
8110	-7285.833	-7230.394	-55.43871	2.091847	16.64452	0.303997	0.664438	1.07213	1.95944	10.10175
8120	-7297.095	-7232.368	-64.72621	2.155921	15.17012	0.311203	0.670632	1.07344	1.94472	10.73083
8130	-7277.013	-7215.559	-61.45364	2.001643	15.53823	0.293471	0.655188	1.07003	1.98131	10.50968
8140	-7294.11	-7224.708	-69.40146	1.911464	14.26856	0.282472	0.645256	1.06761	2.00466	11.05782
8150	-7290.932	-7211.631	-79.30095	1.918635	12.96599	0.283365	0.646073	1.06781	2.00275	11.76361
8160	-7292.058	-7223.163	-68.8953	1.745314	14.21061	0.260854	0.624876	1.06208	2.05219	11.022
8170	-7282.774	-7218.092	-64.68259	1.953108	16.24731	0.287612	0.649933	1.06877	1.99368	10.68321
8180	-7297.723	-7228.774	-68.94952	2.046679	14.15692	0.298784	0.659887	1.07111	1.97021	11.02534
8190	-7275.711	-7224.782	-50.92923	2.042088	16.75648	0.298248	0.659416	1.07101	1.97133	9.828218
8200	-7274.382	-7221.924	-52.45859	2.022	16.66245	0.295887	0.657333	1.07053	1.97625	9.922219
8210	-7287.907	-7222.52	-65.38722	1.824127	14.04132	0.271337	0.634906	1.06489	2.02886	10.77005
8220	-7295.01	-7228.979	-66.0313	2.640729	15.08421	0.359405	0.709473	1.08006	1.85106	10.81899
8230	-7265.549	-7208.873	-56.67589	2.213745	14.39429	0.317521	0.675975	1.07452	1.93198	10.17354
8240	-7292.1	-7231.403	-60.69711	1.862379	14.45582	0.276274	0.639533	1.06613	2.01806	10.45507
8250	-7268.432	-7216.107	-52.32443	2.192497	15.24735	0.315219	0.674038	1.07414	1.93661	9.915708
8260	-7265.396	-7207.555	-57.84121	2.219343	17.31787	0.318123	0.67648	1.07462	1.93078	10.20862
8270	-7284.66	-7223.207	-61.45322	2.027045	13.70297	0.296482	0.657859	1.07065	1.97501	10.46724
8280	-7291.907	-7228.734	-63.17358	2.22016	14.7912	0.318211	0.676554	1.07463	1.9306	10.63055
8290	-7298.616	-7221.593	-77.02302	2.099465	12.48692	0.304866	0.66519	1.07229	1.95765	11.55476
8300	-7291.744	-7227.992	-63.75247	2.32089	14.00203	0.32879	0.685307	1.07628	1.90963	10.65186
8310	-7300.571	-7235.805	-64.76578	1.780421	17.08863	0.265576	0.629429	1.06338	2.04161	10.62792
8320	-7280.192	-7221.736	-58.45588	2.522365	12.7001	0.348567	0.701107	1.07888	1.87145	10.11008
8330	-7300.826	-7236.261	-64.56506	2.532244	13.73065	0.349492	0.701829	1.07898	1.86969	10.69603
8340	-7291.385	-7229.022	-62.36266	2.102413	15.02541	0.305201	0.66548	1.07235	1.95697	10.57609
8350	-7300.9	-7231.154	-69.74651	2.269803	14.86634	0.323486	0.680945	1.07548	1.92009	11.07282
8360	-7294.098	-7237.975	-56.12295	2.321223	13.66758	0.328824	0.685335	1.07628	1.90956	10.0744
8370	-7308.572	-7242.335	-66.23662	2.242263	15.6427	0.320575	0.678528	1.07502	1.92588	10.81289
8380	-7274.481	-7215.571	-58.91008	2.31475	14.4816	0.328159	0.684791	1.07618	1.91087	10.33251
8390	-7292.548	-7237.37	-55.17757	2.238445	14.43008	0.320168	0.678189	1.07495	1.92669	10.07169
8400	-7291.074	-7238.376	-52.69782	2.378764	15.35686	0.334653	0.690065	1.07711	1.89817	9.942916
8410	-7284.027	-7231.304	-52.72263	2.055507	17.0441	0.299812	0.660789	1.07132	1.96808	9.924975
8420	-7285.938	-7221.846	-64.09222	1.8459	15.86198	0.274159	0.637558	1.06561	2.02267	10.66675
8430	-7277.597	-7216.21	-61.38665	2.136045	16.71456	0.308991	0.668742	1.07305	1.94922	10.45489
8440	-7291.243	-7230.669	-60.57446	1.949272	15.99176	0.287143	0.649509	1.06867	1.99468	10.44062
8450	-7281.779	-7222.532	-59.24617	2.068121	15.56436	0.301273	0.662067	1.0716	1.96506	10.36725
8460	-7287.419	-7235.057	-52.36207	2.096976	15.51998	0.304582	0.664945	1.07224	1.95824	9.924286
8470	-7266.277	-7220.868	-45.40885	2.259247	17.15034	0.322374	0.680024	1.0753	1.9223	9.494137
8480	-7287.406	-7225.359	-62.04683	1.677359	16.17777	0.251467	0.615642	1.05934	2.07355	10.52438
8490	-7280.349	-7232.992	-47.35674	2.170823	16.69749	0.312847	0.672031	1.07373	1.94139	9.615687
8500	-7287.267	-7234.159	-53.10755	2.215514	16.91732	0.317711	0.676135	1.07455	1.9316	9.952551
8510	-7327.963	-7258.351	-69.61148	1.996404	14.59429	0.292845	0.654631	1.0699	1.98262	11.06995
8520	-7328.533	-7259.071	-69.46175	2.293148	15.27494	0.325925	0.682958	1.07585	1.91527	11.03842
8530	-7312.824	-7247.318	-65.50548	2.116375	17.73158	0.306782	0.666844	1.07265	1.95373	10.61237
8540	-7301.682	-7231.097	-70.58518	1.969256	14.7283	0.289577	0.651704	1.0692	1.98952	11.13344
8550	-7299.303	-7232.302	-67.00063	2.016324	16.07278	0.295216	0.656738	1.07039	1.97765	10.83742
8560	-7293.439	-7229.5	-63.93942	2.417116	15.71034	0.338455	0.693118	1.07762	1.89081	10.66347
8570	-7284.55	-7218.976	-65.57338	1.882068	13.51214	0.278779	0.641857	1.06674	2.01263	10.75571
8580	-7301.129	-7233.392	-67.73658	2.172232	14.16457	0.313002	0.672162	1.07376	1.94108	10.93979
8590	-7279.574	-7222.74	-56.8332	1.980499	15.65881	0.290936	0.652924	1.06949	1.98665	10.21162
8600	-7303.704	-7232.611	-71.09339	2.065282	16.72748	0.300945	0.661781	1.07154	1.96573	11.03438
8610	-7315.139	-7247.936	-67.20325	1.954968	14.30713	0.287839	0.650138	1.06882	1.9932	10.9042
8620	-7301.662	-7231.284	-70.37819	2.184217	13.46743	0.314316	0.673275	1.07398	1.93843	11.10923
8630	-7286.561	-7226.181	-60.38002	2.336601	14.90956	0.330397	0.686617	1.07651	1.90647	10.44327
8640	-7301.157	-7231.148	-70.00896	1.951552	16.77465	0.287422	0.649761	1.06873	1.99409	10.96517
8650	-7308.13	-7243.78	-64.35019	1.90137	13.41773	0.28121	0.644098	1.06731	2.00738	10.65751
8660	-7294.112	-7239.318	-54.79356	2.175607	15.16945	0.313373	0.672476	1.07382	1.94033	10.07606
8670	-7288.504	-7228.688	-59.81612	2.283041	12.40627	0.324872	0.68209	1.07569	1.91735	10.16013
8680	-7292.704	-7234.813	-57.8912	2.025258	17.35187	0.296271	0.657673	1.07061	1.97545	10.20931
8690	-7288.767	-7234.762	-54.0046	2.186062	15.19767	0.314517	0.673445	1.07402	1.93802	10.02476
8700	-7284.734	-7225.858	-58.87561	1.795876	13.73125	0.267628	0.63139	1.06393	2.03705	10.28172
8710	-7275.896	-7220.738	-55.15837	2.307986	15.9641	0.327462	0.68422	1.07608	1.91224	10.10233
8720	-7278.982	-7225.009	-53.97349	1.682628	16.18001	0.252207	0.616378	1.05956	2.07185	10.0253
8730	-7276.068	-7224.329	-51.73908	1.945094	16.31033	0.286631	0.649045	1.06855	1.99577	9.885796
8740	-7285.148	-7230.417	-54.73094	1.993364	14.40752	0.292481	0.654306	1.06982	1.98339	10.03929
8750	-7306.551	-7237.476	-69.07469	1.851635	12.14045	0.274897	0.638249	1.06579	2.02106	10.86236
8760	-7298.392	-7243.771	-54.62089	1.945488	14.93272	0.28668	0.649089	1.06856	1.99567	10.05782
8770	-7295.587	-7234.918	-60.66848	2.059531	17.58466	0.300279	0.661198	1.07141	1.96711	10.35146
8780	-7284.363	-7229.689	-54.67429	2.763323	14.42671	0.370081	0.717521	1.08107	1.83133	10.03659
8790	-7289.701	-7238.003	-51.69829	2.370445	15.77361	0.333819	0.689393	1.077	1.89979	9.884867
8800	-7283.505	-7228.921	-54.58458	2.326181	14.53859	0.329332	0.68575	1.07636	1.90856	10.0372
8810	-7293.163	-7228.898	-64.26544	2.159115	16.58458	0.311556	0.670933	1.0735	1.94401	10.63619
8820	-7295.468	-7226.408	-69.06028	2.066613	17.35507	0.301099	0.661915	1.07157	1.96542	10.85266
8830	-7307.917	-7247.983	-59.93428	1.957133	17.14112	0.288103	0.650377	1.06888	1.99264	10.3417
8840	-7299.58	-7236.357	-63.22267	2.285585	16.90111	0.325138	0.682309	1.07573	1.91682	10.55164
8850	-7291.005	-7227.834	-63.17098	2.118086	15.98472	0.306975	0.667011	1.07268	1.95333	10.60331
8860	-7287.645	-7225.253	-62.39207	1.761749	14.99164	0.263076	0.627025	1.0627	2.0472	10.57817
8870	-7298.404	-7235.56	-62.84454	1.954864	15.88713	0.287827	0.650127	1.06882	1.99323	10.58707
8880	-7317.064	-7239.849	-77.2141	1.854595	14.99784	0.275277	0.638604	1.06589	2.02023	11.56643
8890	-7284.581	-7222.661	-61.91977	2.259264	14.73128	0.322376	0.680026	1.0753	1.92229	10.54512
8900	-7295.61	-7241.657	-53.9529	2.050166	16.42645	0.29919	0.660244	1.0712	1.96937	10.0188
8910	-7289.573	-7231.183	-58.38916	2.309966	15.50461	0.327666	0.684387	1.07611	1.91183	10.31276
8920	-7283.236	-7225.983	-57.25293	1.908324	16.09196	0.28208	0.644897	1.06752	2.00551	10.23045
8930	-7298.199	-7241.47	-56.72891	2.048293	16.5558	0.298972	0.660053	1.07115	1.96982	10.18292
8940	-7301.38	-7237.344	-64.03677	2.395781	14.72313	0.336348	0.691429	1.07734	1.89488	10.68881
8950	-7281.983	-7228.515	-53.46789	2.113143	14.91369	0.306417	0.66653	1.07258	1.95447	9.979835
8960	-7285.044	-7213.944	-71.09943	2.013259	15.30946	0.294852	0.656416	1.07032	1.97841	11.14379
8970	-7290.057	-7231.358	-58.69862	2.318074	16.03859	0.328501	0.68507	1.07624	1.91019	10.32195
8980	-7299.522	-7237.441	-62.08115	1.907536	14.98222	0.281982	0.644807	1.06749	2.00572	10.55744
8990	-7275.344	-7218.83	-56.51387	2.260426	14.47029	0.322499	0.680128	1.07532	1.92205	10.16645
9000	-7294.691	-7236.196	-58.49508	2.404814	14.21243	0.337242	0.692147	1.07746	1.89315	10.29025
9010	-7298.59	-7240.947	-57.6423	2.049035	14.5119	0.299059	0.660129	1.07117	1.96964	10.24634
9020	-7296.084	-7231.623	-64.46124	2.076009	15.69394	0.302182	0.66286	1.07178	1.96318	10.69736
9030	-7304.971	-7236.965	-68.00631	2.118387	13.30844	0.307009	0.66704	1.07269	1.95326	10.92245
9040	-7306.335	-7238.379	-67.95605	1.784186	14.19124	0.266078	0.629909	1.06352	2.0405	10.95566
9050	-7313.409	-7242.713	-70.69685	2.138417	13.45448	0.309256	0.668969	1.0731	1.94868	11.13229
9060	-7311.643	-7241.566	-70.07709	2.361903	14.90237	0.33296	0.688698	1.07688	1.90147	11.0939
9070	-7287.183	-7230.186	-56.99719	2.056208	14.90134	0.299893	0.660861	1.07133	1.96791	10.21617
9080	-7266.638	-7209.588	-57.04976	2.175774	16.35666	0.313391	0.672492	1.07382	1.94029	10.20983
9090	-7302.645	-7237.965	-64.67911	2.221551	14.66611	0.318361	0.676679	1.07466	1.9303	10.73234
9100	-7295.389	-7228.649	-66.74078	2.112264	15.35154	0.306317	0.666444	1.07256	1.95468	10.85756
9110	-7296.42	-7239.149	-57.27101	2.006029	15.35079	0.293993	0.655653	1.07014	1.98021	10.24069
9120	-7297.96	-7235.947	-62.0135	2.420041	12.87906	0.338742	0.693347	1.07766	1.89025	10.41798
9130	-7306.79	-7240.318	-66.47168	2.304306	14.46799	0.327082	0.683908	1.07602	1.91299	10.8546
9140	-7286.806	-7229.691	-57.11453	2.075456	15.07523	0.302119	0.662805	1.07177	1.96331	10.22771
9150	-7283.581	-7224.388	-59.1927	1.948784	14.51957	0.287083	0.649455	1.06865	1.99481	10.35347
9160	-7322.891	-7252.23	-70.66076	2.075672	15.48362	0.302143	0.662827	1.07177	1.96326	11.10548
9170	-7309.92	-7245.268	-64.65219	1.89212	13.32281	0.280048	0.643029	1.06704	2.00988	10.67174
9180	-7276.224	-7213.71	-62.51461	2.149014	14.72321	0.310436	0.669978	1.07331	1.94628	10.58542
9190	-7263.778	-7202.373	-61.40479	1.910124	16.73194	0.282305	0.645103	1.06757	2.00502	10.4549
9200	-7286.317	-7221.372	-64.94458	2.069434	13.43613	0.301425	0.6622	1.07163	1.96474	10.7033
9210	-7286.13	-7218.33	-67.80058	2.079812	12.95366	0.302619	0.663241	1.07186	1.96228	10.87536
9220	-7281.135	-7227.265	-53.86953	2.145033	17.26273	0.309994	0.6696	1.07323	1.94718	9.982054
9230	-7297.301	-7242.118	-55.18318	1.825838	15.36917	0.27156	0.635116	1.06495	2.02837	10.1049
9240	-7275.849	-7224.794	-51.05508	2.309493	15.21612	0.327617	0.684347	1.0761	1.91193	9.831355
9250	-7309.081	-7246.189	-62.892	2.2195	14.97383	0.31814	0.676494	1.07462	1.93074	10.61159
9260	-7288.478	-7230.608	-57.86967	1.870183	15.27692	0.27727	0.640459	1.06637	2.0159	10.27953
9270	-7282.472	-7220.405	-62.06648	2.13081	14.37692	0.308405	0.66824	1.07294	1.95041	10.5475
9280	-7279.182	-7238.681	-40.50111	1.890019	16.5437	0.279783	0.642785	1.06698	2.01046	9.20249
9290	-7301.01	-7250.103	-50.90709	1.930446	15.40905	0.284828	0.647408	1.06815	1.99962	9.827798
9300	-7291.756	-7236.953	-54.80264	1.924868	16.5562	0.284138	0.646779	1.06799	2.00109	10.06655
9310	-7279.55	-7220.651	-58.89843	2.121367	15.59034	0.307344	0.667329	1.07275	1.95258	10.34456
9320	-7288.765	-7237.549	-51.21533	2.122955	16.12236	0.307523	0.667482	1.07278	1.95221	9.855145
9330	-7288.378	-7222.616	-65.76193	2.071194	15.52005	0.301628	0.662377	1.07167	1.96432	10.78768
9340	-7280.711	-7215.46	-65.25088	2.098252	13.89306	0.304728	0.665071	1.07226	1.95794	10.75429
9350	-7290.649	-7230.93	-59.71966	2.228827	13.62716	0.319141	0.677332	1.07479	1.92874	10.33382
9360	-7288.219	-7231.778	-56.44149	1.93222	17.34055	0.285047	0.647607	1.0682	1.99915	10.12644
9370	-7269.381	-7216.742	-52.63898	1.994885	16.92991	0.292663	0.654469	1.06986	1.98301	9.924399
9380	-7265.479	-7216.338	-49.1413	1.916789	16.51842	0.283135	0.645863	1.06776	2.00324	9.725038
9390	-7267.464	-7224.088	-43.37646	2.210569	15.79479	0.317178	0.675687	1.07446	1.93267	9.358149
9400	-7265.378	-7223.149	-42.22875	2.384837	18.4696	0.335259	0.690554	1.07719	1.89699	9.275519
9410	-7273.047	-7219.11	-53.93722	2.241466	15.09311	0.32049	0.678458	1.075	1.92605	10.01748
9420	-7266.768	-7210.095	-56.67306	2.212402	13.99289	0.317376	0.675853	1.0745	1.93227	10.1455
9430	-7303.515	-7237.479	-66.03587	1.94298	12.52676	0.286372	0.64881	1.0685	1.99632	10.68122
9440	-7281.547	-7228.665	-52.88209	2.340074	16.03518	0.33075	0.686905	1.07656	1.90578	9.959317
9450	-7303.014	-7243.17	-59.84449	2.178042	13.97712	0.31364	0.672702	1.07387	1.93979	10.37109
9460	-7309.734	-7238.755	-70.97899	1.968091	13.30898	0.289436	0.651577	1.06917	1.98982	11.14585
9470	-7288.175	-7218.028	-70.14753	2.219334	19.03528	0.318122	0.676479	1.07462	1.93078	10.71578
9480	-7274.222	-7216.151	-58.07087	2.371876	16.17915	0.333963	0.689509	1.07702	1.89951	10.27857
9490	-7303.555	-7242.702	-60.85362	2.164727	14.55328	0.312176	0.67146	1.07361	1.94275	10.4688
9500	-7287.708	-7235.226	-52.48209	2.251559	14.74319	0.321561	0.679349	1.07518	1.92391	9.905131
9510	-7279.275	-7223.409	-55.86545	2.113897	15.96987	0.306502	0.666603	1.07259	1.9543	10.14653
9520	-7294.321	-7231.807	-62.51463	2.251823	16.01089	0.321589	0.679373	1.07518	1.92386	10.56111
9530	-7307.311	-7250.963	-56.34744	2.605709	18.47853	0.356255	0.707062	1.07973	1.85695	10.03921
9540	-7305.65	-7233.702	-71.94815	2.683391	12.44318	0.363182	0.712341	1.08043	1.84404	11.14284
9550	-7268.319	-7209.592	-58.72719	1.866171	13.82538	0.276759	0.639984	1.06625	2.01701	10.27918
9560	-7293.442	-7232.438	-61.00351	2.02048	14.97911	0.295707	0.657174	1.07049	1.97663	10.4855
9570	-7278.264	-7224.007	-54.2568	2.200327	15.15563	0.31607	0.674755	1.07428	1.9349	10.04033
9580	-7273.156	-7227.18	-45.97636	2.357977	17.2304	0.332564	0.688378	1.07682	1.90224	9.525548
9590	-7294.101	-7228.109	-65.99199	2.10706	15.81907	0.305728	0.665936	1.07245	1.95588	10.78875
9600	-7279.813	-7217.796	-62.01697	1.938429	17.10575	0.285812	0.648302	1.06837	1.99752	10.46581
9610	-7283.505	-7229.041	-54.46376	2.217216	17.56812	0.317895	0.676288	1.07458	1.93123	9.999588
9620	-7296.749	-7241.035	-55.71381	1.87	14.93381	0.277247	0.640437	1.06637	2.01595	10.13105
9630	-7294.408	-7235.761	-58.64746	1.906328	14.1464	0.281831	0.644668	1.06746	2.00604	10.29698
9640	-7290.014	-7229.961	-60.05211	1.987872	14.4845	0.291823	0.653718	1.06968	1.98478	10.41147
9650	-7292.863	-7241.01	-51.85309	1.584527	17.57853	0.23809	0.602047	1.05502	2.10484	9.850458
9660	-7296.961	-7238.517	-58.44396	2.105145	15.55055	0.305511	0.665748	1.07241	1.95633	10.31586
9670	-7310.227	-7251.286	-58.94047	2.20833	15.20142	0.316936	0.675484	1.07442	1.93316	10.34955
9680	-7307.147	-7244.617	-62.52961	1.99088	16.0778	0.292184	0.65404	1.06976	1.98402	10.55902
9690	-7302.763	-7229.366	-73.3971	2.107243	12.96297	0.305749	0.665954	1.07246	1.95584	11.30806
9700	-7311.662	-7244.297	-67.36448	2.181944	13.48179	0.314067	0.673064	1.07394	1.93893	10.88638
9710	-7296.172	-7230.41	-65.76197	2.411547	13.62839	0.337907	0.692679	1.07755	1.89186	10.7773
9720	-7306.594	-7236.512	-70.08107	1.770478	14.0225	0.264248	0.628154	1.06302	2.04458	11.10411
9730	-7289.034	-7241.376	-47.65848	2.341419	17.8567	0.330887	0.687016	1.07658	1.90551	9.600549
9740	-7280.739	-7216.164	-64.57498	1.995079	13.54377	0.292687	0.654489	1.06987	1.98296	10.68421
9750	-7287.536	-7234.636	-52.90036	2.216531	13.9419	0.317821	0.676226	1.07457	1.93138	9.870582
9760	-7329.777	-7252.581	-77.19564	2.207462	15.45833	0.316842	0.675405	1.07441	1.93334	11.52969
9770	-7284.777	-7227.566	-57.21114	1.767229	14.29094	0.263812	0.627735	1.0629	2.04555	10.20484
9780	-7290.868	-7221.736	-69.13212	1.948535	13.91061	0.287053	0.649427	1.06865	1.99487	11.03409
9790	-7265.271	-7209.143	-56.1281	2.208451	15.5191	0.316949	0.675495	1.07443	1.93313	10.16694
9800	-7303.864	-7244.052	-59.81226	1.939669	13.3789	0.285965	0.648441	1.0684	1.99719	10.31496
9810	-7275.188	-7214.842	-60.34587	2.189406	17.68007	0.314882	0.673753	1.07408	1.93729	10.32555
9820	-7277.301	-7224.852	-52.44951	2.385432	17.45939	0.335318	0.690602	1.0772	1.89688	9.890491
9830	-7291.945	-7238.487	-53.45809	2.476425	16.34435	0.34421	0.697687	1.07835	1.87975	9.990502
9840	-7289.352	-7240.974	-48.37783	2.335676	16.38602	0.330302	0.686541	1.0765	1.90666	9.67957
9850	-7264.707	-7216.33	-48.37637	2.348822	16.81924	0.331638	0.687627	1.07669	1.90405	9.674801
9860	-7264.922	-7214.663	-50.25927	2.408188	17.31774	0.337576	0.692414	1.07751	1.8925	9.770817
9870	-7294.577	-7229.626	-64.95073	2.274885	12.79396	0.324019	0.681386	1.07556	1.91904	10.63475
9880	-7297.046	-7235.121	-61.92495	1.935857	12.86063	0.285496	0.648015	1.0683	1.99819	10.40838
9890	-7300.655	-7247.006	-53.64981	2.258742	16.95381	0.322321	0.67998	1.0753	1.9224	9.983145
9900	-7297.868	-7238.234	-59.63408	1.99656	16.32522	0.292864	0.654647	1.0699	1.98259	10.3692
9910	-7284.704	-7225.55	-59.15328	2.261097	13.72667	0.322569	0.680186	1.07533	1.92191	10.30154
9920	-7295.992	-7238.745	-57.24672	2.218828	17.27003	0.318068	0.676434	1.07461	1.93089	10.17724
9930	-7304.684	-7236.356	-68.32818	1.831935	13.22791	0.272352	0.635863	1.06515	2.02663	10.94062
9940	-7294.384	-7230.609	-63.77477	2.206196	13.87711	0.316705	0.67529	1.07439	1.93362	10.64718
9950	-7300.302	-7234.371	-65.93128	1.98174	13.23528	0.291085	0.653058	1.06953	1.98633	10.76009
9960	-7277.547	-7221.732	-55.81478	1.776996	14.46804	0.265119	0.628991	1.06326	2.04263	10.11801
9970	-7270.982	-7217.055	-53.9271	2.33397	14.1586	0.330128	0.686399	1.07647	1.907	9.96435
9980	-7285.321	-7225.16	-60.16101	2.069442	15.81392	0.301426	0.662201	1.07163	1.96474	10.42029
9990	-7276.784	-7215.348	-61.43583	1.99656	15.76571	0.292864	0.654647	1.0699	1.98259	10.50244
10000	-7280.729	-7222.249	-58.48088	1.953408	16.98099	0.287649	0.649966	1.06878	1.99361	10.26653
